{"id": "e24d534e-96fb-4e87-a345-4aedf2ec4b67", "timestamp": "2025-03-14T00:15:57.883938", "action": "login_failed", "user_id": "admin@admin.com", "resource": null, "details": {"reason": "user_not_found"}, "severity": "info", "ip_address": "Unknown", "success": true}
{"id": "82de1572-c770-4110-b23d-6a344fc628bb", "timestamp": "2025-03-14T00:15:57.933016", "action": "login_failed", "user_id": null, "resource": {"username": "admin@admin.com", "reason": "Invalid username or password"}, "details": {}, "severity": "info", "ip_address": "Unknown", "success": true}
{"id": "2e145690-0e93-49fe-a06c-c887d49da1dd", "timestamp": "2025-03-14T11:19:42.160526", "action": "login_success", "user_id": "admin@admin.com", "resource": null, "details": {"session_id": "430c7705-beed-4113-bec8-645fd72f9fd6"}, "severity": "info", "ip_address": "Unknown", "success": true}
{"id": "dc22b8c8-46f7-4dff-b2c7-c483c3a3ac09", "timestamp": "2025-03-14T11:19:42.167596", "action": "login_success", "user_id": null, "resource": {"username": "admin@admin.com"}, "details": {}, "severity": "info", "ip_address": "Unknown", "success": true}
{"id": "aaf21515-feb8-4ddf-8886-618cf9c24ed7", "timestamp": "2025-03-14T11:43:38.285154", "action": "login_success", "user_id": "admin@admin.com", "resource": null, "details": {"session_id": "6ce8993a-942d-41a6-8aaa-d7f6664674d5"}, "severity": "info", "ip_address": "Unknown", "success": true}
{"id": "0eb45a3e-a517-48a2-b55f-c17b9efd16a2", "timestamp": "2025-03-14T11:43:38.290152", "action": "login_success", "user_id": null, "resource": {"username": "admin@admin.com"}, "details": {}, "severity": "info", "ip_address": "Unknown", "success": true}
{"id": "2124e46c-c90d-40d9-aa34-731cabb9c5a8", "timestamp": "2025-03-14T11:43:59.963461", "action": "logout", "user_id": "admin@admin.com", "resource": null, "details": {"method": "manual"}, "severity": "info", "ip_address": "Unknown", "success": true}
{"id": "20147676-ae4f-4370-a505-2b69e31f64a9", "timestamp": "2025-03-14T11:44:00.043475", "action": "login_success", "user_id": "admin@admin.com", "resource": null, "details": {"session_id": "0af53478-948f-49d6-adde-d36171f38309"}, "severity": "info", "ip_address": "Unknown", "success": true}
{"id": "f911d1b6-8691-43c8-b7c0-2229ce302349", "timestamp": "2025-03-14T11:44:00.056552", "action": "login_success", "user_id": null, "resource": {"username": "admin@admin.com"}, "details": {}, "severity": "info", "ip_address": "Unknown", "success": true}
{"id": "d8f0d43c-42f0-4b34-99a0-3a4445bfaba6", "timestamp": "2025-03-14T12:11:52.089145", "action": "login_success", "user_id": "admin@admin.com", "resource": null, "details": {"session_id": "9f758f3e-d2c7-427c-a0c6-5b00d693ef87"}, "severity": "info", "ip_address": "Unknown", "success": true}
{"id": "ecde3cec-bcad-426b-bf84-52423ce4baf3", "timestamp": "2025-03-14T12:11:52.093621", "action": "login_success", "user_id": null, "resource": {"username": "admin@admin.com"}, "details": {}, "severity": "info", "ip_address": "Unknown", "success": true}
{"id": "05c6a5a0-3204-4961-b92d-d01d70cae4dc", "timestamp": "2025-03-14T12:18:02.686667", "action": "login_success", "user_id": "admin@admin.com", "resource": null, "details": {"session_id": "86293657-bbdc-4923-96c6-81eaffaf4565"}, "severity": "info", "ip_address": "Unknown", "success": true}
{"id": "0927608c-4b5d-4fc9-9082-94ebc83ec0c8", "timestamp": "2025-03-14T12:18:02.693802", "action": "login_success", "user_id": null, "resource": {"username": "admin@admin.com"}, "details": {}, "severity": "info", "ip_address": "Unknown", "success": true}
{"id": "ca48b2d9-bdf4-429f-8034-9132e04b120c", "timestamp": "2025-03-14T12:20:40.406351", "action": "logout", "user_id": "admin@admin.com", "resource": null, "details": {"method": "manual"}, "severity": "info", "ip_address": "Unknown", "success": true}
{"id": "0196aa8d-1a79-4326-be76-42efccf2f03e", "timestamp": "2025-03-14T12:20:41.036205", "action": "login_success", "user_id": "admin@admin.com", "resource": null, "details": {"session_id": "fbdc7c6e-c205-4132-a405-6a6ca706c668"}, "severity": "info", "ip_address": "Unknown", "success": true}
{"id": "125d0047-5317-4452-945d-f82091002af8", "timestamp": "2025-03-14T12:20:41.042214", "action": "login_success", "user_id": null, "resource": {"username": "admin@admin.com"}, "details": {}, "severity": "info", "ip_address": "Unknown", "success": true}
{"id": "81392825-ce81-40bc-9b62-545df02e047a", "timestamp": "2025-03-14T12:35:45.148892", "action": "login_failed", "user_id": "admin@admin.com", "resource": null, "details": {"reason": "user_not_found"}, "severity": "info", "ip_address": "Unknown", "success": true}
{"id": "45dc9467-51af-4c84-bfc5-74dce2a45450", "timestamp": "2025-03-14T12:35:45.201131", "action": "login_failed", "user_id": null, "resource": {"username": "admin@admin.com", "reason": "Invalid username or password"}, "details": {}, "severity": "info", "ip_address": "Unknown", "success": true}
{"id": "68b0574c-bae0-43cc-9a3e-5d35fa75e037", "timestamp": "2025-03-14T12:38:49.729779", "action": "login_failed", "user_id": "admin@admin.com", "resource": null, "details": {"reason": "invalid_password"}, "severity": "info", "ip_address": "Unknown", "success": true}
{"id": "4989a2d9-da64-4d52-8f9e-f396fce7b0be", "timestamp": "2025-03-14T12:38:49.758724", "action": "login_failed", "user_id": null, "resource": {"username": "admin@admin.com", "reason": "Invalid username or password"}, "details": {}, "severity": "info", "ip_address": "Unknown", "success": true}
{"id": "84a38a5c-2cc5-4784-9a5b-8bc48823e882", "timestamp": "2025-03-14T12:39:06.780938", "action": "login_failed", "user_id": "admin@admin.com", "resource": null, "details": {"reason": "invalid_password"}, "severity": "info", "ip_address": "Unknown", "success": true}
{"id": "21c10172-757a-4384-abfd-b96019449ba7", "timestamp": "2025-03-14T12:39:06.799006", "action": "login_failed", "user_id": null, "resource": {"username": "admin@admin.com", "reason": "Invalid username or password"}, "details": {}, "severity": "info", "ip_address": "Unknown", "success": true}
{"id": "61a1594d-9e06-4f3b-bb52-8db80d6bf03a", "timestamp": "2025-03-14T12:39:09.442835", "action": "login_failed", "user_id": "admin@admin.com", "resource": null, "details": {"reason": "invalid_password"}, "severity": "info", "ip_address": "Unknown", "success": true}
{"id": "245b4cf8-c2bd-42e2-be3a-8a4614b6b028", "timestamp": "2025-03-14T12:39:09.455396", "action": "login_failed", "user_id": null, "resource": {"username": "admin@admin.com", "reason": "Invalid username or password"}, "details": {}, "severity": "info", "ip_address": "Unknown", "success": true}
{"id": "a9793e3c-4e80-49fd-bfba-f44b4bd589c8", "timestamp": "2025-03-14T12:39:18.713230", "action": "login_success", "user_id": "admin@admin.com", "resource": null, "details": {"session_id": "5c8bfd4c-9fb9-4fb4-a749-1c0faffdd0d2"}, "severity": "info", "ip_address": "Unknown", "success": true}
{"id": "ee7ace1f-4810-41cd-aff8-499aec80cecf", "timestamp": "2025-03-14T12:39:18.718235", "action": "login_success", "user_id": null, "resource": {"username": "admin@admin.com"}, "details": {}, "severity": "info", "ip_address": "Unknown", "success": true}
{"id": "017501a8-ef54-48b4-9ba7-464583818cff", "timestamp": "2025-03-14T12:42:00.052499", "action": "login_success", "user_id": "admin@admin.com", "resource": null, "details": {"session_id": "3adb9260-3533-4d37-990e-9ff3bfa056e0"}, "severity": "info", "ip_address": "Unknown", "success": true}
{"id": "9720d2da-fb14-4e03-b341-286bd7ec939f", "timestamp": "2025-03-14T12:42:00.065506", "action": "login_success", "user_id": null, "resource": {"username": "admin@admin.com"}, "details": {}, "severity": "info", "ip_address": "Unknown", "success": true}
{"id": "72933ce2-5bc9-4c9a-a2e2-8b4dd0919c43", "timestamp": "2025-03-14T12:44:01.022520", "action": "login_success", "user_id": "admin@admin.com", "resource": null, "details": {"session_id": "f9523bef-6e2c-4fd0-84d4-6d61c8fd3e9a"}, "severity": "info", "ip_address": "Unknown", "success": true}
{"id": "00892a18-2059-45b4-9145-282ee401d985", "timestamp": "2025-03-14T12:44:01.024966", "action": "login_success", "user_id": null, "resource": {"username": "admin@admin.com"}, "details": {}, "severity": "info", "ip_address": "Unknown", "success": true}
{"id": "9155e807-0a32-443c-8926-0d0899279a6d", "timestamp": "2025-03-14T12:46:43.267230", "action": "login_failed", "user_id": "admin@admin.com", "resource": null, "details": {"reason": "invalid_password"}, "severity": "info", "ip_address": "Unknown", "success": true}
{"id": "9006fb78-761a-4f01-bccb-b986455909e3", "timestamp": "2025-03-14T12:46:43.282229", "action": "login_failed", "user_id": null, "resource": {"username": "admin@admin.com", "reason": "Invalid username or password"}, "details": {}, "severity": "info", "ip_address": "Unknown", "success": true}
{"id": "cf1717df-35b8-45b9-87ab-f3f53ef97dbc", "timestamp": "2025-03-14T12:47:00.811146", "action": "login_success", "user_id": "admin@admin.com", "resource": null, "details": {"session_id": "04ddb7c4-d285-4258-8789-aec54c3f98a3"}, "severity": "info", "ip_address": "Unknown", "success": true}
{"id": "d4bb9c73-0077-4a78-a0c2-58731f11861b", "timestamp": "2025-03-14T12:47:00.817160", "action": "login_success", "user_id": null, "resource": {"username": "admin@admin.com"}, "details": {}, "severity": "info", "ip_address": "Unknown", "success": true}
{"id": "f9ff043a-3b90-4bb3-8741-edab42dd600e", "timestamp": "2025-03-14T12:50:19.864898", "action": "login_success", "user_id": "admin@admin.com", "resource": null, "details": {"session_id": "1ab94830-3877-4c58-b821-067d1b8c5d0b"}, "severity": "info", "ip_address": "Unknown", "success": true}
{"id": "c5a26020-e891-40d3-a009-e4d37dc99409", "timestamp": "2025-03-14T12:50:19.869896", "action": "login_success", "user_id": null, "resource": {"username": "admin@admin.com"}, "details": {}, "severity": "info", "ip_address": "Unknown", "success": true}
{"id": "d5dfeb23-11cd-4b11-856c-ac74d6d8824d", "timestamp": "2025-03-14T12:56:22.983771", "action": "login_success", "user_id": "admin@admin.com", "resource": null, "details": {"session_id": "db1f0171-9b3f-44b2-9f4e-a55f1c5a7369"}, "severity": "info", "ip_address": "Unknown", "success": true}
{"id": "9a475cbd-145d-49ab-9c3e-3a71657e1beb", "timestamp": "2025-03-14T12:56:22.989816", "action": "login_success", "user_id": null, "resource": {"username": "admin@admin.com"}, "details": {}, "severity": "info", "ip_address": "Unknown", "success": true}
{"id": "edb078de-23af-4c0f-92cd-be39b1374d88", "timestamp": "2025-03-14T12:56:54.558023", "action": "logout", "user_id": "admin@admin.com", "resource": null, "details": {"method": "manual"}, "severity": "info", "ip_address": "Unknown", "success": true}
{"id": "14a09bd2-bd50-45f0-ba56-808851320714", "timestamp": "2025-03-14T12:56:54.611208", "action": "login_success", "user_id": "admin@admin.com", "resource": null, "details": {"session_id": "1fc40c93-e069-42e5-a057-a925207545ae"}, "severity": "info", "ip_address": "Unknown", "success": true}
{"id": "f4ce2726-90ea-4d3f-86c5-5db96c2634e6", "timestamp": "2025-03-14T12:56:54.617206", "action": "login_success", "user_id": null, "resource": {"username": "admin@admin.com"}, "details": {}, "severity": "info", "ip_address": "Unknown", "success": true}
{"id": "c0e5b31d-542d-4807-96d4-5a5d024d6c05", "timestamp": "2025-03-14T13:20:47.332004", "action": "login_success", "user_id": "admin@admin.com", "resource": null, "details": {"session_id": "c7d02ae4-ce66-4156-ac36-48e538ed9933"}, "severity": "info", "ip_address": "Unknown", "success": true}
{"id": "2d32982a-e235-4c01-b5cc-373b6e3b9182", "timestamp": "2025-03-14T13:20:47.341236", "action": "login_success", "user_id": null, "resource": {"username": "admin@admin.com"}, "details": {}, "severity": "info", "ip_address": "Unknown", "success": true}
{"id": "d5f4dc70-06b1-4422-9e32-abc3cdd89fcb", "timestamp": "2025-03-14T13:32:38.681169", "action": "login_success", "user_id": "admin@admin.com", "resource": null, "details": {"session_id": "899c084f-1e7d-4ee9-b91d-d6b54fee4499"}, "severity": "info", "ip_address": "Unknown", "success": true}
{"id": "86de5dfa-88db-4801-99d4-a282ac61ac78", "timestamp": "2025-03-14T13:32:38.688204", "action": "login_success", "user_id": null, "resource": {"username": "admin@admin.com"}, "details": {}, "severity": "info", "ip_address": "Unknown", "success": true}
{"id": "d5d81077-fe5b-4750-945e-6a4b46f6df62", "timestamp": "2025-03-14T13:43:09.111684", "action": "login_success", "user_id": "admin@admin.com", "resource": null, "details": {"session_id": "9a1773d6-723f-47cb-88fd-3dc447ff5d91"}, "severity": "info", "ip_address": "Unknown", "success": true}
{"id": "1381aad6-0810-4734-a0b5-e0f6609cc5ef", "timestamp": "2025-03-14T13:43:09.119718", "action": "login_success", "user_id": null, "resource": {"username": "admin@admin.com"}, "details": {}, "severity": "info", "ip_address": "Unknown", "success": true}
{"id": "2a9cbb66-0fde-4906-b08f-125214aacb4f", "timestamp": "2025-03-14T13:46:33.938426", "action": "login_success", "user_id": "admin@admin.com", "resource": null, "details": {"session_id": "09e0e01f-303d-448c-82ed-c02ee3838282"}, "severity": "info", "ip_address": "Unknown", "success": true}
{"id": "5c778a04-9031-4827-bad4-714db917a270", "timestamp": "2025-03-14T13:46:33.945455", "action": "login_success", "user_id": null, "resource": {"username": "admin@admin.com"}, "details": {}, "severity": "info", "ip_address": "Unknown", "success": true}
{"id": "c36a6850-efc9-4fb5-b761-21d02c6f27fc", "timestamp": "2025-03-14T13:51:19.216908", "action": "login_success", "user_id": "admin@admin.com", "resource": null, "details": {"session_id": "d2d1ec17-4999-42c8-acd9-0a69e2ed5184"}, "severity": "info", "ip_address": "Unknown", "success": true}
{"id": "8e2c1b19-0f17-4f9b-a7d5-9f8bfb02a5e6", "timestamp": "2025-03-14T13:51:19.225454", "action": "login_success", "user_id": null, "resource": {"username": "admin@admin.com"}, "details": {}, "severity": "info", "ip_address": "Unknown", "success": true}
{"id": "4b40e0bf-68fa-4a70-9db8-f0b04ee243f1", "timestamp": "2025-03-14T13:53:52.430849", "action": "login_success", "user_id": "admin@admin.com", "resource": null, "details": {"session_id": "eb58993b-d702-4500-b2f4-b4ff9b67fd15"}, "severity": "info", "ip_address": "Unknown", "success": true}
{"id": "d03d8a71-f11a-4221-9cc8-35945c9450e2", "timestamp": "2025-03-14T13:53:52.436848", "action": "login_success", "user_id": null, "resource": {"username": "admin@admin.com"}, "details": {}, "severity": "info", "ip_address": "Unknown", "success": true}
{"id": "9639252a-1865-4bac-a539-10ab8c976167", "timestamp": "2025-03-14T14:08:22.657372", "action": "login_success", "user_id": "admin@admin.com", "resource": null, "details": {"session_id": "e80b31be-30d8-4a55-a24e-a1ce05322b6f"}, "severity": "info", "ip_address": "Unknown", "success": true}
{"id": "a38e3102-596e-4514-aea2-27c779c879da", "timestamp": "2025-03-14T14:08:22.661380", "action": "login_success", "user_id": null, "resource": {"username": "admin@admin.com"}, "details": {}, "severity": "info", "ip_address": "Unknown", "success": true}
{"id": "ac61b7f1-c9e2-43d4-851e-c3d9eb07de2a", "timestamp": "2025-03-14T14:13:36.119793", "action": "login_success", "user_id": "admin@admin.com", "resource": null, "details": {"session_id": "361056bb-77d9-4462-8842-b1a5dfca7f7e"}, "severity": "info", "ip_address": "Unknown", "success": true}
{"id": "f85464d8-379b-494c-90fb-3d0deb2c94e1", "timestamp": "2025-03-14T14:13:36.125796", "action": "login_success", "user_id": null, "resource": {"username": "admin@admin.com"}, "details": {}, "severity": "info", "ip_address": "Unknown", "success": true}
{"id": "2cf840d5-1859-4359-bf21-a8f6ffc5bbc1", "timestamp": "2025-03-14T14:15:16.021009", "action": "login_success", "user_id": "admin@admin.com", "resource": null, "details": {"session_id": "99750138-76db-4c17-a3ec-347f4ac788d2"}, "severity": "info", "ip_address": "Unknown", "success": true}
{"id": "dc9c6134-4eff-4523-baea-5bce6bc7389c", "timestamp": "2025-03-14T14:15:16.029016", "action": "login_success", "user_id": null, "resource": {"username": "admin@admin.com"}, "details": {}, "severity": "info", "ip_address": "Unknown", "success": true}
{"id": "1e8b682f-0d50-43b0-b767-1022e8af7496", "timestamp": "2025-03-14T17:04:28.514544", "action": "login_success", "user_id": "admin@admin.com", "resource": null, "details": {"session_id": "1466c996-622f-4eae-902f-462bc690a4af"}, "severity": "info", "ip_address": "Unknown", "success": true}
{"id": "def1e49e-dd1d-4605-8188-25d6542e7182", "timestamp": "2025-03-14T17:04:28.518545", "action": "login_success", "user_id": null, "resource": {"username": "admin@admin.com"}, "details": {}, "severity": "info", "ip_address": "Unknown", "success": true}
{"id": "75817a0f-771d-4d25-8d2d-09e581ff0a2f", "timestamp": "2025-03-14T17:26:00.915549", "action": "login_failed", "user_id": "admin@admin.com", "resource": null, "details": {"reason": "invalid_password"}, "severity": "info", "ip_address": "Unknown", "success": true}
{"id": "55a89126-57e3-42e0-a8f6-220b923dfca5", "timestamp": "2025-03-14T17:26:00.931649", "action": "login_failed", "user_id": null, "resource": {"username": "admin@admin.com", "reason": "Invalid username or password"}, "details": {}, "severity": "info", "ip_address": "Unknown", "success": true}
{"id": "745dd3d5-55d6-4820-bf98-027eccd4159b", "timestamp": "2025-03-14T17:26:10.640117", "action": "login_success", "user_id": "admin@admin.com", "resource": null, "details": {"session_id": "abafee64-404e-4a14-bb3e-8780dd180d7d"}, "severity": "info", "ip_address": "Unknown", "success": true}
{"id": "f0f1b72b-ea5d-4ed7-81e3-6e6dd6324a7b", "timestamp": "2025-03-14T17:26:10.647166", "action": "login_success", "user_id": null, "resource": {"username": "admin@admin.com"}, "details": {}, "severity": "info", "ip_address": "Unknown", "success": true}
{"id": "49cc7be5-ca3f-4d90-8ab1-785ee52ee567", "timestamp": "2025-03-14T17:39:47.952231", "action": "login_failed", "user_id": "admin@admin.com", "resource": null, "details": {"reason": "invalid_password"}, "severity": "info", "ip_address": "Unknown", "success": true}
{"id": "f463e180-dfd1-4b78-a888-ef4b7df21bf3", "timestamp": "2025-03-14T17:39:47.967377", "action": "login_failed", "user_id": null, "resource": {"username": "admin@admin.com", "reason": "Invalid username or password"}, "details": {}, "severity": "info", "ip_address": "Unknown", "success": true}
{"id": "9691af04-a348-458d-83a8-a39bea4bddcf", "timestamp": "2025-03-14T17:40:03.736850", "action": "login_failed", "user_id": "admin@admin.com", "resource": null, "details": {"reason": "invalid_password"}, "severity": "info", "ip_address": "Unknown", "success": true}
{"id": "d1187e32-2690-4baf-8261-daafb8c87686", "timestamp": "2025-03-14T17:40:03.751370", "action": "login_failed", "user_id": null, "resource": {"username": "admin@admin.com", "reason": "Invalid username or password"}, "details": {}, "severity": "info", "ip_address": "Unknown", "success": true}
{"id": "0eeaf571-9482-490c-bd65-a2ad0215813d", "timestamp": "2025-03-14T17:40:20.479718", "action": "login_success", "user_id": "admin@admin.com", "resource": null, "details": {"session_id": "031eed5c-c525-4c61-87d1-c1aeb7f05ce8"}, "severity": "info", "ip_address": "Unknown", "success": true}
{"id": "b5ae57e3-700c-497b-857a-8528b15cdf1c", "timestamp": "2025-03-14T17:40:20.487234", "action": "login_success", "user_id": null, "resource": {"username": "admin@admin.com"}, "details": {}, "severity": "info", "ip_address": "Unknown", "success": true}
{"id": "0592444c-fd2a-49dc-afff-6409c7dc9f99", "timestamp": "2025-03-14T17:58:22.394507", "action": "login_success", "user_id": "admin@admin.com", "resource": null, "details": {"session_id": "dc3c104a-e949-4449-a6a3-978293b0651a"}, "severity": "info", "ip_address": "Unknown", "success": true}
{"id": "1d1ca272-02ad-415c-ad13-c8df790f6946", "timestamp": "2025-03-14T17:58:22.398397", "action": "login_success", "user_id": null, "resource": {"username": "admin@admin.com"}, "details": {}, "severity": "info", "ip_address": "Unknown", "success": true}
{"id": "7c9c8bfa-2470-459a-839c-397131bf6e2f", "timestamp": "2025-03-14T18:01:30.460435", "action": "login_success", "user_id": "admin@admin.com", "resource": null, "details": {"session_id": "52f8c2a9-aed7-4ae3-be6a-2d520cccbd48"}, "severity": "info", "ip_address": "Unknown", "success": true}
{"id": "1c85fd70-13e4-4e5d-a0cc-c3bb8032ad89", "timestamp": "2025-03-14T18:01:30.466436", "action": "login_success", "user_id": null, "resource": {"username": "admin@admin.com"}, "details": {}, "severity": "info", "ip_address": "Unknown", "success": true}
{"id": "689ec5af-d14b-4195-8c17-3024cff6dadf", "timestamp": "2025-03-14T18:06:53.896969", "action": "login_success", "user_id": "admin@admin.com", "resource": null, "details": {"session_id": "cd9b730b-c21a-4773-9ebe-6d702a64d9a4"}, "severity": "info", "ip_address": "Unknown", "success": true}
{"id": "0e110432-547a-4d88-bafb-444c62d6109e", "timestamp": "2025-03-14T18:06:53.902990", "action": "login_success", "user_id": null, "resource": {"username": "admin@admin.com"}, "details": {}, "severity": "info", "ip_address": "Unknown", "success": true}
{"id": "f6e03876-73dc-4e88-8b96-857aac248f59", "timestamp": "2025-03-14T18:09:57.122403", "action": "login_failed", "user_id": "admin@admin.com", "resource": null, "details": {"reason": "invalid_password"}, "severity": "info", "ip_address": "Unknown", "success": true}
{"id": "47c10839-a5a7-4873-9c3a-a2f28d81abe5", "timestamp": "2025-03-14T18:09:57.142304", "action": "login_failed", "user_id": null, "resource": {"username": "admin@admin.com", "reason": "Invalid username or password"}, "details": {}, "severity": "info", "ip_address": "Unknown", "success": true}
{"id": "a707bd43-8f8f-49f6-a75d-e9877102a111", "timestamp": "2025-03-14T18:10:08.570060", "action": "login_success", "user_id": "admin@admin.com", "resource": null, "details": {"session_id": "af6271cf-e71d-4a47-b0e5-f4b1359d0821"}, "severity": "info", "ip_address": "Unknown", "success": true}
{"id": "481ab6a1-f0d1-4bd1-9eea-b198136e06ae", "timestamp": "2025-03-14T18:10:08.576060", "action": "login_success", "user_id": null, "resource": {"username": "admin@admin.com"}, "details": {}, "severity": "info", "ip_address": "Unknown", "success": true}
{"id": "a82c446e-9117-4f6a-95f9-dc1314c05275", "timestamp": "2025-03-14T18:26:13.353880", "action": "login_success", "user_id": "admin@admin.com", "resource": null, "details": {"session_id": "2336447b-637d-484c-94c6-c369d4fb76f3"}, "severity": "info", "ip_address": "Unknown", "success": true}
{"id": "5cd7d441-3818-4a26-b0c9-6cc29faed5cd", "timestamp": "2025-03-14T18:26:13.356880", "action": "login_success", "user_id": null, "resource": {"username": "admin@admin.com"}, "details": {}, "severity": "info", "ip_address": "Unknown", "success": true}
{"id": "ad2e27ee-3e6d-40ee-bc5a-464394bb8f7f", "timestamp": "2025-03-14T19:04:36.060476", "action": "login_success", "user_id": "admin@admin.com", "resource": null, "details": {"session_id": "7a4eb062-cde3-40dd-bffd-cd2251b651d3"}, "severity": "info", "ip_address": "Unknown", "success": true}
{"id": "ca4dfb4e-1ea9-450e-89eb-56b94bf26b8a", "timestamp": "2025-03-14T19:04:36.071471", "action": "login_success", "user_id": null, "resource": {"username": "admin@admin.com"}, "details": {}, "severity": "info", "ip_address": "Unknown", "success": true}
{"id": "84fe2349-96e7-4e7a-8294-f8779fb9dc93", "timestamp": "2025-03-14T19:08:06.681233", "action": "login_failed", "user_id": "admin@admin.com", "resource": null, "details": {"reason": "invalid_password"}, "severity": "info", "ip_address": "Unknown", "success": true}
{"id": "fa4b6887-6921-42e3-8768-3cf7efec4133", "timestamp": "2025-03-14T19:08:06.699190", "action": "login_failed", "user_id": null, "resource": {"username": "admin@admin.com", "reason": "Invalid username or password"}, "details": {}, "severity": "info", "ip_address": "Unknown", "success": true}
{"id": "35a392c9-3c88-46ad-a792-5e76fda71c88", "timestamp": "2025-03-14T19:08:18.033483", "action": "login_success", "user_id": "admin@admin.com", "resource": null, "details": {"session_id": "6ae67c94-f352-42a2-ab27-0dc6cedc07de"}, "severity": "info", "ip_address": "Unknown", "success": true}
{"id": "2f364a1a-4f77-4c34-af6e-8512d3c44a26", "timestamp": "2025-03-14T19:08:18.039481", "action": "login_success", "user_id": null, "resource": {"username": "admin@admin.com"}, "details": {}, "severity": "info", "ip_address": "Unknown", "success": true}
{"id": "79b0e3a9-0c2b-4b6a-9e01-19e9ff7da196", "timestamp": "2025-03-14T19:11:27.424964", "action": "login_success", "user_id": "admin@admin.com", "resource": null, "details": {"session_id": "fed887fd-ef75-4c9e-8a46-ec563f11e5dc"}, "severity": "info", "ip_address": "Unknown", "success": true}
{"id": "4fa305e9-9c83-45cd-8f26-b258d17f129f", "timestamp": "2025-03-14T19:11:27.438441", "action": "login_success", "user_id": null, "resource": {"username": "admin@admin.com"}, "details": {}, "severity": "info", "ip_address": "Unknown", "success": true}
{"id": "f7c35fa9-8b16-4306-9beb-dfcf25579b02", "timestamp": "2025-03-14T19:15:04.826862", "action": "login_failed", "user_id": "admin@admin.com", "resource": null, "details": {"reason": "invalid_password"}, "severity": "info", "ip_address": "Unknown", "success": true}
{"id": "12768f11-fdc5-4a50-bada-774354630623", "timestamp": "2025-03-14T19:15:04.844380", "action": "login_failed", "user_id": null, "resource": {"username": "admin@admin.com", "reason": "Invalid username or password"}, "details": {}, "severity": "info", "ip_address": "Unknown", "success": true}
{"id": "78b415cd-42d4-42d4-baf3-c120ff9a1418", "timestamp": "2025-03-14T19:15:15.002630", "action": "login_success", "user_id": "admin@admin.com", "resource": null, "details": {"session_id": "80221e43-76ed-4f52-9128-2e61d7f3590f"}, "severity": "info", "ip_address": "Unknown", "success": true}
{"id": "54f0ca2c-c084-4cf5-8a60-e11bb47daa63", "timestamp": "2025-03-14T19:15:15.011629", "action": "login_success", "user_id": null, "resource": {"username": "admin@admin.com"}, "details": {}, "severity": "info", "ip_address": "Unknown", "success": true}
{"id": "c7883477-439b-497b-bb2e-df348fb56df3", "timestamp": "2025-03-14T19:18:09.991953", "action": "login_failed", "user_id": "admin@admin.com", "resource": null, "details": {"reason": "invalid_password"}, "severity": "info", "ip_address": "Unknown", "success": true}
{"id": "4abf383c-6d12-46fd-8479-db744a0b16ae", "timestamp": "2025-03-14T19:18:10.006374", "action": "login_failed", "user_id": null, "resource": {"username": "admin@admin.com", "reason": "Invalid username or password"}, "details": {}, "severity": "info", "ip_address": "Unknown", "success": true}
{"id": "5ffdbd6f-c9f0-4c5a-8a87-1569744049ef", "timestamp": "2025-03-14T19:18:19.815050", "action": "login_success", "user_id": "admin@admin.com", "resource": null, "details": {"session_id": "0c70d6be-a976-4fa9-a59b-f7b56d1f587f"}, "severity": "info", "ip_address": "Unknown", "success": true}
{"id": "4a944b49-b057-49c4-998a-74c7cfe56f57", "timestamp": "2025-03-14T19:18:19.826580", "action": "login_success", "user_id": null, "resource": {"username": "admin@admin.com"}, "details": {}, "severity": "info", "ip_address": "Unknown", "success": true}
{"id": "bcaf2bbd-41b9-4b3d-85ef-c5de7e624cc5", "timestamp": "2025-03-14T19:22:34.461644", "action": "login_success", "user_id": "admin@admin.com", "resource": null, "details": {"session_id": "f24736d8-4bcc-4b41-8963-a468e9c2e1a2"}, "severity": "info", "ip_address": "Unknown", "success": true}
{"id": "f9d3211d-6ba3-45c1-8a76-2df2e2b45373", "timestamp": "2025-03-14T19:22:34.471206", "action": "login_success", "user_id": null, "resource": {"username": "admin@admin.com"}, "details": {}, "severity": "info", "ip_address": "Unknown", "success": true}
{"id": "a34a0829-81a7-465a-a3c5-7ad713c9444e", "timestamp": "2025-03-14T19:46:04.643104", "action": "login_success", "user_id": "admin@admin.com", "resource": null, "details": {"session_id": "06247cb4-d475-41e8-8d44-393ce6d0f028"}, "severity": "info", "ip_address": "Unknown", "success": true}
{"id": "3648bb4e-b8de-4fbf-a7e4-fc9667b8648b", "timestamp": "2025-03-14T19:46:04.648140", "action": "login_success", "user_id": null, "resource": {"username": "admin@admin.com"}, "details": {}, "severity": "info", "ip_address": "Unknown", "success": true}
{"id": "ab7cd710-72fc-45a6-8973-8515f3b77dd7", "timestamp": "2025-03-14T19:54:46.468187", "action": "login_success", "user_id": "admin@admin.com", "resource": null, "details": {"session_id": "75b352fb-da13-4925-adf0-598b7408c42d"}, "severity": "info", "ip_address": "Unknown", "success": true}
{"id": "cf434e75-41c6-4794-a791-1cd7bf90279d", "timestamp": "2025-03-14T19:54:46.475210", "action": "login_success", "user_id": null, "resource": {"username": "admin@admin.com"}, "details": {}, "severity": "info", "ip_address": "Unknown", "success": true}
{"id": "7ccb79a8-1c06-4437-8993-b37fa416c2d9", "timestamp": "2025-03-14T19:59:50.357592", "action": "login_success", "user_id": "admin@admin.com", "resource": null, "details": {"session_id": "4a4db3fd-3ea2-41b4-a6fc-d67ac6b17cb5"}, "severity": "info", "ip_address": "Unknown", "success": true}
{"id": "782dd443-3e06-444d-9997-d2613f80422a", "timestamp": "2025-03-14T19:59:50.363588", "action": "login_success", "user_id": null, "resource": {"username": "admin@admin.com"}, "details": {}, "severity": "info", "ip_address": "Unknown", "success": true}
{"id": "b3e1b2ca-ebf4-4e1b-aa37-5549cbc1684f", "timestamp": "2025-03-14T20:05:40.949975", "action": "login_success", "user_id": "admin@admin.com", "resource": null, "details": {"session_id": "e081235a-f426-4182-b983-9c04c31ba9d7"}, "severity": "info", "ip_address": "Unknown", "success": true}
{"id": "60c81304-d300-44d7-ae07-32d04a3afc52", "timestamp": "2025-03-14T20:05:40.954971", "action": "login_success", "user_id": null, "resource": {"username": "admin@admin.com"}, "details": {}, "severity": "info", "ip_address": "Unknown", "success": true}
{"id": "ae2545f9-0085-43f4-8c4d-8c3ede5f23ef", "timestamp": "2025-03-14T20:28:02.747228", "action": "login_success", "user_id": "admin@admin.com", "resource": null, "details": {"session_id": "ee2b3891-08fa-4721-93bc-93909a8b7d99"}, "severity": "info", "ip_address": "Unknown", "success": true}
{"id": "58a8a819-5347-41d7-a9d0-b6a9fe2c2b59", "timestamp": "2025-03-14T20:28:02.751230", "action": "login_success", "user_id": null, "resource": {"username": "admin@admin.com"}, "details": {}, "severity": "info", "ip_address": "Unknown", "success": true}
{"id": "032c9021-47b0-4448-ac4b-c6bfa996e8f0", "timestamp": "2025-03-14T23:41:27.340448", "action": "login_success", "user_id": "admin@admin.com", "resource": null, "details": {"session_id": "a22507aa-f9e4-407f-9f3a-1f1d92672cb8"}, "severity": "info", "ip_address": "Unknown", "success": true}
{"id": "4b1f09fc-bc96-4026-8675-5c89952f7e5a", "timestamp": "2025-03-14T23:41:27.344463", "action": "login_success", "user_id": null, "resource": {"username": "admin@admin.com"}, "details": {}, "severity": "info", "ip_address": "Unknown", "success": true}
{"id": "9159ef74-35f6-46ff-90de-ecea4a8a16ba", "timestamp": "2025-03-14T23:44:00.109941", "action": "login_success", "user_id": "admin@admin.com", "resource": null, "details": {"session_id": "a7f7b9e7-66f3-4561-a344-f70c53ffeeba"}, "severity": "info", "ip_address": "Unknown", "success": true}
{"id": "2186341b-0942-410c-8569-525efa61f8aa", "timestamp": "2025-03-14T23:44:00.118948", "action": "login_success", "user_id": null, "resource": {"username": "admin@admin.com"}, "details": {}, "severity": "info", "ip_address": "Unknown", "success": true}
{"id": "bf64c213-8591-46b5-82bf-af17df2f7714", "timestamp": "2025-03-14T23:54:24.690866", "action": "login_success", "user_id": "admin@admin.com", "resource": null, "details": {"session_id": "4467a9c2-fb0d-4202-97ca-b171bb320433"}, "severity": "info", "ip_address": "Unknown", "success": true}
{"id": "e0c94590-f4ed-4d08-aaf4-68c2dd5c9b78", "timestamp": "2025-03-14T23:54:24.698869", "action": "login_success", "user_id": null, "resource": {"username": "admin@admin.com"}, "details": {}, "severity": "info", "ip_address": "Unknown", "success": true}
{"id": "7556d0c8-beea-4bfd-aad7-2740f55b7729", "timestamp": "2025-03-14T23:55:03.771438", "action": "user_created", "user_id": "sho", "resource": null, "details": {"email": "sho@example.com", "role": "user", "access_level": "pull"}, "severity": "info", "ip_address": "Unknown", "success": true}
{"id": "fed664c0-281c-4668-a445-85bbbe3641d7", "timestamp": "2025-03-14T23:56:33.508879", "action": "logout", "user_id": "admin@admin.com", "resource": null, "details": {"method": "manual"}, "severity": "info", "ip_address": "Unknown", "success": true}
{"id": "cf4b466b-05cb-47ea-b2bd-bb7aff6ea140", "timestamp": "2025-03-14T23:56:33.853652", "action": "login_success", "user_id": "admin@admin.com", "resource": null, "details": {"session_id": "395797a8-16c8-497c-919b-2c6a0f10e12c"}, "severity": "info", "ip_address": "Unknown", "success": true}
{"id": "4c6aac4a-f028-44b9-8763-ef6a825662ba", "timestamp": "2025-03-14T23:56:33.859653", "action": "login_success", "user_id": null, "resource": {"username": "admin@admin.com"}, "details": {}, "severity": "info", "ip_address": "Unknown", "success": true}
