{"id": "f457ab28-7693-4d65-beaf-ea43044f4f38", "timestamp": "2025-02-26T11:39:59.078243", "action": "login_success", "user_id": "admin@admin.com", "resource": null, "details": {"session_id": "68bbcb8c-2c36-40a3-a0e1-eed55ee5db34"}, "severity": "info", "ip_address": "Unknown", "success": true}
{"id": "3e6fe2de-e503-4c2b-acab-c16e7bde4938", "timestamp": "2025-02-26T12:13:12.402770", "action": "login_success", "user_id": "admin@admin.com", "resource": null, "details": {"session_id": "9bcf83c8-5cf1-474f-9a9c-1d57a9439c4e"}, "severity": "info", "ip_address": "Unknown", "success": true}
{"id": "cfccf460-ae4e-493f-8ee6-633af68d26b3", "timestamp": "2025-02-26T12:15:15.345555", "action": "login_success", "user_id": "admin@admin.com", "resource": null, "details": {"session_id": "71c8fd7e-edea-440a-9f26-8b06bcac401b"}, "severity": "info", "ip_address": "Unknown", "success": true}
{"id": "a67f813f-1bfb-4d3b-a335-39ff9fb742ad", "timestamp": "2025-02-26T12:15:15.354552", "action": "login_success", "user_id": null, "resource": {"username": "admin@admin.com"}, "details": {}, "severity": "info", "ip_address": "Unknown", "success": true}
{"id": "21c245b7-7a42-4949-9809-a27434a13d9d", "timestamp": "2025-02-26T12:24:07.678320", "action": "login_success", "user_id": "admin@admin.com", "resource": null, "details": {"session_id": "c1986d25-7ca6-4f98-9b06-51c80f296db4"}, "severity": "info", "ip_address": "Unknown", "success": true}
{"id": "09e78298-724b-4538-9aae-54070a76f167", "timestamp": "2025-02-26T12:24:07.698296", "action": "login_success", "user_id": null, "resource": {"username": "admin@admin.com"}, "details": {}, "severity": "info", "ip_address": "Unknown", "success": true}
{"id": "47bae9bd-71b2-4499-9d0b-aa0403b9dbf5", "timestamp": "2025-02-26T12:29:09.376658", "action": "login_success", "user_id": "admin@admin.com", "resource": null, "details": {"session_id": "4eb2be40-df85-4cdf-9e9f-3f4a7965ef4c"}, "severity": "info", "ip_address": "Unknown", "success": true}
{"id": "dc8b7827-dfd3-41e3-b291-3df29f72acb4", "timestamp": "2025-02-26T12:29:09.387670", "action": "login_success", "user_id": null, "resource": {"username": "admin@admin.com"}, "details": {}, "severity": "info", "ip_address": "Unknown", "success": true}
{"id": "006b390a-c674-4cf8-9d70-ee6fac9481c1", "timestamp": "2025-02-26T12:34:37.007148", "action": "login_success", "user_id": "admin@admin.com", "resource": null, "details": {"session_id": "6bc0cf7f-f8de-45c5-bdc7-ee1298bee8d5"}, "severity": "info", "ip_address": "Unknown", "success": true}
{"id": "ae7fdbd8-addc-4356-8b9c-bb1ed026f8e0", "timestamp": "2025-02-26T12:34:37.022142", "action": "login_success", "user_id": null, "resource": {"username": "admin@admin.com"}, "details": {}, "severity": "info", "ip_address": "Unknown", "success": true}
{"id": "7cb3cf9d-8e9e-4c92-bac8-10f844de5861", "timestamp": "2025-02-26T12:38:29.682968", "action": "login_success", "user_id": "admin@admin.com", "resource": null, "details": {"session_id": "16100ec5-c0d6-4130-ba56-53aba18ab767"}, "severity": "info", "ip_address": "Unknown", "success": true}
{"id": "dde1a273-ab2f-472d-8b3d-f3e60dfd2001", "timestamp": "2025-02-26T12:38:29.694959", "action": "login_success", "user_id": null, "resource": {"username": "admin@admin.com"}, "details": {}, "severity": "info", "ip_address": "Unknown", "success": true}
{"id": "35d86f90-f688-4899-8fba-f2ed327f6561", "timestamp": "2025-02-26T12:40:51.957706", "action": "login_success", "user_id": "admin@admin.com", "resource": null, "details": {"session_id": "300fc857-1596-4883-abcb-f1bb56149441"}, "severity": "info", "ip_address": "Unknown", "success": true}
{"id": "4e868c46-15d8-45bc-95ca-c16d673023e1", "timestamp": "2025-02-26T12:40:51.964686", "action": "login_success", "user_id": null, "resource": {"username": "admin@admin.com"}, "details": {}, "severity": "info", "ip_address": "Unknown", "success": true}
{"id": "69ef9065-37bb-49b6-8ab6-eb5c61c08b08", "timestamp": "2025-02-26T12:44:59.081318", "action": "login_success", "user_id": "admin@admin.com", "resource": null, "details": {"session_id": "a0564d0b-e4b5-40d6-bc66-458a9bcaf8ef"}, "severity": "info", "ip_address": "Unknown", "success": true}
{"id": "d60afeb8-c6d5-427a-bd15-67873e767194", "timestamp": "2025-02-26T12:44:59.102314", "action": "login_success", "user_id": null, "resource": {"username": "admin@admin.com"}, "details": {}, "severity": "info", "ip_address": "Unknown", "success": true}
{"id": "b89a7847-2169-4d29-996e-bccec2649f74", "timestamp": "2025-02-26T12:52:04.985041", "action": "login_success", "user_id": "admin@admin.com", "resource": null, "details": {"session_id": "64afd669-aeb8-4d0c-a9af-87345ddf4e23"}, "severity": "info", "ip_address": "Unknown", "success": true}
{"id": "68a24ab9-5883-4b25-a400-f4a492c2b06e", "timestamp": "2025-02-26T12:52:05.003014", "action": "login_success", "user_id": null, "resource": {"username": "admin@admin.com"}, "details": {}, "severity": "info", "ip_address": "Unknown", "success": true}
{"id": "afe3f7a7-5dbf-4ef6-924f-1d7c27ca4b0b", "timestamp": "2025-02-26T12:58:02.701496", "action": "login_success", "user_id": "admin@admin.com", "resource": null, "details": {"session_id": "cc0c12c9-21a0-4f06-b85c-4c7a26f65f46"}, "severity": "info", "ip_address": "Unknown", "success": true}
{"id": "d49195f7-db03-4609-a183-55a2498dac7b", "timestamp": "2025-02-26T12:58:02.730022", "action": "login_success", "user_id": null, "resource": {"username": "admin@admin.com"}, "details": {}, "severity": "info", "ip_address": "Unknown", "success": true}
{"id": "64751bf0-2113-4087-8068-fd222e76f645", "timestamp": "2025-02-26T14:50:57.036782", "action": "login_success", "user_id": "admin@admin.com", "resource": null, "details": {"session_id": "1c5eb532-04a5-4bf5-9199-2a672dbb5872"}, "severity": "info", "ip_address": "Unknown", "success": true}
{"id": "25be41d6-4699-4941-ae56-dce659fc1273", "timestamp": "2025-02-26T14:50:57.048783", "action": "login_success", "user_id": null, "resource": {"username": "admin@admin.com"}, "details": {}, "severity": "info", "ip_address": "Unknown", "success": true}
{"id": "1893c25b-2f6d-4b5e-bcd3-7ec1fb3e12ad", "timestamp": "2025-02-26T14:55:57.579702", "action": "login_success", "user_id": "admin@admin.com", "resource": null, "details": {"session_id": "4067810d-5fbc-4ae2-9d92-ab3052f2404c"}, "severity": "info", "ip_address": "Unknown", "success": true}
{"id": "b50cfd78-816f-4c45-b666-f3e722839b5d", "timestamp": "2025-02-26T14:55:57.604143", "action": "login_success", "user_id": null, "resource": {"username": "admin@admin.com"}, "details": {}, "severity": "info", "ip_address": "Unknown", "success": true}
