{"id": "4a893a2c-0e17-4d09-b7f1-034819aafa8c", "timestamp": "2025-02-14T19:56:50.659940", "action": "login_success", "user_id": "admin@admin.com", "resource": null, "details": {"session_id": "90987317-cebd-4d3e-a801-85255762c547"}, "severity": "info", "ip_address": "Unknown", "success": true}
{"id": "61819fff-87fd-4b02-91c4-07ceb599846d", "timestamp": "2025-02-14T19:56:50.675827", "action": "login_success", "user_id": null, "resource": {"username": "admin@admin.com"}, "details": {}, "severity": "info", "ip_address": "Unknown", "success": true}
{"id": "f0f86976-c01f-4ee5-a405-b49f9293fcf0", "timestamp": "2025-02-14T21:24:50.865724", "action": "login_success", "user_id": "soham", "resource": null, "details": {"session_id": "c6e3edcb-186f-4218-8ff1-90c4a518895f"}, "severity": "info", "ip_address": "Unknown", "success": true}
{"id": "e0492fd8-9be1-4bf4-b453-fe01b680b6aa", "timestamp": "2025-02-14T21:24:50.882725", "action": "login_success", "user_id": null, "resource": {"username": "soham"}, "details": {}, "severity": "info", "ip_address": "Unknown", "success": true}
{"id": "1e63032e-f867-4a94-8551-1037cf8e2662", "timestamp": "2025-02-14T21:30:43.944929", "action": "login_success", "user_id": "admin@admin.com", "resource": null, "details": {"session_id": "3fafc974-30e9-4681-b4d3-f53155f646df"}, "severity": "info", "ip_address": "Unknown", "success": true}
{"id": "3c36cebf-0157-437a-a5d1-cef628279eed", "timestamp": "2025-02-14T21:30:43.958125", "action": "login_success", "user_id": null, "resource": {"username": "admin@admin.com"}, "details": {}, "severity": "info", "ip_address": "Unknown", "success": true}
{"id": "f74f9970-aa46-4df8-8201-dfeafa29e8c2", "timestamp": "2025-02-14T21:36:21.234141", "action": "login_success", "user_id": "admin@admin.com", "resource": null, "details": {"session_id": "ef8d3a9d-fac8-40fe-b24c-ec71c65fac64"}, "severity": "info", "ip_address": "Unknown", "success": true}
{"id": "9a1c8884-d2e1-4614-8d9e-ed5cc47fa2ad", "timestamp": "2025-02-14T21:36:21.251688", "action": "login_success", "user_id": null, "resource": {"username": "admin@admin.com"}, "details": {}, "severity": "info", "ip_address": "Unknown", "success": true}
{"id": "dc4caaee-037e-4982-9047-816619036078", "timestamp": "2025-02-14T21:37:41.155086", "action": "login_success", "user_id": "admin@admin.com", "resource": null, "details": {"session_id": "3749f505-32aa-4eee-bfa9-25effe779279"}, "severity": "info", "ip_address": "Unknown", "success": true}
{"id": "c1ab5f9f-e88d-45c8-b5f6-4ac2df38de65", "timestamp": "2025-02-14T21:37:41.169719", "action": "login_success", "user_id": null, "resource": {"username": "admin@admin.com"}, "details": {}, "severity": "info", "ip_address": "Unknown", "success": true}
{"id": "063a451d-a71f-4a0a-8ef8-6eeed78b63c5", "timestamp": "2025-02-14T21:41:51.592839", "action": "login_success", "user_id": "admin@admin.com", "resource": null, "details": {"session_id": "547f6db0-c388-4512-b6fb-d120cc78e9d8"}, "severity": "info", "ip_address": "Unknown", "success": true}
{"id": "8f6e0f75-2b0b-494f-95cc-77beb3e5543e", "timestamp": "2025-02-14T21:41:51.604650", "action": "login_success", "user_id": null, "resource": {"username": "admin@admin.com"}, "details": {}, "severity": "info", "ip_address": "Unknown", "success": true}
{"id": "5784fb40-4895-42b9-b01f-9e597b132a47", "timestamp": "2025-02-14T21:45:22.427062", "action": "login_success", "user_id": "admin@admin.com", "resource": null, "details": {"session_id": "435a1a82-3210-4f48-9d56-8d4492b13448"}, "severity": "info", "ip_address": "Unknown", "success": true}
{"id": "0688eeda-8eec-4baf-8b5d-013f563ac500", "timestamp": "2025-02-14T21:45:22.445045", "action": "login_success", "user_id": null, "resource": {"username": "admin@admin.com"}, "details": {}, "severity": "info", "ip_address": "Unknown", "success": true}
{"id": "5dbb77ee-fe13-41a2-bc48-b550da48bad8", "timestamp": "2025-02-14T21:52:28.248254", "action": "login_success", "user_id": "admin@admin.com", "resource": null, "details": {"session_id": "214aa6c0-b088-41ad-99b4-7c4167cead01"}, "severity": "info", "ip_address": "Unknown", "success": true}
{"id": "dc5d6d8a-c0e3-4e40-8a31-ef66faaa7b3e", "timestamp": "2025-02-14T21:52:28.260859", "action": "login_success", "user_id": null, "resource": {"username": "admin@admin.com"}, "details": {}, "severity": "info", "ip_address": "Unknown", "success": true}
{"id": "c605638b-e1b7-41c6-8f8f-c052ada1ae42", "timestamp": "2025-02-14T21:53:11.694784", "action": "login_success", "user_id": "soham", "resource": null, "details": {"session_id": "a334e21b-2016-48c5-bf9c-a8167cec76ff"}, "severity": "info", "ip_address": "Unknown", "success": true}
{"id": "42cf2bcd-2bd4-421d-8dc0-7f4eb5604eeb", "timestamp": "2025-02-14T21:53:11.707748", "action": "login_success", "user_id": null, "resource": {"username": "soham"}, "details": {}, "severity": "info", "ip_address": "Unknown", "success": true}
{"id": "d960f232-ebc7-4652-83d6-e8caadfc4910", "timestamp": "2025-02-14T22:03:58.726725", "action": "login_success", "user_id": "soham", "resource": null, "details": {"session_id": "dd877180-e6b7-4ae2-8fbd-ee1523144bbd"}, "severity": "info", "ip_address": "Unknown", "success": true}
{"id": "33e60ba7-8ede-46a3-a300-c0fa424246a3", "timestamp": "2025-02-14T22:03:58.742711", "action": "login_success", "user_id": null, "resource": {"username": "soham"}, "details": {}, "severity": "info", "ip_address": "Unknown", "success": true}
{"id": "43bf2923-a4a2-4396-8680-7536341b38d0", "timestamp": "2025-02-14T22:04:54.747713", "action": "login_success", "user_id": "admin@admin.com", "resource": null, "details": {"session_id": "82647c68-469e-4471-b240-46b8cf1ded8f"}, "severity": "info", "ip_address": "Unknown", "success": true}
{"id": "1339e37e-68dc-4357-a338-7f2257621208", "timestamp": "2025-02-14T22:04:54.764400", "action": "login_success", "user_id": null, "resource": {"username": "admin@admin.com"}, "details": {}, "severity": "info", "ip_address": "Unknown", "success": true}
{"id": "a0371422-5a54-42db-8456-89793d306fe1", "timestamp": "2025-02-14T22:08:21.763322", "action": "login_success", "user_id": "soham", "resource": null, "details": {"session_id": "fd2c193d-7e71-42ae-b35e-7be2680e6183"}, "severity": "info", "ip_address": "Unknown", "success": true}
{"id": "254dcaae-9d42-40b6-bc15-774bfdd38c37", "timestamp": "2025-02-14T22:08:21.779262", "action": "login_success", "user_id": null, "resource": {"username": "soham"}, "details": {}, "severity": "info", "ip_address": "Unknown", "success": true}
