{"id": "4d0ecd1c-348d-4ad2-8808-0b35145eafce", "timestamp": "2025-03-19T01:08:53.498801", "action": "login_success", "user_id": "admin@admin.com", "resource": null, "details": {"session_id": "5f1c7e52-03b4-430e-a4a5-c473fa2f596c"}, "severity": "info", "ip_address": "Unknown", "success": true}
{"id": "9262aef3-d382-4737-9e81-e5a40527d649", "timestamp": "2025-03-19T01:08:53.506800", "action": "login_success", "user_id": null, "resource": {"username": "admin@admin.com"}, "details": {}, "severity": "info", "ip_address": "Unknown", "success": true}
{"id": "b8a7d7b4-9c35-45f6-b175-f88cbafefdc6", "timestamp": "2025-03-19T01:12:40.457553", "action": "login_success", "user_id": "admin@admin.com", "resource": null, "details": {"session_id": "9350790e-9da9-44f6-a335-c27b4b91a0a8"}, "severity": "info", "ip_address": "Unknown", "success": true}
{"id": "30614a78-005f-4c96-a68c-c9f24025e0e0", "timestamp": "2025-03-19T01:12:40.464652", "action": "login_success", "user_id": null, "resource": {"username": "admin@admin.com"}, "details": {}, "severity": "info", "ip_address": "Unknown", "success": true}
{"id": "8044ce49-424d-4a7a-a300-93d89216e9f8", "timestamp": "2025-03-19T02:55:00.599104", "action": "login_success", "user_id": "admin@admin.com", "resource": null, "details": {"session_id": "198234ab-188f-44cb-a84a-a7a489e67eee"}, "severity": "info", "ip_address": "Unknown", "success": true}
{"id": "7942a8dc-f65e-4c1c-a42a-cf0c70102d99", "timestamp": "2025-03-19T02:55:00.605618", "action": "login_success", "user_id": null, "resource": {"username": "admin@admin.com"}, "details": {}, "severity": "info", "ip_address": "Unknown", "success": true}
{"id": "fd5cef69-f8a7-463a-bf7d-c71b10cc6efd", "timestamp": "2025-03-19T03:03:24.454648", "action": "login_success", "user_id": "admin@admin.com", "resource": null, "details": {"session_id": "55e9b95c-95ab-4ec2-bee1-8fe9e886de09"}, "severity": "info", "ip_address": "Unknown", "success": true}
{"id": "e6569311-0e82-4c1b-aec7-137b891e06d3", "timestamp": "2025-03-19T03:03:24.460917", "action": "login_success", "user_id": null, "resource": {"username": "admin@admin.com"}, "details": {}, "severity": "info", "ip_address": "Unknown", "success": true}
{"id": "955e8253-212f-441c-a256-314d26ec6fbc", "timestamp": "2025-03-19T03:06:59.947454", "action": "login_success", "user_id": "admin@admin.com", "resource": null, "details": {"session_id": "a5625030-4f84-4021-8f0a-dfc287926d0f"}, "severity": "info", "ip_address": "Unknown", "success": true}
{"id": "f73f1b72-42d5-42ed-8086-723496751ba0", "timestamp": "2025-03-19T03:06:59.954455", "action": "login_success", "user_id": null, "resource": {"username": "admin@admin.com"}, "details": {}, "severity": "info", "ip_address": "Unknown", "success": true}
{"id": "3084d10e-60fa-48b0-a403-74d5f1de1a5b", "timestamp": "2025-03-19T03:10:55.479995", "action": "login_success", "user_id": "admin@admin.com", "resource": null, "details": {"session_id": "43f85b3d-f195-48df-8f0d-c43f41fbe15f"}, "severity": "info", "ip_address": "Unknown", "success": true}
{"id": "b98b75c2-c60a-4eee-b760-cb272b64618f", "timestamp": "2025-03-19T03:10:55.485503", "action": "login_success", "user_id": null, "resource": {"username": "admin@admin.com"}, "details": {}, "severity": "info", "ip_address": "Unknown", "success": true}
{"id": "aede8530-5ad9-4168-a025-f80a072e8c42", "timestamp": "2025-03-19T03:17:17.803265", "action": "login_success", "user_id": "admin@admin.com", "resource": null, "details": {"session_id": "428c5e95-4f70-4c38-bd43-791602492322"}, "severity": "info", "ip_address": "Unknown", "success": true}
{"id": "93b2496f-d7c2-4e90-b1b9-246d5aeb76e7", "timestamp": "2025-03-19T03:17:17.808777", "action": "login_success", "user_id": null, "resource": {"username": "admin@admin.com"}, "details": {}, "severity": "info", "ip_address": "Unknown", "success": true}
{"id": "a54b3bdc-2231-400c-bd4a-48d3ee982acd", "timestamp": "2025-03-19T03:20:34.616565", "action": "login_success", "user_id": "admin@admin.com", "resource": null, "details": {"session_id": "c6556b68-a2ae-4b86-8608-b4b64eaf4e45"}, "severity": "info", "ip_address": "Unknown", "success": true}
{"id": "e050425d-3710-4a10-888e-b4f03ab890cd", "timestamp": "2025-03-19T03:20:34.622568", "action": "login_success", "user_id": null, "resource": {"username": "admin@admin.com"}, "details": {}, "severity": "info", "ip_address": "Unknown", "success": true}
{"id": "0456586a-010e-4120-bb54-435fd282f0ac", "timestamp": "2025-03-19T03:23:14.130866", "action": "login_success", "user_id": "admin@admin.com", "resource": null, "details": {"session_id": "16ba6e55-1a79-44f6-87a5-83a34a1cc8e0"}, "severity": "info", "ip_address": "Unknown", "success": true}
{"id": "6665c0bc-6fb6-4113-9643-3a9df511b4dc", "timestamp": "2025-03-19T03:23:14.135804", "action": "login_success", "user_id": null, "resource": {"username": "admin@admin.com"}, "details": {}, "severity": "info", "ip_address": "Unknown", "success": true}
{"id": "70c88967-b9bd-4512-bd1d-40dfbd195722", "timestamp": "2025-03-19T03:31:16.443333", "action": "login_success", "user_id": "admin@admin.com", "resource": null, "details": {"session_id": "bad54f54-9844-4db7-81ce-9f2c368b4dec"}, "severity": "info", "ip_address": "Unknown", "success": true}
{"id": "8db9d563-5970-4fc0-b9a0-ac67a997cc9d", "timestamp": "2025-03-19T03:31:16.450381", "action": "login_success", "user_id": null, "resource": {"username": "admin@admin.com"}, "details": {}, "severity": "info", "ip_address": "Unknown", "success": true}
{"id": "7025a0c8-0b6b-4649-a540-40b0d0423f62", "timestamp": "2025-03-19T03:37:18.553005", "action": "login_success", "user_id": "admin@admin.com", "resource": null, "details": {"session_id": "16a83d16-60f1-4c5e-aae3-bb82d5d606b4"}, "severity": "info", "ip_address": "Unknown", "success": true}
{"id": "eaffc501-4c99-4ae2-a8ab-5f14b2d567f7", "timestamp": "2025-03-19T03:37:18.558006", "action": "login_success", "user_id": null, "resource": {"username": "admin@admin.com"}, "details": {}, "severity": "info", "ip_address": "Unknown", "success": true}
{"id": "d8f81f3a-b32f-4db3-bc65-b36dcaab2c92", "timestamp": "2025-03-19T03:41:05.333089", "action": "login_success", "user_id": "admin@admin.com", "resource": null, "details": {"session_id": "05be6e22-71df-4008-9bcb-59e70d4e2b6b"}, "severity": "info", "ip_address": "Unknown", "success": true}
{"id": "86a1d079-7c85-4801-a7ba-b908bde142ff", "timestamp": "2025-03-19T03:41:05.340094", "action": "login_success", "user_id": null, "resource": {"username": "admin@admin.com"}, "details": {}, "severity": "info", "ip_address": "Unknown", "success": true}
{"id": "c60b5ff7-cd3f-4459-8fd8-cf7b3857e29b", "timestamp": "2025-03-19T03:45:28.761707", "action": "login_success", "user_id": "admin@admin.com", "resource": null, "details": {"session_id": "e43fc355-ece9-47a9-a92d-a830487d1169"}, "severity": "info", "ip_address": "Unknown", "success": true}
{"id": "8e15da50-7b7f-4373-b5e2-7bab83c78555", "timestamp": "2025-03-19T03:45:28.768705", "action": "login_success", "user_id": null, "resource": {"username": "admin@admin.com"}, "details": {}, "severity": "info", "ip_address": "Unknown", "success": true}
{"id": "7ea22761-640f-4f9b-94c5-1b7f3616b56b", "timestamp": "2025-03-19T03:48:43.192919", "action": "login_failed", "user_id": "admin@admin.com", "resource": null, "details": {"reason": "invalid_password"}, "severity": "info", "ip_address": "Unknown", "success": true}
{"id": "87570816-119d-4e17-84ae-68c4274dd87e", "timestamp": "2025-03-19T03:48:43.205955", "action": "login_failed", "user_id": null, "resource": {"username": "admin@admin.com", "reason": "Invalid username or password"}, "details": {}, "severity": "info", "ip_address": "Unknown", "success": true}
{"id": "50d4ac50-10d2-47e9-8fc1-dbd9c9134bad", "timestamp": "2025-03-19T03:48:52.720472", "action": "login_success", "user_id": "admin@admin.com", "resource": null, "details": {"session_id": "b8df765c-8d40-4c6d-a9da-93532d00e889"}, "severity": "info", "ip_address": "Unknown", "success": true}
{"id": "ac7a8e80-da81-4a34-8716-05bd32844031", "timestamp": "2025-03-19T03:48:52.726986", "action": "login_success", "user_id": null, "resource": {"username": "admin@admin.com"}, "details": {}, "severity": "info", "ip_address": "Unknown", "success": true}
{"id": "c05883fa-69b8-4489-9284-43dc43d3df7f", "timestamp": "2025-03-19T03:58:51.635381", "action": "login_success", "user_id": "admin@admin.com", "resource": null, "details": {"session_id": "32b46bd4-0a56-4a42-aeca-8a24bb6b3ff8"}, "severity": "info", "ip_address": "Unknown", "success": true}
{"id": "566d648f-049a-477d-aa22-e8e79cb2343a", "timestamp": "2025-03-19T03:58:51.639774", "action": "login_success", "user_id": null, "resource": {"username": "admin@admin.com"}, "details": {}, "severity": "info", "ip_address": "Unknown", "success": true}
{"id": "5db734d5-c980-4968-bf5a-379c82cccfbb", "timestamp": "2025-03-19T04:20:45.515540", "action": "login_success", "user_id": "admin@admin.com", "resource": null, "details": {"session_id": "1600a8a4-f5fd-43d8-bce6-9be0ac6b187c"}, "severity": "info", "ip_address": "Unknown", "success": true}
{"id": "0339e568-2292-41a9-8bfc-fbe7385da58b", "timestamp": "2025-03-19T04:20:45.519555", "action": "login_success", "user_id": null, "resource": {"username": "admin@admin.com"}, "details": {}, "severity": "info", "ip_address": "Unknown", "success": true}
{"id": "e192201b-1a5a-4979-a57e-bb1090bb15f8", "timestamp": "2025-03-19T16:57:39.911679", "action": "login_success", "user_id": "admin@admin.com", "resource": null, "details": {"session_id": "cf589e2c-5436-4f47-8368-9bd641485a41"}, "severity": "info", "ip_address": "Unknown", "success": true}
{"id": "9978803c-3ffa-4dfe-8f8b-9da4022fd51f", "timestamp": "2025-03-19T16:57:39.921352", "action": "login_success", "user_id": null, "resource": {"username": "admin@admin.com"}, "details": {}, "severity": "info", "ip_address": "Unknown", "success": true}
{"id": "d2d419c0-0db0-4edd-bbef-09b647aa3270", "timestamp": "2025-03-19T17:34:53.683179", "action": "login_success", "user_id": "admin@admin.com", "resource": null, "details": {"session_id": "b4e36192-1c95-4209-b4d4-aac55923ac15"}, "severity": "info", "ip_address": "Unknown", "success": true}
{"id": "d17dcad0-42f8-4d0e-b5ce-fac43b8dfa58", "timestamp": "2025-03-19T17:34:53.690461", "action": "login_success", "user_id": null, "resource": {"username": "admin@admin.com"}, "details": {}, "severity": "info", "ip_address": "Unknown", "success": true}
{"id": "8611a4e3-35d8-40f3-8b5b-bd84af0bd367", "timestamp": "2025-03-19T17:40:27.003032", "action": "login_success", "user_id": "admin@admin.com", "resource": null, "details": {"session_id": "37b610d1-4ec8-4f30-9969-0790fbde8c76"}, "severity": "info", "ip_address": "Unknown", "success": true}
{"id": "5345c63c-20bf-4295-bb61-3bd0be2afbfb", "timestamp": "2025-03-19T17:40:27.007091", "action": "login_success", "user_id": null, "resource": {"username": "admin@admin.com"}, "details": {}, "severity": "info", "ip_address": "Unknown", "success": true}
{"id": "aa042be9-bac4-4158-9c53-7c802cb20579", "timestamp": "2025-03-19T17:46:28.959291", "action": "login_failed", "user_id": "admin@amdin.com", "resource": null, "details": {"reason": "user_not_found"}, "severity": "info", "ip_address": "Unknown", "success": true}
{"id": "f5ce3afd-25f3-43d6-9162-d5384b5ce888", "timestamp": "2025-03-19T17:46:28.981809", "action": "login_failed", "user_id": null, "resource": {"username": "admin@amdin.com", "reason": "Invalid username or password"}, "details": {}, "severity": "info", "ip_address": "Unknown", "success": true}
{"id": "5d675c18-2356-4e8c-904c-fa904268f048", "timestamp": "2025-03-19T17:46:41.030936", "action": "login_success", "user_id": "admin@admin.com", "resource": null, "details": {"session_id": "17bd70ce-abb2-41ce-a086-510057ce215f"}, "severity": "info", "ip_address": "Unknown", "success": true}
{"id": "84607f8e-1188-4597-a398-3cfd20acbec0", "timestamp": "2025-03-19T17:46:41.039442", "action": "login_success", "user_id": null, "resource": {"username": "admin@admin.com"}, "details": {}, "severity": "info", "ip_address": "Unknown", "success": true}
{"id": "f4f6c543-ef04-44d7-a7d8-61645ca5992b", "timestamp": "2025-03-19T17:48:58.784550", "action": "login_success", "user_id": "admin@admin.com", "resource": null, "details": {"session_id": "0e952d20-c8c5-47ab-942f-42f3b12feb4a"}, "severity": "info", "ip_address": "Unknown", "success": true}
{"id": "bf73762b-25f3-4dad-8489-c819f4c3dd1e", "timestamp": "2025-03-19T17:48:58.788520", "action": "login_success", "user_id": null, "resource": {"username": "admin@admin.com"}, "details": {}, "severity": "info", "ip_address": "Unknown", "success": true}
{"id": "5ad458a8-90f6-4be3-84fb-6a9018dd9e33", "timestamp": "2025-03-19T17:59:42.172617", "action": "login_success", "user_id": "admin@admin.com", "resource": null, "details": {"session_id": "77327cb2-e972-402d-a874-c0fba691ff20"}, "severity": "info", "ip_address": "Unknown", "success": true}
{"id": "73a3375c-4011-4340-afbd-34c4f376046f", "timestamp": "2025-03-19T17:59:42.178819", "action": "login_success", "user_id": null, "resource": {"username": "admin@admin.com"}, "details": {}, "severity": "info", "ip_address": "Unknown", "success": true}
{"id": "486f47fa-7a72-4ad7-b41b-1a279f78e714", "timestamp": "2025-03-19T17:59:53.123008", "action": "user_created", "user_id": "fasdfsdaf", "resource": null, "details": {"email": "fasdfsdaf@example.com", "role": "user", "access_level": "pull"}, "severity": "info", "ip_address": "Unknown", "success": true}
{"id": "56311f8d-fe16-43fe-b204-a78aea7c0fae", "timestamp": "2025-03-19T18:10:23.278683", "action": "login_success", "user_id": "admin@admin.com", "resource": null, "details": {"session_id": "3955c810-3445-4507-9804-c4387a0d9794"}, "severity": "info", "ip_address": "Unknown", "success": true}
{"id": "32169717-80b4-416d-8c40-b95b049b24bc", "timestamp": "2025-03-19T18:10:23.284685", "action": "login_success", "user_id": null, "resource": {"username": "admin@admin.com"}, "details": {}, "severity": "info", "ip_address": "Unknown", "success": true}
