{"id": "f4dcd468-22c3-4ca2-8c33-a1a75edf977b", "timestamp": "2025-03-11T00:11:32.295049", "action": "login_success", "user_id": "admin@admin.com", "resource": null, "details": {"session_id": "5149121c-5c29-4733-a0ab-fc0878a217a3"}, "severity": "info", "ip_address": "Unknown", "success": true}
{"id": "9ca21c18-6eaf-4946-9068-52818cc72a4a", "timestamp": "2025-03-11T00:11:32.298051", "action": "login_success", "user_id": null, "resource": {"username": "admin@admin.com"}, "details": {}, "severity": "info", "ip_address": "Unknown", "success": true}
{"id": "35f5a463-2e66-41c6-94e2-dccf8e7aeb52", "timestamp": "2025-03-11T00:14:43.603219", "action": "login_success", "user_id": "admin@admin.com", "resource": null, "details": {"session_id": "cd7aa2eb-c625-4fbd-9c39-10bcfd9d2f35"}, "severity": "info", "ip_address": "Unknown", "success": true}
{"id": "8688b395-bfeb-4988-870d-da4be3aa4177", "timestamp": "2025-03-11T00:14:43.607444", "action": "login_success", "user_id": null, "resource": {"username": "admin@admin.com"}, "details": {}, "severity": "info", "ip_address": "Unknown", "success": true}
{"id": "2323d37a-adb3-4cb0-aef8-9a00ba0b6fa1", "timestamp": "2025-03-11T00:17:34.039368", "action": "logout", "user_id": "admin@admin.com", "resource": null, "details": {"method": "manual"}, "severity": "info", "ip_address": "Unknown", "success": true}
{"id": "73aaea31-72a4-4016-94a1-431bd9fcba9e", "timestamp": "2025-03-11T00:17:34.437717", "action": "login_success", "user_id": "admin@admin.com", "resource": null, "details": {"session_id": "0ce37374-2bd3-4422-8cfb-353b833ea884"}, "severity": "info", "ip_address": "Unknown", "success": true}
{"id": "a3c36008-fda7-4e2a-ba13-5b011c48bfa3", "timestamp": "2025-03-11T00:17:34.447725", "action": "login_success", "user_id": null, "resource": {"username": "admin@admin.com"}, "details": {}, "severity": "info", "ip_address": "Unknown", "success": true}
{"id": "ffabc0e7-4729-4141-8443-2edb7b62bcbb", "timestamp": "2025-03-11T00:27:18.459772", "action": "login_success", "user_id": "admin@admin.com", "resource": null, "details": {"session_id": "afa35959-2318-4657-9770-de2b7dfc53d4"}, "severity": "info", "ip_address": "Unknown", "success": true}
{"id": "ab84bbf7-9b2a-44b5-b894-e9df31fa26a6", "timestamp": "2025-03-11T00:27:18.470843", "action": "login_success", "user_id": null, "resource": {"username": "admin@admin.com"}, "details": {}, "severity": "info", "ip_address": "Unknown", "success": true}
{"id": "5b5ab0a2-2110-4453-a333-5749a8db5bc5", "timestamp": "2025-03-11T00:56:32.178102", "action": "login_success", "user_id": "admin@admin.com", "resource": null, "details": {"session_id": "4209fd37-98c6-4d53-afc1-f305e9772507"}, "severity": "info", "ip_address": "Unknown", "success": true}
{"id": "3a7c63ff-87d2-450e-a130-46c4f2915d75", "timestamp": "2025-03-11T00:56:32.185621", "action": "login_success", "user_id": null, "resource": {"username": "admin@admin.com"}, "details": {}, "severity": "info", "ip_address": "Unknown", "success": true}
{"id": "031c6185-f3f1-44df-a333-b583ca51629c", "timestamp": "2025-03-11T00:58:43.283849", "action": "logout", "user_id": "admin@admin.com", "resource": null, "details": {"method": "manual"}, "severity": "info", "ip_address": "Unknown", "success": true}
{"id": "2f065219-eebf-4ac4-96f5-ed65a46a214a", "timestamp": "2025-03-11T00:58:43.945805", "action": "login_success", "user_id": "admin@admin.com", "resource": null, "details": {"session_id": "b0ab9a2c-c415-40a5-a5d4-edd9fd48d911"}, "severity": "info", "ip_address": "Unknown", "success": true}
{"id": "be7eb033-2e3f-455e-b37c-9e07442aaf4e", "timestamp": "2025-03-11T00:58:43.953337", "action": "login_success", "user_id": null, "resource": {"username": "admin@admin.com"}, "details": {}, "severity": "info", "ip_address": "Unknown", "success": true}
{"id": "1ba22ea3-74fc-474f-9cad-26d3af98fd00", "timestamp": "2025-03-11T01:49:29.654129", "action": "login_success", "user_id": "admin@admin.com", "resource": null, "details": {"session_id": "8855297d-cde5-4b42-9e22-f3c3b7e62f49"}, "severity": "info", "ip_address": "Unknown", "success": true}
{"id": "5fba44e1-0a8f-4a39-81d0-80547807b1ae", "timestamp": "2025-03-11T01:49:29.658138", "action": "login_success", "user_id": null, "resource": {"username": "admin@admin.com"}, "details": {}, "severity": "info", "ip_address": "Unknown", "success": true}
{"id": "bd5425e5-a1da-4f42-961d-4729fa2652c4", "timestamp": "2025-03-11T01:50:10.605006", "action": "user_created", "user_id": "test", "resource": null, "details": {"email": "test@example.com", "role": "user", "access_level": "pull"}, "severity": "info", "ip_address": "Unknown", "success": true}
{"id": "d469de97-3b62-40d1-82b3-8f26bfc916e2", "timestamp": "2025-03-11T01:50:10.611025", "action": "user_created", "user_id": "403c226b-8dbd-44f9-b425-9fea0937e4d0", "resource": {"username": "test"}, "details": {}, "severity": "info", "ip_address": "Unknown", "success": true}
{"id": "ed043a58-b9d2-4a03-ab1a-cc12f676d5e1", "timestamp": "2025-03-11T01:50:11.150489", "action": "folder_created", "user_id": "403c226b-8dbd-44f9-b425-9fea0937e4d0", "resource": {"folder": "users/test/"}, "details": {}, "severity": "info", "ip_address": "Unknown", "success": true}
{"id": "46190568-9320-47c9-89ab-a1436e30d213", "timestamp": "2025-03-11T01:50:25.194790", "action": "login_success", "user_id": "test", "resource": null, "details": {"session_id": "96129579-f9f4-4570-b60f-6f666e924184"}, "severity": "info", "ip_address": "Unknown", "success": true}
{"id": "e5c4f12f-a168-422a-91c6-d7477444e600", "timestamp": "2025-03-11T01:50:25.202048", "action": "login_success", "user_id": null, "resource": {"username": "test"}, "details": {}, "severity": "info", "ip_address": "Unknown", "success": true}
{"id": "1ba13cf1-9503-4a36-9ebe-312914c65e28", "timestamp": "2025-03-11T10:21:10.374639", "action": "login_failed", "user_id": "admin@admin.com", "resource": null, "details": {"reason": "invalid_password"}, "severity": "info", "ip_address": "Unknown", "success": true}
{"id": "d3b4e053-9446-4593-9ab5-acefa4371acd", "timestamp": "2025-03-11T10:21:10.407641", "action": "login_failed", "user_id": null, "resource": {"username": "admin@admin.com", "reason": "Invalid username or password"}, "details": {}, "severity": "info", "ip_address": "Unknown", "success": true}
{"id": "197b54ac-5416-4559-8997-b3f70272ada2", "timestamp": "2025-03-11T10:21:33.033262", "action": "login_success", "user_id": "admin@admin.com", "resource": null, "details": {"session_id": "07a6901f-7bd9-4941-8f81-5b0b71d4bde8"}, "severity": "info", "ip_address": "Unknown", "success": true}
{"id": "99041e4e-b029-4e02-ac27-f9bf118ff129", "timestamp": "2025-03-11T10:21:33.045228", "action": "login_success", "user_id": null, "resource": {"username": "admin@admin.com"}, "details": {}, "severity": "info", "ip_address": "Unknown", "success": true}
{"id": "04f5313f-c173-4b33-b38a-f8b36bb94c56", "timestamp": "2025-03-11T10:30:01.538661", "action": "login_success", "user_id": "admin@admin.com", "resource": null, "details": {"session_id": "2627aa84-2bf3-4fdf-b20c-c6755feabb78"}, "severity": "info", "ip_address": "Unknown", "success": true}
{"id": "b75c6cfe-6858-4d52-90ac-1ff61097f2c9", "timestamp": "2025-03-11T10:30:01.546137", "action": "login_success", "user_id": null, "resource": {"username": "admin@admin.com"}, "details": {}, "severity": "info", "ip_address": "Unknown", "success": true}
{"id": "7c3c3596-b3a2-42d3-aacf-82ad973ec849", "timestamp": "2025-03-11T10:34:20.718682", "action": "login_success", "user_id": "admin@admin.com", "resource": null, "details": {"session_id": "fad2e653-0673-442c-b33b-80019f475e13"}, "severity": "info", "ip_address": "Unknown", "success": true}
{"id": "94b75015-8597-41c3-a4d1-15a847ea7737", "timestamp": "2025-03-11T10:34:20.724683", "action": "login_success", "user_id": null, "resource": {"username": "admin@admin.com"}, "details": {}, "severity": "info", "ip_address": "Unknown", "success": true}
{"id": "5fd95841-b5c4-4061-96a9-a87f7a261a30", "timestamp": "2025-03-11T10:38:02.779842", "action": "login_success", "user_id": "admin@admin.com", "resource": null, "details": {"session_id": "08d5a0e2-6d92-48d8-92eb-c675a655cbfd"}, "severity": "info", "ip_address": "Unknown", "success": true}
{"id": "c993db68-c729-47c6-b87c-7f70c2c40764", "timestamp": "2025-03-11T10:38:02.783281", "action": "login_success", "user_id": null, "resource": {"username": "admin@admin.com"}, "details": {}, "severity": "info", "ip_address": "Unknown", "success": true}
{"id": "1842bb6a-a400-4363-8bfd-4e888ce9958c", "timestamp": "2025-03-11T10:44:31.666382", "action": "login_success", "user_id": "admin@admin.com", "resource": null, "details": {"session_id": "73a36358-0719-406f-a51e-044f0146dab6"}, "severity": "info", "ip_address": "Unknown", "success": true}
{"id": "f4563dab-941b-492f-b6b4-90ad2a015367", "timestamp": "2025-03-11T10:44:31.672622", "action": "login_success", "user_id": null, "resource": {"username": "admin@admin.com"}, "details": {}, "severity": "info", "ip_address": "Unknown", "success": true}
{"id": "0697c484-d41c-4108-a322-6ecf758288a8", "timestamp": "2025-03-11T10:47:32.281527", "action": "login_success", "user_id": "admin@admin.com", "resource": null, "details": {"session_id": "aacab24b-bcae-4fec-9bff-7056a56404a9"}, "severity": "info", "ip_address": "Unknown", "success": true}
{"id": "b9f9bbc2-bc0e-4b56-a39d-b5193820c18e", "timestamp": "2025-03-11T10:47:32.300519", "action": "login_success", "user_id": null, "resource": {"username": "admin@admin.com"}, "details": {}, "severity": "info", "ip_address": "Unknown", "success": true}
{"id": "fad84c88-960f-45c5-8d1a-8535d70e9dcd", "timestamp": "2025-03-11T10:49:44.167510", "action": "login_success", "user_id": "admin@admin.com", "resource": null, "details": {"session_id": "9cf63677-c088-402e-8b92-bc5de2b99f00"}, "severity": "info", "ip_address": "Unknown", "success": true}
{"id": "c7a71153-3d91-45cc-abe6-4e2e89534ccc", "timestamp": "2025-03-11T10:49:44.172276", "action": "login_success", "user_id": null, "resource": {"username": "admin@admin.com"}, "details": {}, "severity": "info", "ip_address": "Unknown", "success": true}
{"id": "3373372b-2e56-482e-a581-29c5158e6138", "timestamp": "2025-03-11T10:56:09.067224", "action": "login_success", "user_id": "admin@admin.com", "resource": null, "details": {"session_id": "7a2b3201-c2b0-440d-9b82-d55b97f577ea"}, "severity": "info", "ip_address": "Unknown", "success": true}
{"id": "7d16bb6c-3745-41fc-b464-af47c6a57b77", "timestamp": "2025-03-11T10:56:09.073244", "action": "login_success", "user_id": null, "resource": {"username": "admin@admin.com"}, "details": {}, "severity": "info", "ip_address": "Unknown", "success": true}
{"id": "be0d34eb-9a1c-4d0c-9057-a2f6baa2fd03", "timestamp": "2025-03-11T11:06:53.338357", "action": "login_success", "user_id": "admin@admin.com", "resource": null, "details": {"session_id": "7a77aaed-547f-4968-8bc5-86f33040c693"}, "severity": "info", "ip_address": "Unknown", "success": true}
{"id": "6cf7ff1f-88c1-47a9-846a-7800a1607b1a", "timestamp": "2025-03-11T11:06:53.344356", "action": "login_success", "user_id": null, "resource": {"username": "admin@admin.com"}, "details": {}, "severity": "info", "ip_address": "Unknown", "success": true}
{"id": "1374e502-debe-48a1-bdef-5c5c20f25a47", "timestamp": "2025-03-11T11:12:24.709669", "action": "login_success", "user_id": "admin@admin.com", "resource": null, "details": {"session_id": "aface26b-6106-474e-a6b5-34426c626137"}, "severity": "info", "ip_address": "Unknown", "success": true}
{"id": "ca39ee09-2f03-4d41-90da-55647aff4899", "timestamp": "2025-03-11T11:12:24.715076", "action": "login_success", "user_id": null, "resource": {"username": "admin@admin.com"}, "details": {}, "severity": "info", "ip_address": "Unknown", "success": true}
{"id": "fb681e0f-e61d-4805-ac09-359a3c782d79", "timestamp": "2025-03-11T11:16:05.557399", "action": "login_success", "user_id": "admin@admin.com", "resource": null, "details": {"session_id": "8b47c901-edda-473c-ab0d-7413383a186f"}, "severity": "info", "ip_address": "Unknown", "success": true}
{"id": "d6ec6e5f-8d00-4eb5-8e9e-f67c8b432cce", "timestamp": "2025-03-11T11:16:05.563403", "action": "login_success", "user_id": null, "resource": {"username": "admin@admin.com"}, "details": {}, "severity": "info", "ip_address": "Unknown", "success": true}
{"id": "9e2ee075-332c-4e66-a419-a19150dcf857", "timestamp": "2025-03-11T12:01:49.635336", "action": "login_success", "user_id": "admin@admin.com", "resource": null, "details": {"session_id": "a0accc8c-30fe-4057-9999-ae89d8ed3193"}, "severity": "info", "ip_address": "Unknown", "success": true}
{"id": "bc3e535d-734f-4c33-ab52-584d922e1437", "timestamp": "2025-03-11T12:01:49.640337", "action": "login_success", "user_id": null, "resource": {"username": "admin@admin.com"}, "details": {}, "severity": "info", "ip_address": "Unknown", "success": true}
{"id": "dc34d54e-e33f-4873-82fe-4b065b8a0370", "timestamp": "2025-03-11T12:31:12.727353", "action": "login_success", "user_id": "admin@admin.com", "resource": null, "details": {"session_id": "2ee632dd-38f1-4e62-b0cc-14ed32358d0a"}, "severity": "info", "ip_address": "Unknown", "success": true}
{"id": "8311e173-f789-4f2f-99df-b303272ee45b", "timestamp": "2025-03-11T12:31:12.731693", "action": "login_success", "user_id": null, "resource": {"username": "admin@admin.com"}, "details": {}, "severity": "info", "ip_address": "Unknown", "success": true}
{"id": "cd1427f7-87e1-4812-b17e-43259d8adf5b", "timestamp": "2025-03-11T12:35:34.487498", "action": "login_success", "user_id": "admin@admin.com", "resource": null, "details": {"session_id": "f9a5b6d8-6824-4b87-ad2e-594b37404345"}, "severity": "info", "ip_address": "Unknown", "success": true}
{"id": "79490691-63f8-479a-b09c-404a755b1b99", "timestamp": "2025-03-11T12:35:34.490811", "action": "login_success", "user_id": null, "resource": {"username": "admin@admin.com"}, "details": {}, "severity": "info", "ip_address": "Unknown", "success": true}
{"id": "efe9b1fa-77b7-48af-8601-78df0a21dbe3", "timestamp": "2025-03-11T15:18:02.613058", "action": "login_success", "user_id": "admin@admin.com", "resource": null, "details": {"session_id": "67a41e84-5cf7-4abc-bccc-b446eb2f76ad"}, "severity": "info", "ip_address": "Unknown", "success": true}
{"id": "eb74c7d7-64ca-45af-9184-d249c7e5c5f1", "timestamp": "2025-03-11T15:18:02.623036", "action": "login_success", "user_id": null, "resource": {"username": "admin@admin.com"}, "details": {}, "severity": "info", "ip_address": "Unknown", "success": true}
{"id": "b9f870b8-362c-4b4f-bb4f-69ad3864907b", "timestamp": "2025-03-11T15:23:24.195466", "action": "login_success", "user_id": "admin@admin.com", "resource": null, "details": {"session_id": "5f21bb69-ebcb-4775-9839-3a5eadeb3be0"}, "severity": "info", "ip_address": "Unknown", "success": true}
{"id": "d7e77b38-481e-4e4a-a60c-56e50969bef1", "timestamp": "2025-03-11T15:23:24.200465", "action": "login_success", "user_id": null, "resource": {"username": "admin@admin.com"}, "details": {}, "severity": "info", "ip_address": "Unknown", "success": true}
{"id": "e09fd7fd-a4a5-49fb-93be-4d92eccae32f", "timestamp": "2025-03-11T15:40:23.741826", "action": "login_success", "user_id": "admin@admin.com", "resource": null, "details": {"session_id": "768d2f98-28d0-4328-950f-e6f73ba3ffb9"}, "severity": "info", "ip_address": "Unknown", "success": true}
{"id": "fd941b33-f752-4f76-962a-e074fac3b2d9", "timestamp": "2025-03-11T15:40:23.747024", "action": "login_success", "user_id": null, "resource": {"username": "admin@admin.com"}, "details": {}, "severity": "info", "ip_address": "Unknown", "success": true}
{"id": "c67a3aa4-032a-4341-93e9-3087475ba71e", "timestamp": "2025-03-11T16:04:27.898800", "action": "login_success", "user_id": "admin@admin.com", "resource": null, "details": {"session_id": "34dedab4-d5cf-4e12-8300-5455b7fd814d"}, "severity": "info", "ip_address": "Unknown", "success": true}
{"id": "f80a1468-d2be-4c8a-8467-871fd61a4a6a", "timestamp": "2025-03-11T16:04:27.910829", "action": "login_success", "user_id": null, "resource": {"username": "admin@admin.com"}, "details": {}, "severity": "info", "ip_address": "Unknown", "success": true}
{"id": "c13ab0bc-5bda-4e87-85f3-ed56eda91199", "timestamp": "2025-03-11T16:05:03.739265", "action": "login_success", "user_id": "admin@admin.com", "resource": null, "details": {"session_id": "2b8fca32-2814-49d8-b2aa-2539aef8e8c2"}, "severity": "info", "ip_address": "Unknown", "success": true}
{"id": "8c0cabbd-b807-479b-9252-0c75a52a4a53", "timestamp": "2025-03-11T16:05:03.748262", "action": "login_success", "user_id": null, "resource": {"username": "admin@admin.com"}, "details": {}, "severity": "info", "ip_address": "Unknown", "success": true}
{"id": "cd432087-bc5c-4060-a263-21b8e3bbd457", "timestamp": "2025-03-11T16:19:34.316152", "action": "login_success", "user_id": "admin@admin.com", "resource": null, "details": {"session_id": "16716577-9cf1-4e4e-b2c2-2294dd71355e"}, "severity": "info", "ip_address": "Unknown", "success": true}
{"id": "7fdbcda7-4725-4e37-b227-a2a360cb8de2", "timestamp": "2025-03-11T16:19:34.323759", "action": "login_success", "user_id": null, "resource": {"username": "admin@admin.com"}, "details": {}, "severity": "info", "ip_address": "Unknown", "success": true}
{"id": "0017236b-519f-4177-ae22-09f74df324cc", "timestamp": "2025-03-11T16:19:40.404687", "action": "login_success", "user_id": "admin@admin.com", "resource": null, "details": {"session_id": "75e27c78-b847-40e1-94ae-c35ad60fdab7"}, "severity": "info", "ip_address": "Unknown", "success": true}
{"id": "98ef96fa-94ce-4ef2-9ded-f8ae36f5d4f1", "timestamp": "2025-03-11T16:19:40.409688", "action": "login_success", "user_id": null, "resource": {"username": "admin@admin.com"}, "details": {}, "severity": "info", "ip_address": "Unknown", "success": true}
{"id": "066c1ce9-f3a3-404d-9172-57b0d22ddaad", "timestamp": "2025-03-11T16:22:26.047700", "action": "login_success", "user_id": "admin@admin.com", "resource": null, "details": {"session_id": "392c1b98-7e1a-40e6-8c2a-3c40a7069698"}, "severity": "info", "ip_address": "Unknown", "success": true}
{"id": "380b62bb-a2d5-4559-9ef2-d24dd47f718f", "timestamp": "2025-03-11T16:22:26.052901", "action": "login_success", "user_id": null, "resource": {"username": "admin@admin.com"}, "details": {}, "severity": "info", "ip_address": "Unknown", "success": true}
{"id": "c0f1b671-85cf-4180-bb05-b464739cdfa4", "timestamp": "2025-03-11T16:25:49.172481", "action": "login_failed", "user_id": "admin@123", "resource": null, "details": {"reason": "user_not_found"}, "severity": "info", "ip_address": "Unknown", "success": true}
{"id": "2e5c1721-adca-477e-b783-1ca3a836f8c9", "timestamp": "2025-03-11T16:25:49.186480", "action": "login_failed", "user_id": null, "resource": {"username": "admin@123", "reason": "Invalid username or password"}, "details": {}, "severity": "info", "ip_address": "Unknown", "success": true}
{"id": "ae635f21-0ff8-4c91-8dd7-1d6018cdaf8f", "timestamp": "2025-03-11T16:26:06.124459", "action": "login_success", "user_id": "admin@admin.com", "resource": null, "details": {"session_id": "15518d9c-8efb-43d6-8e04-ec64d17088d0"}, "severity": "info", "ip_address": "Unknown", "success": true}
{"id": "3cd7a23d-67f3-415e-bf72-4ea80c047cdb", "timestamp": "2025-03-11T16:26:06.137780", "action": "login_success", "user_id": null, "resource": {"username": "admin@admin.com"}, "details": {}, "severity": "info", "ip_address": "Unknown", "success": true}
{"id": "ca92dafe-c717-480f-b0e7-ca7ddf1f4c4c", "timestamp": "2025-03-11T16:32:10.995999", "action": "login_success", "user_id": "admin@admin.com", "resource": null, "details": {"session_id": "62fdb6b9-15c0-4f3f-846a-f283eb5d8df5"}, "severity": "info", "ip_address": "Unknown", "success": true}
{"id": "080f9e03-9c1b-4868-83a0-1ce31a0e7c1e", "timestamp": "2025-03-11T16:32:11.002002", "action": "login_success", "user_id": null, "resource": {"username": "admin@admin.com"}, "details": {}, "severity": "info", "ip_address": "Unknown", "success": true}
{"id": "7323d533-4d4b-43d6-ba33-6b37a67a54c7", "timestamp": "2025-03-11T16:38:38.895648", "action": "login_failed", "user_id": "admin@amin.com", "resource": null, "details": {"reason": "user_not_found"}, "severity": "info", "ip_address": "Unknown", "success": true}
{"id": "b1f5c0c2-8ebe-4aa1-a909-2845175b1601", "timestamp": "2025-03-11T16:38:38.910757", "action": "login_failed", "user_id": null, "resource": {"username": "admin@amin.com", "reason": "Invalid username or password"}, "details": {}, "severity": "info", "ip_address": "Unknown", "success": true}
{"id": "5613b555-4f1f-424f-8179-b5a64754a570", "timestamp": "2025-03-11T16:38:46.722189", "action": "login_success", "user_id": "admin@admin.com", "resource": null, "details": {"session_id": "4a5e40b3-1ab7-433d-8930-1ea37195c822"}, "severity": "info", "ip_address": "Unknown", "success": true}
{"id": "4726869e-4edc-4b8a-a3cd-6c4a33f8655f", "timestamp": "2025-03-11T16:38:46.726188", "action": "login_success", "user_id": null, "resource": {"username": "admin@admin.com"}, "details": {}, "severity": "info", "ip_address": "Unknown", "success": true}
{"id": "edfedd81-a45b-4a88-9561-47aebc0606a7", "timestamp": "2025-03-11T16:42:08.312656", "action": "login_success", "user_id": "admin@admin.com", "resource": null, "details": {"session_id": "7f423307-3396-419c-a769-1863d6a75377"}, "severity": "info", "ip_address": "Unknown", "success": true}
{"id": "2c6dc6a4-29d1-4287-b9c0-0883fa2a1af2", "timestamp": "2025-03-11T16:42:08.318676", "action": "login_success", "user_id": null, "resource": {"username": "admin@admin.com"}, "details": {}, "severity": "info", "ip_address": "Unknown", "success": true}
{"id": "b2641eae-574f-4e6a-983b-c17be2dfe3e2", "timestamp": "2025-03-11T16:50:02.776359", "action": "login_success", "user_id": "admin@admin.com", "resource": null, "details": {"session_id": "61d263a3-8e05-4c92-bb99-6f8ecdec4390"}, "severity": "info", "ip_address": "Unknown", "success": true}
{"id": "2b9d68f1-81a9-4ddf-a072-a5ec9ae261e5", "timestamp": "2025-03-11T16:50:02.785374", "action": "login_success", "user_id": null, "resource": {"username": "admin@admin.com"}, "details": {}, "severity": "info", "ip_address": "Unknown", "success": true}
{"id": "2f25ee7c-d90e-448e-8aff-dbcf3267ef1d", "timestamp": "2025-03-11T16:50:28.038741", "action": "user_created", "user_id": "hehe", "resource": null, "details": {"email": "hehe@example.com", "role": "user", "access_level": "pull"}, "severity": "info", "ip_address": "Unknown", "success": true}
{"id": "e19564f1-7b3e-425b-befe-3d80af0d235e", "timestamp": "2025-03-11T16:50:28.394210", "action": "create_folder", "user_id": "admin@admin.com", "resource": "asta/", "details": {}, "severity": "info", "ip_address": "Unknown", "success": true}
{"id": "2c5b6af9-823e-4345-944d-8b8968c9dcf1", "timestamp": "2025-03-11T16:54:20.057195", "action": "login_success", "user_id": "admin@admin.com", "resource": null, "details": {"session_id": "99fffe27-5f0c-4457-95fb-be41006ed7ca"}, "severity": "info", "ip_address": "Unknown", "success": true}
{"id": "748fb7a9-aa74-4bbb-8e9f-a780957a8bac", "timestamp": "2025-03-11T16:54:20.061002", "action": "login_success", "user_id": null, "resource": {"username": "admin@admin.com"}, "details": {}, "severity": "info", "ip_address": "Unknown", "success": true}
{"id": "d45184b5-b79c-4552-b1bb-898a59e18de8", "timestamp": "2025-03-11T17:01:23.907050", "action": "login_success", "user_id": "admin@admin.com", "resource": null, "details": {"session_id": "e194a6e9-334f-4354-94f3-e3c931460ec7"}, "severity": "info", "ip_address": "Unknown", "success": true}
{"id": "108d30a3-3643-4a8e-bb76-536d7b224095", "timestamp": "2025-03-11T17:01:23.911603", "action": "login_success", "user_id": null, "resource": {"username": "admin@admin.com"}, "details": {}, "severity": "info", "ip_address": "Unknown", "success": true}
{"id": "ef9b3fad-bebb-4966-9fc8-24931808b4d5", "timestamp": "2025-03-11T17:04:27.746774", "action": "login_success", "user_id": "admin@admin.com", "resource": null, "details": {"session_id": "5e822677-bd5d-40fd-b62d-bf5212eceb5c"}, "severity": "info", "ip_address": "Unknown", "success": true}
{"id": "7d1b6790-f31e-4a3e-b9f9-a1e87c6ca9d0", "timestamp": "2025-03-11T17:04:27.756788", "action": "login_success", "user_id": null, "resource": {"username": "admin@admin.com"}, "details": {}, "severity": "info", "ip_address": "Unknown", "success": true}
{"id": "c8d248ad-a5b7-4338-8593-7d609048abae", "timestamp": "2025-03-11T17:06:14.821448", "action": "login_success", "user_id": "admin@admin.com", "resource": null, "details": {"session_id": "a94f15c4-976b-4b5a-8986-57111f71aebb"}, "severity": "info", "ip_address": "Unknown", "success": true}
{"id": "0ee1fab4-6639-495f-bee9-51a5677d6b22", "timestamp": "2025-03-11T17:06:14.825933", "action": "login_success", "user_id": null, "resource": {"username": "admin@admin.com"}, "details": {}, "severity": "info", "ip_address": "Unknown", "success": true}
{"id": "2a3078f2-19d4-41de-88a0-bcb49ac4107f", "timestamp": "2025-03-11T17:08:33.247693", "action": "login_success", "user_id": "admin@admin.com", "resource": null, "details": {"session_id": "e36e7b99-49a8-48e7-b4c3-e57374dcbf78"}, "severity": "info", "ip_address": "Unknown", "success": true}
{"id": "d2a7e6c4-9d87-4f95-a52b-c2e2353e409d", "timestamp": "2025-03-11T17:08:33.253189", "action": "login_success", "user_id": null, "resource": {"username": "admin@admin.com"}, "details": {}, "severity": "info", "ip_address": "Unknown", "success": true}
{"id": "32770617-18c1-476a-819f-da2c3fff886e", "timestamp": "2025-03-11T17:09:56.901175", "action": "login_success", "user_id": "admin@admin.com", "resource": null, "details": {"session_id": "ed27ff2a-b227-4fb5-aa69-e10e76e1965f"}, "severity": "info", "ip_address": "Unknown", "success": true}
{"id": "b3961b54-713c-4423-a85b-fb1faec232ca", "timestamp": "2025-03-11T17:09:56.908179", "action": "login_success", "user_id": null, "resource": {"username": "admin@admin.com"}, "details": {}, "severity": "info", "ip_address": "Unknown", "success": true}
{"id": "d1cac438-7c4c-47d7-8831-ad1aabee6562", "timestamp": "2025-03-11T17:22:50.244494", "action": "login_failed", "user_id": "admin@admin.com", "resource": null, "details": {"reason": "invalid_password"}, "severity": "info", "ip_address": "Unknown", "success": true}
{"id": "809d837d-4961-4676-b5a7-6c1a6f9d4ba8", "timestamp": "2025-03-11T17:22:50.256491", "action": "login_failed", "user_id": null, "resource": {"username": "admin@admin.com", "reason": "Invalid username or password"}, "details": {}, "severity": "info", "ip_address": "Unknown", "success": true}
{"id": "15dd378d-3445-4bba-8195-369f214bf47c", "timestamp": "2025-03-11T17:23:15.544840", "action": "login_success", "user_id": "admin@admin.com", "resource": null, "details": {"session_id": "40c1106e-1963-49d0-aa7f-0011838c5109"}, "severity": "info", "ip_address": "Unknown", "success": true}
{"id": "71bb831e-7f62-4a0c-b81b-0361263832b6", "timestamp": "2025-03-11T17:23:15.551604", "action": "login_success", "user_id": null, "resource": {"username": "admin@admin.com"}, "details": {}, "severity": "info", "ip_address": "Unknown", "success": true}
{"id": "4d3f20bf-8361-4fc0-bfec-07c0bbce4d65", "timestamp": "2025-03-11T17:44:21.287809", "action": "logout", "user_id": "admin@admin.com", "resource": null, "details": {"method": "manual"}, "severity": "info", "ip_address": "Unknown", "success": true}
{"id": "13a0a0e6-4c8f-4a3f-9956-221328925b82", "timestamp": "2025-03-11T17:44:22.485964", "action": "user_updated", "user_id": "soham", "resource": null, "details": {"updates": {"folder_access": ["public/"]}}, "severity": "info", "ip_address": "Unknown", "success": true}
{"id": "e6a52232-3a15-4235-9fb6-6334020e9e02", "timestamp": "2025-03-11T17:44:22.485964", "action": "user_updated", "user_id": "soham", "resource": null, "details": {"updates": {"folder_access": ["public/", "shared/", "asta/"]}}, "severity": "info", "ip_address": "Unknown", "success": true}
{"id": "dfbf476d-4028-4dbe-bced-07c9c0c4b3ac", "timestamp": "2025-03-11T17:44:22.572487", "action": "login_success", "user_id": "admin@admin.com", "resource": null, "details": {"session_id": "4fb37609-ae41-4af4-9c38-acb283e1f4c2"}, "severity": "info", "ip_address": "Unknown", "success": true}
{"id": "f42d271b-a4b4-458f-b306-b5217bc1d236", "timestamp": "2025-03-11T17:44:22.638065", "action": "user_updated", "user_id": "soham", "resource": null, "details": {"updates": {"folder_access": ["public/"]}}, "severity": "info", "ip_address": "Unknown", "success": true}
{"id": "21e5d208-7669-4162-b325-fd38e6293ae4", "timestamp": "2025-03-11T17:44:22.640069", "action": "login_success", "user_id": null, "resource": {"username": "admin@admin.com"}, "details": {}, "severity": "info", "ip_address": "Unknown", "success": true}
{"id": "16d77320-dcbe-4937-898c-d66dbbc1a13a", "timestamp": "2025-03-11T17:45:04.763482", "action": "login_success", "user_id": "admin@admin.com", "resource": null, "details": {"session_id": "b986814b-c3fb-48db-857c-05cedb290560"}, "severity": "info", "ip_address": "Unknown", "success": true}
{"id": "3f89d97a-279f-425f-90be-1eb08eea9f47", "timestamp": "2025-03-11T17:45:04.767479", "action": "login_success", "user_id": null, "resource": {"username": "admin@admin.com"}, "details": {}, "severity": "info", "ip_address": "Unknown", "success": true}
{"id": "d8ae3197-a5bd-4ea0-bd13-567a806f09c1", "timestamp": "2025-03-11T17:54:03.815408", "action": "login_success", "user_id": "admin@admin.com", "resource": null, "details": {"session_id": "a6e9dc05-080f-4746-a521-b027c8193d9c"}, "severity": "info", "ip_address": "Unknown", "success": true}
{"id": "ee1c5c31-c7a3-4fd1-8080-939bc57f8b7c", "timestamp": "2025-03-11T17:54:03.819763", "action": "login_success", "user_id": null, "resource": {"username": "admin@admin.com"}, "details": {}, "severity": "info", "ip_address": "Unknown", "success": true}
{"id": "617b5933-ad7b-4aff-9b02-710787ae4b7e", "timestamp": "2025-03-11T17:57:06.198411", "action": "logout", "user_id": "admin@admin.com", "resource": null, "details": {"method": "manual"}, "severity": "info", "ip_address": "Unknown", "success": true}
{"id": "34c0d156-f69a-4df9-998e-e4a1ee01c326", "timestamp": "2025-03-11T17:57:06.810412", "action": "login_success", "user_id": "admin@admin.com", "resource": null, "details": {"session_id": "39a67243-234e-4ae2-948a-f00e2b56611d"}, "severity": "info", "ip_address": "Unknown", "success": true}
{"id": "bd784cef-eb22-466a-af94-4127c89d5f51", "timestamp": "2025-03-11T17:57:06.814413", "action": "login_success", "user_id": null, "resource": {"username": "admin@admin.com"}, "details": {}, "severity": "info", "ip_address": "Unknown", "success": true}
{"id": "9ce4ad50-06fd-4942-ae2a-52d13e00e7b9", "timestamp": "2025-03-11T18:10:15.812649", "action": "login_success", "user_id": "admin@admin.com", "resource": null, "details": {"session_id": "3017632e-5931-4ff4-8e70-827540eccefb"}, "severity": "info", "ip_address": "Unknown", "success": true}
{"id": "bd90827d-939e-4649-9579-f8275774cc87", "timestamp": "2025-03-11T18:10:15.815843", "action": "login_success", "user_id": null, "resource": {"username": "admin@admin.com"}, "details": {}, "severity": "info", "ip_address": "Unknown", "success": true}
{"id": "9137baa5-cb1a-4bbe-b515-31656fbb4194", "timestamp": "2025-03-11T18:16:18.872542", "action": "logout", "user_id": "admin@admin.com", "resource": null, "details": {"method": "manual"}, "severity": "info", "ip_address": "Unknown", "success": true}
{"id": "b8bfa602-ef9d-4d17-bd43-3b96de4dee81", "timestamp": "2025-03-11T18:16:20.054304", "action": "user_created", "user_id": "singer", "resource": null, "details": {"email": "singer@example.com", "role": "user", "access_level": "pull"}, "severity": "info", "ip_address": "Unknown", "success": true}
{"id": "4b88a5cd-f949-406e-9378-9614e21f1ab6", "timestamp": "2025-03-11T18:16:20.064109", "action": "user_updated", "user_id": "soham", "resource": null, "details": {"updates": {"folder_access": ["deku/"]}}, "severity": "info", "ip_address": "Unknown", "success": true}
{"id": "a77144f7-c3d1-4775-a7f1-19cf2a37f707", "timestamp": "2025-03-11T18:17:08.829442", "action": "login_success", "user_id": "soham", "resource": null, "details": {"session_id": "fa512aa1-f677-4839-89db-d2d13e5686e3"}, "severity": "info", "ip_address": "Unknown", "success": true}
{"id": "25ce2845-3378-4ea0-b4f1-a3d36f73d0a1", "timestamp": "2025-03-11T18:17:08.833557", "action": "login_success", "user_id": null, "resource": {"username": "soham"}, "details": {}, "severity": "info", "ip_address": "Unknown", "success": true}
{"id": "931b5945-05ce-41f9-8d76-d452ba9841fb", "timestamp": "2025-03-11T18:18:13.559118", "action": "login_success", "user_id": "admin@admin.com", "resource": null, "details": {"session_id": "49b4e2d0-5b01-4d77-9c8b-2fa74b118815"}, "severity": "info", "ip_address": "Unknown", "success": true}
{"id": "0310f0b6-beb6-4a5c-8e3b-5d9222b2e64a", "timestamp": "2025-03-11T18:18:13.563116", "action": "login_success", "user_id": null, "resource": {"username": "admin@admin.com"}, "details": {}, "severity": "info", "ip_address": "Unknown", "success": true}
{"id": "f1388515-a385-420a-8c10-ae96cfec7a40", "timestamp": "2025-03-11T18:23:35.749988", "action": "login_success", "user_id": "admin@admin.com", "resource": null, "details": {"session_id": "707b8f21-5e18-4577-a99d-caf4a56667e7"}, "severity": "info", "ip_address": "Unknown", "success": true}
{"id": "1e72e688-32a5-460b-afae-4b7b4af957b9", "timestamp": "2025-03-11T18:23:35.758520", "action": "login_success", "user_id": null, "resource": {"username": "admin@admin.com"}, "details": {}, "severity": "info", "ip_address": "Unknown", "success": true}
{"id": "7c603f3b-dca0-4a5e-b704-17e6f40a0b80", "timestamp": "2025-03-11T18:23:46.683055", "action": "logout", "user_id": "admin@admin.com", "resource": null, "details": {"method": "manual"}, "severity": "info", "ip_address": "Unknown", "success": true}
{"id": "b8efb88e-e1c2-43db-a98f-b9bc0fb8869d", "timestamp": "2025-03-11T18:23:46.776594", "action": "login_success", "user_id": "admin@admin.com", "resource": null, "details": {"session_id": "a34c724f-cc2b-4500-88a9-331e9b610b90"}, "severity": "info", "ip_address": "Unknown", "success": true}
{"id": "4c0e6887-3a66-4c49-a199-63f155ffcc40", "timestamp": "2025-03-11T18:23:46.780594", "action": "login_success", "user_id": null, "resource": {"username": "admin@admin.com"}, "details": {}, "severity": "info", "ip_address": "Unknown", "success": true}
{"id": "f1e65f3e-ceca-4595-aedc-26a4f3594e8d", "timestamp": "2025-03-11T18:23:57.327128", "action": "logout", "user_id": "admin@admin.com", "resource": null, "details": {"method": "manual"}, "severity": "info", "ip_address": "Unknown", "success": true}
{"id": "7f24891e-79f3-4f77-a796-d22a2839a546", "timestamp": "2025-03-11T18:23:57.369127", "action": "login_success", "user_id": "admin@admin.com", "resource": null, "details": {"session_id": "027510be-5d72-4861-8f12-414c0d41e561"}, "severity": "info", "ip_address": "Unknown", "success": true}
{"id": "712663a7-c3b6-4e5a-bb54-11dcc3c5be16", "timestamp": "2025-03-11T18:23:57.375127", "action": "login_success", "user_id": null, "resource": {"username": "admin@admin.com"}, "details": {}, "severity": "info", "ip_address": "Unknown", "success": true}
{"id": "f5033a62-d35a-49c6-9644-89476eac40f7", "timestamp": "2025-03-11T18:24:07.730088", "action": "logout", "user_id": "admin@admin.com", "resource": null, "details": {"method": "manual"}, "severity": "info", "ip_address": "Unknown", "success": true}
{"id": "06a75e55-fabb-41a9-847f-cb37dede662f", "timestamp": "2025-03-11T18:24:07.764176", "action": "login_success", "user_id": "admin@admin.com", "resource": null, "details": {"session_id": "9157fcd1-fd15-40c1-b9dc-a5adee617304"}, "severity": "info", "ip_address": "Unknown", "success": true}
{"id": "27ecce7a-f9c4-4ccf-84e7-ca1c711f7207", "timestamp": "2025-03-11T18:24:07.770181", "action": "login_success", "user_id": null, "resource": {"username": "admin@admin.com"}, "details": {}, "severity": "info", "ip_address": "Unknown", "success": true}
{"id": "870032a1-49fc-41ce-b50a-54fe726e5d54", "timestamp": "2025-03-11T18:28:21.648806", "action": "logout", "user_id": "admin@admin.com", "resource": null, "details": {"method": "manual"}, "severity": "info", "ip_address": "Unknown", "success": true}
{"id": "54925900-47fd-4eca-8412-f59c54c7d7c9", "timestamp": "2025-03-11T18:28:22.222354", "action": "login_success", "user_id": "admin@admin.com", "resource": null, "details": {"session_id": "debe95e2-6c88-499d-9e64-a99ddeb25ad4"}, "severity": "info", "ip_address": "Unknown", "success": true}
{"id": "9bc96ba9-707e-4bee-8e4a-e6f1754fc297", "timestamp": "2025-03-11T18:28:22.228358", "action": "login_success", "user_id": null, "resource": {"username": "admin@admin.com"}, "details": {}, "severity": "info", "ip_address": "Unknown", "success": true}
{"id": "8c8929b5-6628-49a0-a86a-bb8c14d2fe21", "timestamp": "2025-03-11T18:31:08.167530", "action": "login_success", "user_id": "admin@admin.com", "resource": null, "details": {"session_id": "cb4a1643-5022-4420-803b-be743ae27ba7"}, "severity": "info", "ip_address": "Unknown", "success": true}
{"id": "a1a3d21b-a2d2-499c-bf39-27096bc83949", "timestamp": "2025-03-11T18:31:08.172531", "action": "login_success", "user_id": null, "resource": {"username": "admin@admin.com"}, "details": {}, "severity": "info", "ip_address": "Unknown", "success": true}
{"id": "a616f602-f349-4074-832b-99ff7c437441", "timestamp": "2025-03-11T18:33:23.382341", "action": "logout", "user_id": "admin@admin.com", "resource": null, "details": {"method": "manual"}, "severity": "info", "ip_address": "Unknown", "success": true}
{"id": "732e8716-a10c-4d10-ba4b-2cf6e2180f51", "timestamp": "2025-03-11T18:33:23.958888", "action": "login_success", "user_id": "admin@admin.com", "resource": null, "details": {"session_id": "9c6e2383-854f-4562-8072-cb36a6a8d46b"}, "severity": "info", "ip_address": "Unknown", "success": true}
{"id": "84358e65-de58-4eba-9529-9777d6583428", "timestamp": "2025-03-11T18:33:23.984112", "action": "login_success", "user_id": null, "resource": {"username": "admin@admin.com"}, "details": {}, "severity": "info", "ip_address": "Unknown", "success": true}
{"id": "2618116c-e6c3-4502-a02f-5660b977b2bb", "timestamp": "2025-03-11T18:35:45.306978", "action": "logout", "user_id": "admin@admin.com", "resource": null, "details": {"method": "manual"}, "severity": "info", "ip_address": "Unknown", "success": true}
{"id": "273ad3a8-3fc3-4ca7-afc9-40602027c18b", "timestamp": "2025-03-11T18:35:45.719968", "action": "login_success", "user_id": "admin@admin.com", "resource": null, "details": {"session_id": "60209487-7f73-4a50-ab36-7fbaffcbd8e4"}, "severity": "info", "ip_address": "Unknown", "success": true}
{"id": "c78bf568-4205-444d-86e3-453ef402db8a", "timestamp": "2025-03-11T18:35:45.726966", "action": "login_success", "user_id": null, "resource": {"username": "admin@admin.com"}, "details": {}, "severity": "info", "ip_address": "Unknown", "success": true}
{"id": "46f8b4d2-8395-452d-a54b-08cad798acc0", "timestamp": "2025-03-11T18:36:44.144484", "action": "login_success", "user_id": "admin@admin.com", "resource": null, "details": {"session_id": "7b4b2c2d-0894-4c79-9f04-0983b485b864"}, "severity": "info", "ip_address": "Unknown", "success": true}
{"id": "91f335e5-d4f6-460c-b0d6-552f917e7154", "timestamp": "2025-03-11T18:36:44.149463", "action": "login_success", "user_id": null, "resource": {"username": "admin@admin.com"}, "details": {}, "severity": "info", "ip_address": "Unknown", "success": true}
{"id": "ccc7c409-651f-4053-ae03-a4e6c444a22a", "timestamp": "2025-03-11T18:39:02.086328", "action": "logout", "user_id": "admin@admin.com", "resource": null, "details": {"method": "manual"}, "severity": "info", "ip_address": "Unknown", "success": true}
{"id": "93aadc7c-e69c-4228-a80c-2b93f82bef6f", "timestamp": "2025-03-11T18:39:02.662401", "action": "login_success", "user_id": "admin@admin.com", "resource": null, "details": {"session_id": "80f7f8f1-7a26-4f7e-82d1-4be0d95e6118"}, "severity": "info", "ip_address": "Unknown", "success": true}
{"id": "821833b0-9f0e-4c24-8c17-6798296ff677", "timestamp": "2025-03-11T18:39:02.668400", "action": "login_success", "user_id": null, "resource": {"username": "admin@admin.com"}, "details": {}, "severity": "info", "ip_address": "Unknown", "success": true}
{"id": "cfca3ac7-3400-485d-9f36-1ff9d72a8fb7", "timestamp": "2025-03-11T18:45:10.376782", "action": "login_success", "user_id": "admin@admin.com", "resource": null, "details": {"session_id": "019fbc3a-9a38-436d-8329-79ac508e8152"}, "severity": "info", "ip_address": "Unknown", "success": true}
{"id": "0055284d-9dc6-4ac5-bb47-0fcb7a06a1de", "timestamp": "2025-03-11T18:45:10.381784", "action": "login_success", "user_id": null, "resource": {"username": "admin@admin.com"}, "details": {}, "severity": "info", "ip_address": "Unknown", "success": true}
{"id": "4a22a53c-eae3-4b3f-95a0-e914d6d2003f", "timestamp": "2025-03-11T18:50:44.900600", "action": "login_success", "user_id": "soham", "resource": null, "details": {"session_id": "1b36d927-5191-4389-8f81-f58f2ea04697"}, "severity": "info", "ip_address": "Unknown", "success": true}
{"id": "1e5210a3-fa1d-4f8f-aa92-40cf4265094c", "timestamp": "2025-03-11T18:50:44.904996", "action": "login_success", "user_id": null, "resource": {"username": "soham"}, "details": {}, "severity": "info", "ip_address": "Unknown", "success": true}
{"id": "368e71e7-fbc7-423f-a49a-ec8dfa261131", "timestamp": "2025-03-11T18:51:06.532259", "action": "login_failed", "user_id": "admin@admin.com", "resource": null, "details": {"reason": "invalid_password"}, "severity": "info", "ip_address": "Unknown", "success": true}
{"id": "298bf96b-1e8d-4ae0-ab83-cc6b62795f70", "timestamp": "2025-03-11T18:51:06.548263", "action": "login_failed", "user_id": null, "resource": {"username": "admin@admin.com", "reason": "Invalid username or password"}, "details": {}, "severity": "info", "ip_address": "Unknown", "success": true}
{"id": "39eebcd4-8446-4b5c-8ae6-47a6301546e6", "timestamp": "2025-03-11T18:51:19.750923", "action": "login_success", "user_id": "admin@admin.com", "resource": null, "details": {"session_id": "2bc5c199-8868-4f5d-95f6-a86ff998a53d"}, "severity": "info", "ip_address": "Unknown", "success": true}
{"id": "57a75be2-f590-47e7-8e45-82cee5f06dda", "timestamp": "2025-03-11T18:51:19.755921", "action": "login_success", "user_id": null, "resource": {"username": "admin@admin.com"}, "details": {}, "severity": "info", "ip_address": "Unknown", "success": true}
{"id": "28253916-6b3d-4e25-945d-2f36da694c13", "timestamp": "2025-03-11T19:30:12.977897", "action": "login_failed", "user_id": "admin@admin.com", "resource": null, "details": {"reason": "invalid_password"}, "severity": "info", "ip_address": "Unknown", "success": true}
{"id": "d7891754-9daa-43f8-ac61-28327c1b92aa", "timestamp": "2025-03-11T19:30:12.991571", "action": "login_failed", "user_id": null, "resource": {"username": "admin@admin.com", "reason": "Invalid username or password"}, "details": {}, "severity": "info", "ip_address": "Unknown", "success": true}
{"id": "70ca8018-05ac-42c5-804b-29b902444c05", "timestamp": "2025-03-11T19:30:23.560108", "action": "login_success", "user_id": "admin@admin.com", "resource": null, "details": {"session_id": "a3b597ea-69e3-4540-940e-cffa45b6dad2"}, "severity": "info", "ip_address": "Unknown", "success": true}
{"id": "ffae60b8-7f62-4da6-959e-f3b46a9d5838", "timestamp": "2025-03-11T19:30:23.566107", "action": "login_success", "user_id": null, "resource": {"username": "admin@admin.com"}, "details": {}, "severity": "info", "ip_address": "Unknown", "success": true}
{"id": "a758f264-7817-4834-a1d4-a226e9e2dc70", "timestamp": "2025-03-11T19:30:56.194380", "action": "logout", "user_id": "admin@admin.com", "resource": null, "details": {"method": "manual"}, "severity": "info", "ip_address": "Unknown", "success": true}
{"id": "aaeff8df-010e-46f6-892f-19a80d047763", "timestamp": "2025-03-11T19:30:56.228842", "action": "login_success", "user_id": "admin@admin.com", "resource": null, "details": {"session_id": "38dd1612-c981-4b6e-a8b3-8cda545ed383"}, "severity": "info", "ip_address": "Unknown", "success": true}
{"id": "3324066e-d521-49c3-add6-74ee7ba18296", "timestamp": "2025-03-11T19:30:56.232843", "action": "login_success", "user_id": null, "resource": {"username": "admin@admin.com"}, "details": {}, "severity": "info", "ip_address": "Unknown", "success": true}
{"id": "f3825ab1-77a5-4af7-8683-e369c9a1a87d", "timestamp": "2025-03-11T19:37:58.868525", "action": "login_success", "user_id": "admin@admin.com", "resource": null, "details": {"session_id": "6944a6a4-30d1-447d-ad3d-4974d46aadd9"}, "severity": "info", "ip_address": "Unknown", "success": true}
{"id": "e93ef495-7847-4c90-8154-27a8265cb3f7", "timestamp": "2025-03-11T19:37:58.875529", "action": "login_success", "user_id": null, "resource": {"username": "admin@admin.com"}, "details": {}, "severity": "info", "ip_address": "Unknown", "success": true}
{"id": "5bfab3f8-dff3-48c6-a332-cbd6a077cd68", "timestamp": "2025-03-11T20:02:45.229174", "action": "login_failed", "user_id": "admin@admin.com", "resource": null, "details": {"reason": "invalid_password"}, "severity": "info", "ip_address": "Unknown", "success": true}
{"id": "c3f61325-f4a0-45e6-b067-1b6139783395", "timestamp": "2025-03-11T20:02:45.248180", "action": "login_failed", "user_id": null, "resource": {"username": "admin@admin.com", "reason": "Invalid username or password"}, "details": {}, "severity": "info", "ip_address": "Unknown", "success": true}
{"id": "79aaffc6-3fdc-41c3-aaa8-1d1301b8ba78", "timestamp": "2025-03-11T20:02:57.508296", "action": "login_success", "user_id": "admin@admin.com", "resource": null, "details": {"session_id": "9b72d551-ed15-4e90-a2e1-6355a446cafa"}, "severity": "info", "ip_address": "Unknown", "success": true}
{"id": "704aa1cf-03ba-4e2a-ab0f-eac349bdf409", "timestamp": "2025-03-11T20:02:57.516313", "action": "login_success", "user_id": null, "resource": {"username": "admin@admin.com"}, "details": {}, "severity": "info", "ip_address": "Unknown", "success": true}
{"id": "2141e380-c06f-4d53-973f-fc2b44300723", "timestamp": "2025-03-11T22:06:01.999100", "action": "login_failed", "user_id": "admin@admin.com", "resource": null, "details": {"reason": "invalid_password"}, "severity": "info", "ip_address": "Unknown", "success": true}
{"id": "619c3a18-664c-4ae9-89d7-db31674f450c", "timestamp": "2025-03-11T22:06:02.025402", "action": "login_failed", "user_id": null, "resource": {"username": "admin@admin.com", "reason": "Invalid username or password"}, "details": {}, "severity": "info", "ip_address": "Unknown", "success": true}
{"id": "27e71f5b-7774-4e5d-aeef-c65b86789192", "timestamp": "2025-03-11T22:07:00.695438", "action": "login_success", "user_id": "admin@admin.com", "resource": null, "details": {"session_id": "1153e752-e7db-4550-a31f-73933632cf75"}, "severity": "info", "ip_address": "Unknown", "success": true}
{"id": "b77157a4-fe3d-4375-a385-2038a13a6a5d", "timestamp": "2025-03-11T22:07:00.702378", "action": "login_success", "user_id": null, "resource": {"username": "admin@admin.com"}, "details": {}, "severity": "info", "ip_address": "Unknown", "success": true}
{"id": "17285a99-ddd4-403e-96a7-a5e9cda7f1d5", "timestamp": "2025-03-11T22:09:36.146187", "action": "user_created", "user_id": "rrr", "resource": null, "details": {"email": "rrr@example.com", "role": "user", "access_level": "pull"}, "severity": "info", "ip_address": "Unknown", "success": true}
{"id": "d212758c-736c-47c5-85a9-e0f4cc70f34e", "timestamp": "2025-03-11T22:10:06.237104", "action": "logout", "user_id": "admin@admin.com", "resource": null, "details": {"method": "manual"}, "severity": "info", "ip_address": "Unknown", "success": true}
{"id": "9e7ae613-a42c-440b-ae9c-fe7aa12a444c", "timestamp": "2025-03-11T22:10:07.875195", "action": "login_success", "user_id": "soham", "resource": null, "details": {"session_id": "d8c1e138-fd09-404b-b46b-0c3479c131e2"}, "severity": "info", "ip_address": "Unknown", "success": true}
{"id": "1fa779c3-3ff3-46c8-a250-e2a038fd5598", "timestamp": "2025-03-11T22:10:07.889402", "action": "login_success", "user_id": null, "resource": {"username": "soham"}, "details": {}, "severity": "info", "ip_address": "Unknown", "success": true}
{"id": "15431a55-bca4-4b4b-8c61-a995de29f09c", "timestamp": "2025-03-11T22:12:43.060794", "action": "login_success", "user_id": "admin@admin.com", "resource": null, "details": {"session_id": "84005c4c-9ed9-4f25-84e2-73f49d4e388b"}, "severity": "info", "ip_address": "Unknown", "success": true}
{"id": "ad6b2b1d-0322-4f77-b0ca-faf124d72e3b", "timestamp": "2025-03-11T22:12:43.070642", "action": "login_success", "user_id": null, "resource": {"username": "admin@admin.com"}, "details": {}, "severity": "info", "ip_address": "Unknown", "success": true}
{"id": "c5b87ea1-6d6d-470c-aa66-7683cfec1788", "timestamp": "2025-03-11T22:14:00.323014", "action": "login_success", "user_id": "admin@admin.com", "resource": null, "details": {"session_id": "50c02bc4-c4f0-497d-9bfa-77e15a287334"}, "severity": "info", "ip_address": "Unknown", "success": true}
{"id": "dbe82523-189d-4e2f-a803-7ee238d26d58", "timestamp": "2025-03-11T22:14:00.333094", "action": "login_success", "user_id": null, "resource": {"username": "admin@admin.com"}, "details": {}, "severity": "info", "ip_address": "Unknown", "success": true}
