{"id": "a33521de-65c1-4e47-ba71-21d429c677ce", "timestamp": "2025-03-09T00:27:29.944172", "action": "login_failed", "user_id": "admin", "resource": null, "details": {"reason": "user_not_found"}, "severity": "info", "ip_address": "Unknown", "success": true}
{"id": "e6d9e01c-2440-4f43-b288-422a560515de", "timestamp": "2025-03-09T00:27:29.958397", "action": "login_failed", "user_id": null, "resource": {"username": "admin", "reason": "Invalid username or password"}, "details": {}, "severity": "info", "ip_address": "Unknown", "success": true}
{"id": "b6372a89-7ae7-4765-a3c3-7f9903d34e1f", "timestamp": "2025-03-09T00:36:05.568518", "action": "login_success", "user_id": "admin@admin.com", "resource": null, "details": {"session_id": "d30c2cb8-32a6-4925-a1da-04b3fbf5df44"}, "severity": "info", "ip_address": "Unknown", "success": true}
{"id": "aaa2e5ce-d8ec-44f7-aed4-1e2e248cda5e", "timestamp": "2025-03-09T00:36:05.576526", "action": "login_success", "user_id": null, "resource": {"username": "admin@admin.com"}, "details": {}, "severity": "info", "ip_address": "Unknown", "success": true}
{"id": "53c7f739-2527-462e-8480-2cfe4eceba89", "timestamp": "2025-03-09T00:44:56.007821", "action": "login_success", "user_id": "admin@admin.com", "resource": null, "details": {"session_id": "11537888-ca7d-49e4-9eeb-f8b0200a6407"}, "severity": "info", "ip_address": "Unknown", "success": true}
{"id": "229f43c4-f9e6-4783-86ac-6b8610454955", "timestamp": "2025-03-09T00:44:56.030821", "action": "login_success", "user_id": null, "resource": {"username": "admin@admin.com"}, "details": {}, "severity": "info", "ip_address": "Unknown", "success": true}
{"id": "1db6cc1b-c8ce-45d4-bf21-c34db35c87da", "timestamp": "2025-03-09T16:11:02.935520", "action": "login_success", "user_id": "admin@admin.com", "resource": null, "details": {"session_id": "351cc25e-7556-4737-8819-0c996d1d78b5"}, "severity": "info", "ip_address": "Unknown", "success": true}
{"id": "0b0e43cf-780c-454b-acf5-ad7ef919aa67", "timestamp": "2025-03-09T16:11:02.951210", "action": "login_success", "user_id": null, "resource": {"username": "admin@admin.com"}, "details": {}, "severity": "info", "ip_address": "Unknown", "success": true}
{"id": "0f9d33f0-068c-42d0-bda8-2a6d14e0a4d4", "timestamp": "2025-03-09T16:14:23.002049", "action": "login_success", "user_id": "soham", "resource": null, "details": {"session_id": "feacf4ff-07e5-40e4-a516-fdb20db85d2a"}, "severity": "info", "ip_address": "Unknown", "success": true}
{"id": "9021c539-93d1-4654-802c-afe5b22af510", "timestamp": "2025-03-09T16:14:23.012451", "action": "login_success", "user_id": null, "resource": {"username": "soham"}, "details": {}, "severity": "info", "ip_address": "Unknown", "success": true}
{"id": "22c47811-9de8-4b0e-83ee-e4f8a1dc46dc", "timestamp": "2025-03-09T16:15:22.448636", "action": "login_success", "user_id": "admin@admin.com", "resource": null, "details": {"session_id": "424ba610-0cf5-458e-b9fa-941f8ac74426"}, "severity": "info", "ip_address": "Unknown", "success": true}
{"id": "66ce338b-b896-41fc-867a-c45a1073d0d1", "timestamp": "2025-03-09T16:15:22.459637", "action": "login_success", "user_id": null, "resource": {"username": "admin@admin.com"}, "details": {}, "severity": "info", "ip_address": "Unknown", "success": true}
{"id": "d0020873-c143-4c51-b94b-880f7ad3c577", "timestamp": "2025-03-09T16:19:45.868468", "action": "login_success", "user_id": "admin@admin.com", "resource": null, "details": {"session_id": "29fcfe7b-d7cb-44f0-b7d5-cd6024d24ae0"}, "severity": "info", "ip_address": "Unknown", "success": true}
{"id": "7975eb7f-b0f7-4ff5-b2e8-c1705574f518", "timestamp": "2025-03-09T16:19:45.872569", "action": "login_success", "user_id": null, "resource": {"username": "admin@admin.com"}, "details": {}, "severity": "info", "ip_address": "Unknown", "success": true}
{"id": "55d564e2-c08c-4e43-9a8f-31a2e43f6df6", "timestamp": "2025-03-09T18:00:32.225994", "action": "login_failed", "user_id": "soham", "resource": null, "details": {"reason": "invalid_password"}, "severity": "info", "ip_address": "Unknown", "success": true}
{"id": "d5cabda4-9d9d-4b55-95af-703f26bd4a6f", "timestamp": "2025-03-09T18:00:32.247510", "action": "login_failed", "user_id": null, "resource": {"username": "soham", "reason": "Invalid username or password"}, "details": {}, "severity": "info", "ip_address": "Unknown", "success": true}
{"id": "6ad8cf00-ac8d-4802-847f-d07fbd6cf26d", "timestamp": "2025-03-09T18:00:38.910837", "action": "login_failed", "user_id": "soham", "resource": null, "details": {"reason": "invalid_password"}, "severity": "info", "ip_address": "Unknown", "success": true}
{"id": "9a525b17-2ba6-4e1d-9df9-244a01d39888", "timestamp": "2025-03-09T18:00:38.934273", "action": "login_failed", "user_id": null, "resource": {"username": "soham", "reason": "Invalid username or password"}, "details": {}, "severity": "info", "ip_address": "Unknown", "success": true}
{"id": "3fd3ca55-bc4e-46a7-8e0c-6b7250c45964", "timestamp": "2025-03-09T18:00:51.750442", "action": "login_success", "user_id": "soham", "resource": null, "details": {"session_id": "be3680e2-6c3b-4cf0-ac8f-f57eaf8eb8c2"}, "severity": "info", "ip_address": "Unknown", "success": true}
{"id": "bc5383c6-8166-4a12-b95f-421163f8cfa2", "timestamp": "2025-03-09T18:00:51.755963", "action": "login_success", "user_id": null, "resource": {"username": "soham"}, "details": {}, "severity": "info", "ip_address": "Unknown", "success": true}
{"id": "6f623869-3fa5-4e73-9062-73fcfc704607", "timestamp": "2025-03-09T18:10:11.478887", "action": "login_success", "user_id": "soham", "resource": null, "details": {"session_id": "89e5e8c7-0782-4c86-a68a-01acbb612c5a"}, "severity": "info", "ip_address": "Unknown", "success": true}
{"id": "ed293c5b-541c-4136-8330-d4888081341c", "timestamp": "2025-03-09T18:10:11.487399", "action": "login_success", "user_id": null, "resource": {"username": "soham"}, "details": {}, "severity": "info", "ip_address": "Unknown", "success": true}
{"id": "f37dda50-ea0e-4e41-89e9-8fc66a5f9cb8", "timestamp": "2025-03-09T18:13:20.881610", "action": "login_success", "user_id": "soham", "resource": null, "details": {"session_id": "22c9b7a3-84aa-487e-96ee-3b327af0675f"}, "severity": "info", "ip_address": "Unknown", "success": true}
{"id": "0232f65c-67f1-4bcb-be4f-2cd96fb0bc73", "timestamp": "2025-03-09T18:13:20.889134", "action": "login_success", "user_id": null, "resource": {"username": "soham"}, "details": {}, "severity": "info", "ip_address": "Unknown", "success": true}
{"id": "e1d7e941-a22f-4606-bb11-cccac15f99fb", "timestamp": "2025-03-09T18:21:32.619226", "action": "login_failed", "user_id": "soham", "resource": null, "details": {"reason": "invalid_password"}, "severity": "info", "ip_address": "Unknown", "success": true}
{"id": "53800664-967b-445e-a162-0b00b3f8baf2", "timestamp": "2025-03-09T18:21:32.638230", "action": "login_failed", "user_id": null, "resource": {"username": "soham", "reason": "Invalid username or password"}, "details": {}, "severity": "info", "ip_address": "Unknown", "success": true}
{"id": "b93d3ba0-8e34-4b15-90cb-5b7e564ed2f1", "timestamp": "2025-03-09T18:21:41.736323", "action": "login_success", "user_id": "soham", "resource": null, "details": {"session_id": "3e11a3dc-2756-4598-adfc-ed1909cb75fe"}, "severity": "info", "ip_address": "Unknown", "success": true}
{"id": "30916a04-3a56-41ff-8ae5-e6268fa08b7a", "timestamp": "2025-03-09T18:21:41.743323", "action": "login_success", "user_id": null, "resource": {"username": "soham"}, "details": {}, "severity": "info", "ip_address": "Unknown", "success": true}
{"id": "1e60d069-0c66-4a78-9c56-651a34d41636", "timestamp": "2025-03-09T18:29:18.948149", "action": "login_success", "user_id": "soham", "resource": null, "details": {"session_id": "a1937e91-81c4-4a3a-9466-2c0d91c0ed55"}, "severity": "info", "ip_address": "Unknown", "success": true}
{"id": "cb452b23-39d2-487f-970b-36794799e3dd", "timestamp": "2025-03-09T18:29:18.961149", "action": "login_success", "user_id": null, "resource": {"username": "soham"}, "details": {}, "severity": "info", "ip_address": "Unknown", "success": true}
{"id": "79d0aba5-71e8-4c93-a460-94bc70f5087a", "timestamp": "2025-03-09T18:33:53.981758", "action": "login_success", "user_id": "soham", "resource": null, "details": {"session_id": "b8d8201f-9feb-4c42-bc3c-0e5cd076d16c"}, "severity": "info", "ip_address": "Unknown", "success": true}
{"id": "73c382df-abb0-423d-87f2-79c367f085bc", "timestamp": "2025-03-09T18:33:53.987766", "action": "login_success", "user_id": null, "resource": {"username": "soham"}, "details": {}, "severity": "info", "ip_address": "Unknown", "success": true}
{"id": "2e22268d-4436-478a-ae44-c02689a02e19", "timestamp": "2025-03-09T18:43:14.908888", "action": "login_success", "user_id": "soham", "resource": null, "details": {"session_id": "02ce1f0b-3fd5-461c-a2d0-0ab4eece16be"}, "severity": "info", "ip_address": "Unknown", "success": true}
{"id": "6cf9bfd1-5cee-4c52-bea5-6680a222fbdd", "timestamp": "2025-03-09T18:43:14.914978", "action": "login_success", "user_id": null, "resource": {"username": "soham"}, "details": {}, "severity": "info", "ip_address": "Unknown", "success": true}
{"id": "7bae76b2-a819-4f97-a02e-c51beba3ed1a", "timestamp": "2025-03-09T18:48:35.186136", "action": "login_success", "user_id": "soham", "resource": null, "details": {"session_id": "55410a71-c539-4466-ad3e-ba1737531805"}, "severity": "info", "ip_address": "Unknown", "success": true}
{"id": "7b0497f2-341c-4960-bad6-9f87f0792741", "timestamp": "2025-03-09T18:48:35.193244", "action": "login_success", "user_id": null, "resource": {"username": "soham"}, "details": {}, "severity": "info", "ip_address": "Unknown", "success": true}
{"id": "ad5c08bf-1118-4cfe-bae6-27da95f1980b", "timestamp": "2025-03-09T18:51:25.039876", "action": "login_success", "user_id": "uid", "resource": null, "details": {"session_id": "3814894b-43fe-4d0e-88d7-41af98b05582"}, "severity": "info", "ip_address": "Unknown", "success": true}
{"id": "833d686b-f348-4217-89a9-5a70fec3ff90", "timestamp": "2025-03-09T18:51:25.054941", "action": "login_success", "user_id": null, "resource": {"username": "uid"}, "details": {}, "severity": "info", "ip_address": "Unknown", "success": true}
{"id": "a6f8fce9-b3f5-4558-ba50-3f9ca63ec60b", "timestamp": "2025-03-09T18:51:33.254882", "action": "login_success", "user_id": "uid", "resource": null, "details": {"session_id": "55d317b9-51b5-48f1-8c39-d43413204f5c"}, "severity": "info", "ip_address": "Unknown", "success": true}
{"id": "814587cc-3249-4eb8-8215-4963a1279d56", "timestamp": "2025-03-09T18:51:33.264439", "action": "login_success", "user_id": null, "resource": {"username": "uid"}, "details": {}, "severity": "info", "ip_address": "Unknown", "success": true}
{"id": "5496aa31-6cd2-402b-8bb8-9e87e5bbb640", "timestamp": "2025-03-09T18:51:41.198856", "action": "login_success", "user_id": "uid", "resource": null, "details": {"session_id": "5432c95e-4b84-449b-a278-1d8fd07279a2"}, "severity": "info", "ip_address": "Unknown", "success": true}
{"id": "dcca6f52-498c-4c47-9349-33488605a1fe", "timestamp": "2025-03-09T18:51:41.203370", "action": "login_success", "user_id": null, "resource": {"username": "uid"}, "details": {}, "severity": "info", "ip_address": "Unknown", "success": true}
{"id": "4653b3cd-bd6a-47ee-94c6-20b85c60119f", "timestamp": "2025-03-09T18:51:42.836802", "action": "login_success", "user_id": "uid", "resource": null, "details": {"session_id": "34d9d90e-4112-40ff-8717-5e351850d21c"}, "severity": "info", "ip_address": "Unknown", "success": true}
{"id": "1f7404a0-4acb-4827-aedf-d5e1923e3502", "timestamp": "2025-03-09T18:51:42.845098", "action": "login_success", "user_id": null, "resource": {"username": "uid"}, "details": {}, "severity": "info", "ip_address": "Unknown", "success": true}
{"id": "9df32558-9e7c-4d0d-ad03-4da098cf3735", "timestamp": "2025-03-09T18:51:43.150992", "action": "login_success", "user_id": "uid", "resource": null, "details": {"session_id": "0c2e526a-7286-47c5-8aae-7d9e946ee361"}, "severity": "info", "ip_address": "Unknown", "success": true}
{"id": "d02971ce-4ec0-487b-90e3-aad423695df8", "timestamp": "2025-03-09T18:51:43.160000", "action": "login_success", "user_id": null, "resource": {"username": "uid"}, "details": {}, "severity": "info", "ip_address": "Unknown", "success": true}
{"id": "d917b010-7d50-4820-a551-12646f3aa265", "timestamp": "2025-03-09T18:51:43.464686", "action": "login_success", "user_id": "uid", "resource": null, "details": {"session_id": "db3366c4-fdcd-4f24-bf95-c8c0fc6fd414"}, "severity": "info", "ip_address": "Unknown", "success": true}
{"id": "b765e3ea-ff73-4821-b24e-ea2504d03046", "timestamp": "2025-03-09T18:51:43.470720", "action": "login_success", "user_id": null, "resource": {"username": "uid"}, "details": {}, "severity": "info", "ip_address": "Unknown", "success": true}
{"id": "bc93391b-b259-4bdf-a56e-ae2165bdb42b", "timestamp": "2025-03-09T18:51:43.821340", "action": "login_success", "user_id": "uid", "resource": null, "details": {"session_id": "386550e3-fc05-481a-a245-8b8769c4c603"}, "severity": "info", "ip_address": "Unknown", "success": true}
{"id": "a102805e-3d12-4348-a7c5-d537f8d23cb3", "timestamp": "2025-03-09T18:51:43.826319", "action": "login_success", "user_id": null, "resource": {"username": "uid"}, "details": {}, "severity": "info", "ip_address": "Unknown", "success": true}
{"id": "75013c48-2724-47ef-a9f5-75242f836a92", "timestamp": "2025-03-09T18:51:44.143775", "action": "login_success", "user_id": "uid", "resource": null, "details": {"session_id": "3c043465-ca1c-48ef-95bd-959894631b73"}, "severity": "info", "ip_address": "Unknown", "success": true}
{"id": "958a6308-2bd4-44eb-a5cf-b58c7030081f", "timestamp": "2025-03-09T18:51:44.147775", "action": "login_success", "user_id": null, "resource": {"username": "uid"}, "details": {}, "severity": "info", "ip_address": "Unknown", "success": true}
{"id": "9d8f5e84-0ac1-42f4-a1b5-4aed9f841d6a", "timestamp": "2025-03-09T18:51:45.305782", "action": "login_success", "user_id": "uid", "resource": null, "details": {"session_id": "75b803ad-03fc-4eee-aedf-347aa6b6d5c7"}, "severity": "info", "ip_address": "Unknown", "success": true}
{"id": "bb131b8d-6c72-42e3-a37a-fc3f9fa3e42c", "timestamp": "2025-03-09T18:51:45.309798", "action": "login_success", "user_id": null, "resource": {"username": "uid"}, "details": {}, "severity": "info", "ip_address": "Unknown", "success": true}
{"id": "7476d896-3e4b-4695-ac1f-3551e6195cd4", "timestamp": "2025-03-09T18:51:45.609204", "action": "login_success", "user_id": "uid", "resource": null, "details": {"session_id": "0548ad52-3c8a-455e-bd05-952be7003574"}, "severity": "info", "ip_address": "Unknown", "success": true}
{"id": "f058c7af-4ebb-4389-8941-56d3b52cfd6d", "timestamp": "2025-03-09T18:51:45.614268", "action": "login_success", "user_id": null, "resource": {"username": "uid"}, "details": {}, "severity": "info", "ip_address": "Unknown", "success": true}
{"id": "1cf8c680-e357-4563-a2f2-d63baad05e59", "timestamp": "2025-03-09T18:59:22.494560", "action": "login_success", "user_id": "admin@admin.com", "resource": null, "details": {"session_id": "57318b3c-88b9-4bab-a6ec-ec9470fefbac"}, "severity": "info", "ip_address": "Unknown", "success": true}
{"id": "5788f94f-dd7a-40e6-9397-d03f161b59c1", "timestamp": "2025-03-09T18:59:22.508087", "action": "login_success", "user_id": null, "resource": {"username": "admin@admin.com"}, "details": {}, "severity": "info", "ip_address": "Unknown", "success": true}
{"id": "a72f53ae-fa4c-4e07-9791-b52cb8db97c7", "timestamp": "2025-03-09T19:28:16.989072", "action": "login_success", "user_id": "admin@admin.com", "resource": null, "details": {"session_id": "4333e2cb-e861-49ce-bb85-32f50045a900"}, "severity": "info", "ip_address": "Unknown", "success": true}
{"id": "7dde1b05-6f90-4fc6-b8b6-92b7d775f3d6", "timestamp": "2025-03-09T19:28:17.001152", "action": "login_success", "user_id": null, "resource": {"username": "admin@admin.com"}, "details": {}, "severity": "info", "ip_address": "Unknown", "success": true}
{"id": "62b52ceb-1b41-4993-8e9a-5a8a24f10598", "timestamp": "2025-03-09T19:30:31.994266", "action": "login_success", "user_id": "admin@admin.com", "resource": null, "details": {"session_id": "9b57acb0-636f-4d57-ac91-d235385342b8"}, "severity": "info", "ip_address": "Unknown", "success": true}
{"id": "ab1fd7c7-e1b3-4b4a-9608-ebd91a9fb90d", "timestamp": "2025-03-09T19:30:32.001412", "action": "login_success", "user_id": null, "resource": {"username": "admin@admin.com"}, "details": {}, "severity": "info", "ip_address": "Unknown", "success": true}
{"id": "6a831e01-df05-41a8-a198-ca3a42172bce", "timestamp": "2025-03-09T19:32:59.952257", "action": "login_success", "user_id": "admin@admin.com", "resource": null, "details": {"session_id": "b6b6fcb5-59cd-486d-b422-6d308bee2dc0"}, "severity": "info", "ip_address": "Unknown", "success": true}
{"id": "91bc0812-303f-4725-834e-b56c59eba993", "timestamp": "2025-03-09T19:32:59.960262", "action": "login_success", "user_id": null, "resource": {"username": "admin@admin.com"}, "details": {}, "severity": "info", "ip_address": "Unknown", "success": true}
{"id": "7baf24d1-d93f-46fe-8338-85494ce77c49", "timestamp": "2025-03-09T19:35:00.570126", "action": "login_failed", "user_id": "admin@admin.com", "resource": null, "details": {"reason": "invalid_password"}, "severity": "info", "ip_address": "Unknown", "success": true}
{"id": "054cb5fc-be50-484e-a3dd-2e5ca7244a4f", "timestamp": "2025-03-09T19:35:00.583467", "action": "login_failed", "user_id": null, "resource": {"username": "admin@admin.com", "reason": "Invalid username or password"}, "details": {}, "severity": "info", "ip_address": "Unknown", "success": true}
{"id": "d8a6aa54-a6f5-40de-aa63-81e4044ccd98", "timestamp": "2025-03-09T19:35:09.455198", "action": "login_success", "user_id": "admin@admin.com", "resource": null, "details": {"session_id": "b056b250-6ed5-4654-8938-122ddc48115e"}, "severity": "info", "ip_address": "Unknown", "success": true}
{"id": "76c39efa-cb1e-4b15-b9e7-fa5f5b78ea71", "timestamp": "2025-03-09T19:35:09.461528", "action": "login_success", "user_id": null, "resource": {"username": "admin@admin.com"}, "details": {}, "severity": "info", "ip_address": "Unknown", "success": true}
{"id": "20da033b-0700-4226-80e2-07114d1654b8", "timestamp": "2025-03-09T19:36:50.217855", "action": "login_success", "user_id": "admin@admin.com", "resource": null, "details": {"session_id": "dc235f86-a59d-49a8-bb88-86ff2d31ff6b"}, "severity": "info", "ip_address": "Unknown", "success": true}
{"id": "c57a2270-7043-4b5f-9ab1-193efb851bc6", "timestamp": "2025-03-09T19:36:50.224407", "action": "login_success", "user_id": null, "resource": {"username": "admin@admin.com"}, "details": {}, "severity": "info", "ip_address": "Unknown", "success": true}
{"id": "68fa8718-bb55-46f4-ab1d-c0027b6657a8", "timestamp": "2025-03-09T19:39:29.955399", "action": "login_success", "user_id": "admin@admin.com", "resource": null, "details": {"session_id": "9ccf131e-c80d-4bc5-9135-1d3fa886641d"}, "severity": "info", "ip_address": "Unknown", "success": true}
{"id": "d1cb6c8c-63d9-42bf-b613-713b3bebb395", "timestamp": "2025-03-09T19:39:29.961424", "action": "login_success", "user_id": null, "resource": {"username": "admin@admin.com"}, "details": {}, "severity": "info", "ip_address": "Unknown", "success": true}
{"id": "9a773c70-1ae5-495c-be55-9cd2442f61bd", "timestamp": "2025-03-09T19:40:59.868505", "action": "login_success", "user_id": "admin@admin.com", "resource": null, "details": {"session_id": "b087272d-1ca6-44ec-bb59-d3a0e5eba6b0"}, "severity": "info", "ip_address": "Unknown", "success": true}
{"id": "be6c8635-9c26-4c62-919d-5bfc2beec03d", "timestamp": "2025-03-09T19:40:59.876043", "action": "login_success", "user_id": null, "resource": {"username": "admin@admin.com"}, "details": {}, "severity": "info", "ip_address": "Unknown", "success": true}
{"id": "39510809-0a97-412b-95a4-1bc7157a1948", "timestamp": "2025-03-09T19:43:29.875433", "action": "login_failed", "user_id": "admin@admin.com", "resource": null, "details": {"reason": "invalid_password"}, "severity": "info", "ip_address": "Unknown", "success": true}
{"id": "a44f923a-3777-44a7-a6ee-d098758047f9", "timestamp": "2025-03-09T19:43:29.889303", "action": "login_failed", "user_id": null, "resource": {"username": "admin@admin.com", "reason": "Invalid username or password"}, "details": {}, "severity": "info", "ip_address": "Unknown", "success": true}
{"id": "d4ecffaa-535d-41ff-86a1-b40b86de9ed8", "timestamp": "2025-03-09T19:43:39.265288", "action": "login_success", "user_id": "admin@admin.com", "resource": null, "details": {"session_id": "215e8529-4acc-4d16-85c7-a4c75d606e6f"}, "severity": "info", "ip_address": "Unknown", "success": true}
{"id": "b845fe2f-6357-4909-83ca-4331bd8eb3fb", "timestamp": "2025-03-09T19:43:39.272684", "action": "login_success", "user_id": null, "resource": {"username": "admin@admin.com"}, "details": {}, "severity": "info", "ip_address": "Unknown", "success": true}
{"id": "4d515f60-8aa4-4a69-8b7e-72c7b50a84d9", "timestamp": "2025-03-09T19:47:17.108016", "action": "login_success", "user_id": "admin@admin.com", "resource": null, "details": {"session_id": "3647c85b-a4a6-4748-aad9-4e453ff51f89"}, "severity": "info", "ip_address": "Unknown", "success": true}
{"id": "31050ff1-de1b-4080-853c-102452c62b45", "timestamp": "2025-03-09T19:47:17.117072", "action": "login_success", "user_id": null, "resource": {"username": "admin@admin.com"}, "details": {}, "severity": "info", "ip_address": "Unknown", "success": true}
{"id": "9bedb3b2-60c3-4034-97ac-9654f9ab8473", "timestamp": "2025-03-09T19:49:54.497560", "action": "login_success", "user_id": "admin@admin.com", "resource": null, "details": {"session_id": "8931159d-b25e-4d11-9cdc-64be3dbeffe4"}, "severity": "info", "ip_address": "Unknown", "success": true}
{"id": "5ad0fa6f-fc48-4c0a-bac3-dee2c9c51888", "timestamp": "2025-03-09T19:49:54.503013", "action": "login_success", "user_id": null, "resource": {"username": "admin@admin.com"}, "details": {}, "severity": "info", "ip_address": "Unknown", "success": true}
{"id": "fa98da71-fc5f-4dd0-a351-1a276a0cd48e", "timestamp": "2025-03-09T19:52:28.631789", "action": "login_success", "user_id": "admin@admin.com", "resource": null, "details": {"session_id": "7d23bd5b-d0b1-413d-8bc1-5671b5dcdc67"}, "severity": "info", "ip_address": "Unknown", "success": true}
{"id": "b4d22194-1f8f-46a9-9a6d-7b394f305f0d", "timestamp": "2025-03-09T19:52:28.644421", "action": "login_success", "user_id": null, "resource": {"username": "admin@admin.com"}, "details": {}, "severity": "info", "ip_address": "Unknown", "success": true}
{"id": "ef87255e-4a7f-4833-8e41-3cc897379c3e", "timestamp": "2025-03-09T19:55:13.562771", "action": "login_success", "user_id": "admin@admin.com", "resource": null, "details": {"session_id": "56cc7c9c-bd1f-40db-9bad-f75a7a6c6549"}, "severity": "info", "ip_address": "Unknown", "success": true}
{"id": "416d2ca0-76a9-482c-bcff-695754aa9d14", "timestamp": "2025-03-09T19:55:13.567771", "action": "login_success", "user_id": null, "resource": {"username": "admin@admin.com"}, "details": {}, "severity": "info", "ip_address": "Unknown", "success": true}
{"id": "5215b667-f8e8-4b0f-a129-38b27ef689c7", "timestamp": "2025-03-09T20:29:20.100045", "action": "login_success", "user_id": "admin@admin.com", "resource": null, "details": {"session_id": "be68c2f9-c8d6-4a6e-b61b-4ba17b788731"}, "severity": "info", "ip_address": "Unknown", "success": true}
{"id": "15cbdeec-ba90-49d9-80ab-160a2d5546cb", "timestamp": "2025-03-09T20:29:20.118728", "action": "login_success", "user_id": null, "resource": {"username": "admin@admin.com"}, "details": {}, "severity": "info", "ip_address": "Unknown", "success": true}
{"id": "9845dfed-e741-4bda-910f-7792cc1269e0", "timestamp": "2025-03-09T20:32:07.995378", "action": "login_success", "user_id": "admin@admin.com", "resource": null, "details": {"session_id": "80125466-cbf5-4187-8055-f3da4f18c052"}, "severity": "info", "ip_address": "Unknown", "success": true}
{"id": "e98a00ef-7c9f-4242-89d8-6cce5612524a", "timestamp": "2025-03-09T20:32:08.000914", "action": "login_success", "user_id": null, "resource": {"username": "admin@admin.com"}, "details": {}, "severity": "info", "ip_address": "Unknown", "success": true}
{"id": "b568b76d-956d-4832-a7ea-56f604e70a99", "timestamp": "2025-03-09T20:35:05.823448", "action": "login_success", "user_id": "admin@admin.com", "resource": null, "details": {"session_id": "70e93d1e-f4a3-4065-b6fb-2fdc7f61e1a0"}, "severity": "info", "ip_address": "Unknown", "success": true}
{"id": "d3f21e6f-d61e-485a-a37a-83d2a6ab64db", "timestamp": "2025-03-09T20:35:05.835448", "action": "login_success", "user_id": null, "resource": {"username": "admin@admin.com"}, "details": {}, "severity": "info", "ip_address": "Unknown", "success": true}
{"id": "b83bd467-2d06-40a8-a7da-5299a50fc475", "timestamp": "2025-03-09T20:37:14.150886", "action": "login_success", "user_id": "admin@admin.com", "resource": null, "details": {"session_id": "78bbba0b-455b-4f0c-89a2-a801ecf1c65b"}, "severity": "info", "ip_address": "Unknown", "success": true}
{"id": "60c6a825-d68a-4fed-926a-4a83e29e9fbd", "timestamp": "2025-03-09T20:37:14.159886", "action": "login_success", "user_id": null, "resource": {"username": "admin@admin.com"}, "details": {}, "severity": "info", "ip_address": "Unknown", "success": true}
{"id": "d5b9ec76-6abc-4c12-b34b-f1c0f16e7376", "timestamp": "2025-03-09T20:38:49.859205", "action": "login_success", "user_id": "admin@admin.com", "resource": null, "details": {"session_id": "95245345-0d50-4f22-a64e-89338ae7b99f"}, "severity": "info", "ip_address": "Unknown", "success": true}
{"id": "df50e283-5ec4-480a-ba9c-1c72a616fbcd", "timestamp": "2025-03-09T20:38:49.867206", "action": "login_success", "user_id": null, "resource": {"username": "admin@admin.com"}, "details": {}, "severity": "info", "ip_address": "Unknown", "success": true}
{"id": "2e19583c-1d31-4dd5-89f3-7c8c5dc02e24", "timestamp": "2025-03-09T20:40:27.972988", "action": "login_success", "user_id": "admin@admin.com", "resource": null, "details": {"session_id": "0a5a5453-9fa7-41de-95fb-d21e4e301e2a"}, "severity": "info", "ip_address": "Unknown", "success": true}
{"id": "b33c7b14-502c-4e94-83a8-7d0e405c96a8", "timestamp": "2025-03-09T20:40:27.981000", "action": "login_success", "user_id": null, "resource": {"username": "admin@admin.com"}, "details": {}, "severity": "info", "ip_address": "Unknown", "success": true}
{"id": "ce97b934-8bea-4294-aa3d-022f4baedc20", "timestamp": "2025-03-09T20:43:00.405710", "action": "login_success", "user_id": "admin@admin.com", "resource": null, "details": {"session_id": "b6a806e7-a6c3-424b-b1ab-bb65f516587f"}, "severity": "info", "ip_address": "Unknown", "success": true}
{"id": "09edc0ba-4a5b-46c6-9f37-6414d4b0c6a6", "timestamp": "2025-03-09T20:43:00.411711", "action": "login_success", "user_id": null, "resource": {"username": "admin@admin.com"}, "details": {}, "severity": "info", "ip_address": "Unknown", "success": true}
{"id": "6ceeca84-e50a-4199-832e-8bc8f0760c51", "timestamp": "2025-03-09T20:46:24.025655", "action": "login_failed", "user_id": "admin@admin.com", "resource": null, "details": {"reason": "invalid_password"}, "severity": "info", "ip_address": "Unknown", "success": true}
{"id": "157ae1ad-4e75-4d34-9e5b-1aa5797a244c", "timestamp": "2025-03-09T20:46:24.039546", "action": "login_failed", "user_id": null, "resource": {"username": "admin@admin.com", "reason": "Invalid username or password"}, "details": {}, "severity": "info", "ip_address": "Unknown", "success": true}
{"id": "bffd5260-4039-4dbe-a076-fe935d99de87", "timestamp": "2025-03-09T20:46:31.004608", "action": "login_failed", "user_id": "admin@admin.com", "resource": null, "details": {"reason": "invalid_password"}, "severity": "info", "ip_address": "Unknown", "success": true}
{"id": "b3b38370-f5ab-461d-a27c-34e761ed6183", "timestamp": "2025-03-09T20:46:31.019367", "action": "login_failed", "user_id": null, "resource": {"username": "admin@admin.com", "reason": "Invalid username or password"}, "details": {}, "severity": "info", "ip_address": "Unknown", "success": true}
{"id": "6daca549-ae44-4860-9209-305284d7cd1e", "timestamp": "2025-03-09T20:46:41.240154", "action": "login_success", "user_id": "admin@admin.com", "resource": null, "details": {"session_id": "9055fc26-3dfc-45c4-ac69-f525f7e56fa8"}, "severity": "info", "ip_address": "Unknown", "success": true}
{"id": "c80d45c7-a6ef-4ffa-b758-2e37a0ba0cd8", "timestamp": "2025-03-09T20:46:41.246516", "action": "login_success", "user_id": null, "resource": {"username": "admin@admin.com"}, "details": {}, "severity": "info", "ip_address": "Unknown", "success": true}
