{"id": "381050b7-4333-4abd-84a8-edfe1e5655c9", "timestamp": "2025-03-13T00:00:59.829536", "action": "login_success", "user_id": "admin@admin.com", "resource": null, "details": {"session_id": "ea82f28d-a0f5-47d6-80fc-ce5d2e6b02c3"}, "severity": "info", "ip_address": "Unknown", "success": true}
{"id": "38233563-fb66-49d8-bd56-78e54679141a", "timestamp": "2025-03-13T00:00:59.834538", "action": "login_success", "user_id": null, "resource": {"username": "admin@admin.com"}, "details": {}, "severity": "info", "ip_address": "Unknown", "success": true}
{"id": "b12db86b-8c3e-4eeb-9286-4b1905106ed6", "timestamp": "2025-03-13T00:07:34.905997", "action": "login_success", "user_id": "admin@admin.com", "resource": null, "details": {"session_id": "6d750990-0c8a-4c86-95b2-99aefc69da25"}, "severity": "info", "ip_address": "Unknown", "success": true}
{"id": "93bbcdb1-2dff-4c4a-9612-599f677812de", "timestamp": "2025-03-13T00:07:34.913487", "action": "login_success", "user_id": null, "resource": {"username": "admin@admin.com"}, "details": {}, "severity": "info", "ip_address": "Unknown", "success": true}
{"id": "562b4602-429b-4aca-95cc-3ebf25b6612e", "timestamp": "2025-03-13T00:25:54.283630", "action": "login_success", "user_id": "admin@admin.com", "resource": null, "details": {"session_id": "ea1ab2a2-c29e-4cb6-a804-542efd1dbb8f"}, "severity": "info", "ip_address": "Unknown", "success": true}
{"id": "41bfe160-41c0-479e-a037-93a8c57e905f", "timestamp": "2025-03-13T00:25:54.288945", "action": "login_success", "user_id": null, "resource": {"username": "admin@admin.com"}, "details": {}, "severity": "info", "ip_address": "Unknown", "success": true}
{"id": "59e334e3-57f7-4761-b172-ba069ee1fb2a", "timestamp": "2025-03-13T00:28:31.059728", "action": "login_success", "user_id": "admin@admin.com", "resource": null, "details": {"session_id": "ded996fa-87da-45d8-86aa-a25680cb2cc6"}, "severity": "info", "ip_address": "Unknown", "success": true}
{"id": "25314bb9-e72a-4cc0-9796-8c1c427d093a", "timestamp": "2025-03-13T00:28:31.064734", "action": "login_success", "user_id": null, "resource": {"username": "admin@admin.com"}, "details": {}, "severity": "info", "ip_address": "Unknown", "success": true}
{"id": "ddae6ed0-800f-4e0c-918b-ddc554a61911", "timestamp": "2025-03-13T00:30:17.193490", "action": "login_success", "user_id": "admin@admin.com", "resource": null, "details": {"session_id": "4abb2b2a-2623-4784-9b10-211b122781a9"}, "severity": "info", "ip_address": "Unknown", "success": true}
{"id": "84e4b1e4-f618-47d9-91c3-89cbe453fb5b", "timestamp": "2025-03-13T00:30:17.199736", "action": "login_success", "user_id": null, "resource": {"username": "admin@admin.com"}, "details": {}, "severity": "info", "ip_address": "Unknown", "success": true}
{"id": "f7becc3a-2f62-44fa-bd2e-f1d583922d2e", "timestamp": "2025-03-13T00:41:38.498933", "action": "login_success", "user_id": "admin@admin.com", "resource": null, "details": {"session_id": "afba28e9-73be-4f68-a658-f461d5e48f3f"}, "severity": "info", "ip_address": "Unknown", "success": true}
{"id": "f0eb723a-3e36-4a30-8b06-1bee11a0ab12", "timestamp": "2025-03-13T00:41:38.503431", "action": "login_success", "user_id": null, "resource": {"username": "admin@admin.com"}, "details": {}, "severity": "info", "ip_address": "Unknown", "success": true}
{"id": "8cd81789-2725-4dc4-84a6-6da5c5ce6098", "timestamp": "2025-03-13T01:00:24.163143", "action": "login_failed", "user_id": "admin@admin.com", "resource": null, "details": {"reason": "invalid_password"}, "severity": "info", "ip_address": "Unknown", "success": true}
{"id": "665f9275-6785-4f39-917b-5ed5d033eb1c", "timestamp": "2025-03-13T01:00:24.183478", "action": "login_failed", "user_id": null, "resource": {"username": "admin@admin.com", "reason": "Invalid username or password"}, "details": {}, "severity": "info", "ip_address": "Unknown", "success": true}
{"id": "4a4be477-386b-4b38-b50a-a9089d8db638", "timestamp": "2025-03-13T01:00:39.082394", "action": "login_success", "user_id": "admin@admin.com", "resource": null, "details": {"session_id": "3763b7f7-001c-4d3d-9a62-b38793df9ec7"}, "severity": "info", "ip_address": "Unknown", "success": true}
{"id": "7d1a15da-0318-4bfd-90af-b0ca0d9eac6a", "timestamp": "2025-03-13T01:00:39.088516", "action": "login_success", "user_id": null, "resource": {"username": "admin@admin.com"}, "details": {}, "severity": "info", "ip_address": "Unknown", "success": true}
{"id": "54d06e9c-f666-41c9-9080-126626cc87ef", "timestamp": "2025-03-13T01:05:45.282540", "action": "login_success", "user_id": "admin@admin.com", "resource": null, "details": {"session_id": "6fad20d5-25ec-468e-89da-3197bdda2100"}, "severity": "info", "ip_address": "Unknown", "success": true}
{"id": "ae10a008-6acc-4902-8776-5edabbc235d0", "timestamp": "2025-03-13T01:05:45.289598", "action": "login_success", "user_id": null, "resource": {"username": "admin@admin.com"}, "details": {}, "severity": "info", "ip_address": "Unknown", "success": true}
{"id": "8bd6faa5-f336-4044-8e52-f17b5980a3de", "timestamp": "2025-03-13T01:26:51.823066", "action": "login_success", "user_id": "admin@admin.com", "resource": null, "details": {"session_id": "4d29a85b-243a-404f-9368-b89785472c75"}, "severity": "info", "ip_address": "Unknown", "success": true}
{"id": "f7266cee-3d9b-4847-b225-b0a28c65027a", "timestamp": "2025-03-13T01:26:51.829066", "action": "login_success", "user_id": null, "resource": {"username": "admin@admin.com"}, "details": {}, "severity": "info", "ip_address": "Unknown", "success": true}
{"id": "2fbc7d4c-693e-40a0-9079-82c6160ddb2b", "timestamp": "2025-03-13T01:31:16.665683", "action": "login_success", "user_id": "admin@admin.com", "resource": null, "details": {"session_id": "33c32554-37b8-45ee-b79d-668218e1ad58"}, "severity": "info", "ip_address": "Unknown", "success": true}
{"id": "4420856e-c860-45a0-b6ba-bdfed37dca38", "timestamp": "2025-03-13T01:31:16.669880", "action": "login_success", "user_id": null, "resource": {"username": "admin@admin.com"}, "details": {}, "severity": "info", "ip_address": "Unknown", "success": true}
{"id": "140d56fb-db7c-477a-bff8-158e5807f5ce", "timestamp": "2025-03-13T01:56:05.568493", "action": "login_success", "user_id": "admin@admin.com", "resource": null, "details": {"session_id": "0335f24a-279f-4402-9df9-7f9e22e1b500"}, "severity": "info", "ip_address": "Unknown", "success": true}
{"id": "c5b065d4-13a5-402d-a001-d5d53d046026", "timestamp": "2025-03-13T01:56:05.571494", "action": "login_success", "user_id": null, "resource": {"username": "admin@admin.com"}, "details": {}, "severity": "info", "ip_address": "Unknown", "success": true}
{"id": "806f5e61-1919-448e-895c-9504d9cd8f4a", "timestamp": "2025-03-13T01:56:33.420079", "action": "login_success", "user_id": "admin@admin.com", "resource": null, "details": {"session_id": "406557c9-2282-4ed5-8c42-ba09f8b4dcbe"}, "severity": "info", "ip_address": "Unknown", "success": true}
{"id": "4610f8b0-cda3-4a8e-a64d-00c844e9a7af", "timestamp": "2025-03-13T01:56:33.424936", "action": "login_success", "user_id": null, "resource": {"username": "admin@admin.com"}, "details": {}, "severity": "info", "ip_address": "Unknown", "success": true}
{"id": "2ad38160-06a3-4c96-9e65-c8741dd58a7b", "timestamp": "2025-03-13T01:57:04.279793", "action": "login_success", "user_id": "admin@admin.com", "resource": null, "details": {"session_id": "05e420fc-f858-4a4e-9926-3c8b3455bfdf"}, "severity": "info", "ip_address": "Unknown", "success": true}
{"id": "ea3e53a5-6bc3-4219-bccf-dc815c62cc91", "timestamp": "2025-03-13T01:57:04.284799", "action": "login_success", "user_id": null, "resource": {"username": "admin@admin.com"}, "details": {}, "severity": "info", "ip_address": "Unknown", "success": true}
{"id": "a7c764d9-bfa2-47c6-9a79-8724a32401eb", "timestamp": "2025-03-13T02:01:45.654625", "action": "login_success", "user_id": "admin@admin.com", "resource": null, "details": {"session_id": "3eae2b20-2553-4eca-b57e-ee1aa8f1e546"}, "severity": "info", "ip_address": "Unknown", "success": true}
{"id": "d5c3988b-f6fc-4099-91a0-7b934af6c571", "timestamp": "2025-03-13T02:01:45.660863", "action": "login_success", "user_id": null, "resource": {"username": "admin@admin.com"}, "details": {}, "severity": "info", "ip_address": "Unknown", "success": true}
{"id": "adc8d1f3-9a51-407a-870d-5edd7e8b1209", "timestamp": "2025-03-13T02:08:29.980877", "action": "login_success", "user_id": "admin@admin.com", "resource": null, "details": {"session_id": "01988a2c-99dc-409c-ac39-4e0d08b562c2"}, "severity": "info", "ip_address": "Unknown", "success": true}
{"id": "d69165a8-5eba-4264-932c-9a6a50eb3223", "timestamp": "2025-03-13T02:08:29.986554", "action": "login_success", "user_id": null, "resource": {"username": "admin@admin.com"}, "details": {}, "severity": "info", "ip_address": "Unknown", "success": true}
{"id": "d9828914-d7b4-44af-b6da-1cb9d8db26f7", "timestamp": "2025-03-13T02:10:16.612395", "action": "login_success", "user_id": "admin@admin.com", "resource": null, "details": {"session_id": "c487a3ed-73a1-4d9f-8bda-49a7831e20ab"}, "severity": "info", "ip_address": "Unknown", "success": true}
{"id": "f4bdc45f-cb26-4d76-824d-68f99184f164", "timestamp": "2025-03-13T02:10:16.618396", "action": "login_success", "user_id": null, "resource": {"username": "admin@admin.com"}, "details": {}, "severity": "info", "ip_address": "Unknown", "success": true}
{"id": "1ba23d2b-2709-4ac4-884d-82e0b4dc6fc2", "timestamp": "2025-03-13T23:32:11.556411", "action": "login_success", "user_id": "admin@admin.com", "resource": null, "details": {"session_id": "011068b9-5ad4-419b-abd9-f6dccbe0e391"}, "severity": "info", "ip_address": "Unknown", "success": true}
{"id": "6f8b17c4-1903-486a-ae96-305090349479", "timestamp": "2025-03-13T23:32:11.567247", "action": "login_success", "user_id": null, "resource": {"username": "admin@admin.com"}, "details": {}, "severity": "info", "ip_address": "Unknown", "success": true}
