{"id": "a19f22eb-1730-430b-8888-1613aaacb46d", "timestamp": "2025-03-22T22:46:41.660895", "action": "login_success", "user_id": "soham", "resource": null, "details": {"session_id": "b96954db-4bf0-4d5b-afe1-05c3247b26aa"}, "severity": "info", "ip_address": "Unknown", "success": true}
{"id": "f020fda9-3f65-4d34-8f7c-d2cbad05f807", "timestamp": "2025-03-22T22:46:41.670400", "action": "login_success", "user_id": null, "resource": {"username": "soham"}, "details": {}, "severity": "info", "ip_address": "Unknown", "success": true}
{"id": "1e97212b-dacb-4ab7-a2ed-a370b6bb379d", "timestamp": "2025-03-22T23:12:36.323045", "action": "login_success", "user_id": "admin@admin.com", "resource": null, "details": {"session_id": "81908cd8-c116-4b74-93cf-c5a43edc4df3"}, "severity": "info", "ip_address": "Unknown", "success": true}
{"id": "849a9334-81fc-448f-865a-656da6c479ee", "timestamp": "2025-03-22T23:12:36.330655", "action": "login_success", "user_id": null, "resource": {"username": "admin@admin.com"}, "details": {}, "severity": "info", "ip_address": "Unknown", "success": true}
{"id": "d5efe892-30a7-40b2-bf19-f28899c4962d", "timestamp": "2025-03-22T23:13:15.479665", "action": "logout", "user_id": "admin@admin.com", "resource": null, "details": {"method": "manual"}, "severity": "info", "ip_address": "Unknown", "success": true}
{"id": "20067841-475c-436a-89e8-7b96331b8426", "timestamp": "2025-03-22T23:13:15.564608", "action": "login_success", "user_id": "admin@admin.com", "resource": null, "details": {"session_id": "917eb28f-0be4-433d-9d0a-d3a5530d463f"}, "severity": "info", "ip_address": "Unknown", "success": true}
{"id": "8fd31de6-7524-4abe-93f9-e473bac6c123", "timestamp": "2025-03-22T23:13:15.570608", "action": "login_success", "user_id": null, "resource": {"username": "admin@admin.com"}, "details": {}, "severity": "info", "ip_address": "Unknown", "success": true}
{"id": "0886617b-e91f-44d5-b1a5-f04e88ab8b95", "timestamp": "2025-03-22T23:13:23.647688", "action": "logout", "user_id": "admin@admin.com", "resource": null, "details": {"method": "manual"}, "severity": "info", "ip_address": "Unknown", "success": true}
{"id": "a5e6053c-3d33-46b2-bfc8-e3edd769420f", "timestamp": "2025-03-22T23:13:23.919830", "action": "login_success", "user_id": "admin@admin.com", "resource": null, "details": {"session_id": "ad871aab-5cb0-4d33-aa5e-d929869802cf"}, "severity": "info", "ip_address": "Unknown", "success": true}
{"id": "be42f74f-98a4-49b0-ab69-a9f77402ff22", "timestamp": "2025-03-22T23:13:23.955929", "action": "login_success", "user_id": null, "resource": {"username": "admin@admin.com"}, "details": {}, "severity": "info", "ip_address": "Unknown", "success": true}
{"id": "1f2280b1-7e62-4452-9a9b-1b2cce846a30", "timestamp": "2025-03-22T23:13:52.086302", "action": "logout", "user_id": "admin@admin.com", "resource": null, "details": {"method": "manual"}, "severity": "info", "ip_address": "Unknown", "success": true}
{"id": "f54a1d3c-865b-4d2a-87e9-0b765e12d785", "timestamp": "2025-03-22T23:13:52.760680", "action": "login_success", "user_id": "test_pull", "resource": null, "details": {"session_id": "3b1c1456-dbef-4300-b343-e27e86f659f6"}, "severity": "info", "ip_address": "Unknown", "success": true}
{"id": "508116d6-8898-4bec-8ebf-dfc1ddde722e", "timestamp": "2025-03-22T23:13:52.765682", "action": "login_success", "user_id": null, "resource": {"username": "test_pull"}, "details": {}, "severity": "info", "ip_address": "Unknown", "success": true}
{"id": "3ba899f3-09fa-48ad-a92d-9cfff7fc85d9", "timestamp": "2025-03-22T23:16:01.099887", "action": "login_success", "user_id": "test_pull", "resource": null, "details": {"session_id": "f83e9654-a2a3-42fa-8a7d-12f61e80c3a0"}, "severity": "info", "ip_address": "Unknown", "success": true}
{"id": "cbf8de8e-83a9-4db3-887a-16bc5f0b7ad4", "timestamp": "2025-03-22T23:16:01.105419", "action": "login_success", "user_id": null, "resource": {"username": "test_pull"}, "details": {}, "severity": "info", "ip_address": "Unknown", "success": true}
{"id": "603112bd-eac1-4711-8f01-e71037c28dfe", "timestamp": "2025-03-22T23:29:40.834901", "action": "login_success", "user_id": "test_pull", "resource": null, "details": {"session_id": "42d6b730-930f-4d19-91b8-d48866385228"}, "severity": "info", "ip_address": "Unknown", "success": true}
{"id": "b2aa2135-d4ef-480b-aaf3-f7ca75c465d6", "timestamp": "2025-03-22T23:29:40.840273", "action": "login_success", "user_id": null, "resource": {"username": "test_pull"}, "details": {}, "severity": "info", "ip_address": "Unknown", "success": true}
{"id": "bccea9b3-9760-448b-baed-51471be73952", "timestamp": "2025-03-22T23:35:08.547813", "action": "login_success", "user_id": "test_pull", "resource": null, "details": {"session_id": "b7392abb-cd44-4b07-8c98-450b97f6e528"}, "severity": "info", "ip_address": "Unknown", "success": true}
{"id": "43a4198f-a826-4791-8a21-caa6155a60de", "timestamp": "2025-03-22T23:35:08.552821", "action": "login_success", "user_id": null, "resource": {"username": "test_pull"}, "details": {}, "severity": "info", "ip_address": "Unknown", "success": true}
{"id": "76c6a687-c5cb-4c5f-bc97-0713697af9a3", "timestamp": "2025-03-22T23:38:53.974411", "action": "login_success", "user_id": "test_pull", "resource": null, "details": {"session_id": "f622c71f-ed96-4481-b34e-795dab96160b"}, "severity": "info", "ip_address": "Unknown", "success": true}
{"id": "ac997a92-0e69-48cc-bdee-99e8a2465355", "timestamp": "2025-03-22T23:38:53.983929", "action": "login_success", "user_id": null, "resource": {"username": "test_pull"}, "details": {}, "severity": "info", "ip_address": "Unknown", "success": true}
{"id": "2c251544-f342-4b50-b378-252e5aa9dc0b", "timestamp": "2025-03-22T23:40:41.976768", "action": "login_success", "user_id": "test_pull", "resource": null, "details": {"session_id": "d45027c2-9798-4e5c-beb3-e8e4bad72545"}, "severity": "info", "ip_address": "Unknown", "success": true}
{"id": "72c0999d-8b3c-446b-8a48-a9f9d6c3c3e5", "timestamp": "2025-03-22T23:40:41.983752", "action": "login_success", "user_id": null, "resource": {"username": "test_pull"}, "details": {}, "severity": "info", "ip_address": "Unknown", "success": true}
{"id": "b63be328-8951-4700-831b-d3fd913cfc50", "timestamp": "2025-03-22T23:59:04.066329", "action": "login_success", "user_id": "test_pull", "resource": null, "details": {"session_id": "32b745f9-b772-4719-ab64-caf305477d3b"}, "severity": "info", "ip_address": "Unknown", "success": true}
{"id": "254288d4-0172-47ba-8e18-df4763eea1d8", "timestamp": "2025-03-22T23:59:04.073845", "action": "login_success", "user_id": null, "resource": {"username": "test_pull"}, "details": {}, "severity": "info", "ip_address": "Unknown", "success": true}
