{"id": "efd03c6b-fd56-4899-b0e1-7d39c6445a32", "timestamp": "2025-02-12T04:00:53.325108", "action": "login_failed", "user_id": "admin@admin.com", "resource": null, "details": {"reason": "user_not_found"}, "severity": "info", "ip_address": "Unknown", "success": true}
{"id": "229ad066-6639-487a-9d6f-3777330cfc7d", "timestamp": "2025-02-12T04:00:53.338309", "action": "login_error", "user_id": "admin@admin.com", "resource": null, "details": {"error": "object str can't be used in 'await' expression"}, "severity": "info", "ip_address": "Unknown", "success": true}
{"id": "dd6d1ecc-c79c-4e9e-bb5a-6a1444c8a1db", "timestamp": "2025-02-12T04:00:53.358657", "action": "login_error", "user_id": null, "resource": null, "details": {"username": "admin@admin.com", "error": "object str can't be used in 'await' expression"}, "severity": "info", "ip_address": "Unknown", "success": true}
{"id": "954b5ac1-557b-47e6-abb6-05f89a26a22f", "timestamp": "2025-02-12T04:22:02.155579", "action": "login_failed", "user_id": "admin@admin.py", "resource": null, "details": {"reason": "user_not_found"}, "severity": "info", "ip_address": "Unknown", "success": true}
{"id": "30b8f1b5-470d-4ed7-8126-3e70635b4cb8", "timestamp": "2025-02-12T04:22:02.174473", "action": "login_error", "user_id": "admin@admin.py", "resource": null, "details": {"error": "object str can't be used in 'await' expression"}, "severity": "info", "ip_address": "Unknown", "success": true}
{"id": "dba73595-b938-4552-aab0-a05b07f2d2b0", "timestamp": "2025-02-12T04:22:02.190473", "action": "login_error", "user_id": null, "resource": null, "details": {"username": "admin@admin.py", "error": "object str can't be used in 'await' expression"}, "severity": "info", "ip_address": "Unknown", "success": true}
{"id": "2d8987db-c38f-429d-997f-6179a8b59f10", "timestamp": "2025-02-12T04:25:44.453081", "action": "login_failed", "user_id": "admin@admin.com", "resource": null, "details": {"reason": "user_not_found"}, "severity": "info", "ip_address": "Unknown", "success": true}
{"id": "7197695c-ec3d-4d17-afa1-5a4005267241", "timestamp": "2025-02-12T04:25:44.476158", "action": "login_error", "user_id": "admin@admin.com", "resource": null, "details": {"error": "object str can't be used in 'await' expression"}, "severity": "info", "ip_address": "Unknown", "success": true}
{"id": "0d462b8f-3e3c-4c10-b93f-c15541b86bab", "timestamp": "2025-02-12T04:25:44.501372", "action": "login_error", "user_id": null, "resource": null, "details": {"username": "admin@admin.com", "error": "object str can't be used in 'await' expression"}, "severity": "info", "ip_address": "Unknown", "success": true}
{"id": "314898bc-2db4-45f7-b1b0-4785bbfbfd2c", "timestamp": "2025-02-12T04:31:56.830579", "action": "login_success", "user_id": "admin@admin.com", "resource": null, "details": {"session_id": "2f45b0ea-2306-4573-aeff-4429ba1f4d22"}, "severity": "info", "ip_address": "Unknown", "success": true}
{"id": "a6435a9b-0d2b-4dfb-b457-7bbfe63e8fed", "timestamp": "2025-02-12T04:31:56.844578", "action": "login_error", "user_id": "admin@admin.com", "resource": null, "details": {"error": "object str can't be used in 'await' expression"}, "severity": "info", "ip_address": "Unknown", "success": true}
{"id": "96075923-304f-4fe8-806b-d28c2965dd44", "timestamp": "2025-02-12T04:31:56.874575", "action": "login_error", "user_id": null, "resource": null, "details": {"username": "admin@admin.com", "error": "object str can't be used in 'await' expression"}, "severity": "info", "ip_address": "Unknown", "success": true}
{"id": "e5ac1a2b-e412-4840-bb25-d024fd88a6ab", "timestamp": "2025-02-12T04:50:14.013955", "action": "login_success", "user_id": "admin@admin.com", "resource": null, "details": {"session_id": "ac54e8fe-1618-465d-bcf8-33fe5b5380da"}, "severity": "info", "ip_address": "Unknown", "success": true}
{"id": "f4bb8498-4286-4624-a304-5381dc433fc4", "timestamp": "2025-02-12T04:50:14.024951", "action": "login_success", "user_id": null, "resource": {"username": "admin@admin.com"}, "details": {}, "severity": "info", "ip_address": "Unknown", "success": true}
{"id": "b151275b-c006-4211-98d7-14e0e12f31ef", "timestamp": "2025-02-12T04:55:31.579942", "action": "login_success", "user_id": "admin@admin.com", "resource": null, "details": {"session_id": "505090de-9432-4b6a-a0e4-da95cab52ab3"}, "severity": "info", "ip_address": "Unknown", "success": true}
{"id": "55799bde-6b67-45e9-bb43-1778f8f45fb6", "timestamp": "2025-02-12T04:55:31.591931", "action": "login_success", "user_id": null, "resource": {"username": "admin@admin.com"}, "details": {}, "severity": "info", "ip_address": "Unknown", "success": true}
{"id": "a261b942-96a6-4bd8-b828-d7b93b3e82ab", "timestamp": "2025-02-12T05:02:22.080669", "action": "login_success", "user_id": "admin@admin.com", "resource": null, "details": {"session_id": "41ddf818-5eea-4163-a7ed-da7e9827449e"}, "severity": "info", "ip_address": "Unknown", "success": true}
{"id": "617d57c0-2e7b-4c0e-90bd-3fd485b1fda4", "timestamp": "2025-02-12T05:02:22.083669", "action": "login_success", "user_id": null, "resource": {"username": "admin@admin.com"}, "details": {}, "severity": "info", "ip_address": "Unknown", "success": true}
{"id": "d4742e93-dc20-4a92-935e-98595dc23c69", "timestamp": "2025-02-12T05:15:06.598006", "action": "login_success", "user_id": "admin@admin.com", "resource": null, "details": {"session_id": "4b994337-70ab-4f3d-a246-996f9f0233e4"}, "severity": "info", "ip_address": "Unknown", "success": true}
{"id": "b7ac431c-405f-4699-8814-80c3a1bee7fc", "timestamp": "2025-02-12T05:15:06.603007", "action": "login_success", "user_id": null, "resource": {"username": "admin@admin.com"}, "details": {}, "severity": "info", "ip_address": "Unknown", "success": true}
{"id": "ef60dd6e-2e07-4667-af77-5c5cdd3e7b35", "timestamp": "2025-02-12T05:52:48.462589", "action": "login_success", "user_id": "admin@admin.com", "resource": null, "details": {"session_id": "a8f38eed-fdf6-4552-ba7b-e1b1a6e7a874"}, "severity": "info", "ip_address": "Unknown", "success": true}
{"id": "cad318fe-90a0-44e4-a844-0ec3293459a6", "timestamp": "2025-02-12T05:52:48.466590", "action": "login_success", "user_id": null, "resource": {"username": "admin@admin.com"}, "details": {}, "severity": "info", "ip_address": "Unknown", "success": true}
{"id": "67e707b2-478d-4fa5-9bff-b383b2814dc7", "timestamp": "2025-02-12T06:00:00.323118", "action": "login_success", "user_id": "admin@admin.com", "resource": null, "details": {"session_id": "ca7b1bd5-800f-4c1d-a318-5dce8dc44775"}, "severity": "info", "ip_address": "Unknown", "success": true}
{"id": "f4cd050b-bdfe-4959-9570-9859ebf995ff", "timestamp": "2025-02-12T06:00:00.325597", "action": "login_success", "user_id": null, "resource": {"username": "admin@admin.com"}, "details": {}, "severity": "info", "ip_address": "Unknown", "success": true}
{"id": "70b1c451-72d9-4aa8-8d29-bfef9a75a6a2", "timestamp": "2025-02-12T06:22:49.130074", "action": "login_success", "user_id": "admin@admin.com", "resource": null, "details": {"session_id": "656b066a-da2c-4118-b4d5-3a2648563e5f"}, "severity": "info", "ip_address": "Unknown", "success": true}
{"id": "e775081d-f349-4e49-8a72-8c61aff694dc", "timestamp": "2025-02-12T06:22:49.133664", "action": "login_success", "user_id": null, "resource": {"username": "admin@admin.com"}, "details": {}, "severity": "info", "ip_address": "Unknown", "success": true}
{"id": "081ee76e-8a16-44af-9261-a789efca820b", "timestamp": "2025-02-12T06:29:33.893598", "action": "login_success", "user_id": "admin@admin.com", "resource": null, "details": {"session_id": "3670277f-7832-43e1-a90c-e6ae0ff9319a"}, "severity": "info", "ip_address": "Unknown", "success": true}
{"id": "d5f25077-ea55-48cc-9146-d3765282d5c1", "timestamp": "2025-02-12T06:29:33.899537", "action": "login_success", "user_id": null, "resource": {"username": "admin@admin.com"}, "details": {}, "severity": "info", "ip_address": "Unknown", "success": true}
{"id": "a5066f4e-3e08-4cd4-a053-a2a3d6eb51c4", "timestamp": "2025-02-12T17:14:57.727911", "action": "login_success", "user_id": "admin@admin.com", "resource": null, "details": {"session_id": "18d9394e-1202-41c5-8e4e-72a0d10340ec"}, "severity": "info", "ip_address": "Unknown", "success": true}
{"id": "9016c356-1aab-41c0-99e7-325f385612d2", "timestamp": "2025-02-12T17:14:57.734904", "action": "login_success", "user_id": null, "resource": {"username": "admin@admin.com"}, "details": {}, "severity": "info", "ip_address": "Unknown", "success": true}
{"id": "c0d140bb-dc18-45e0-a6e9-7239d6a16f47", "timestamp": "2025-02-12T17:38:01.498809", "action": "login_success", "user_id": "admin@admin.com", "resource": null, "details": {"session_id": "6fd545a9-8571-43e9-b9c7-7dba875abb4f"}, "severity": "info", "ip_address": "Unknown", "success": true}
{"id": "b67eb17f-bb2e-46e9-96d6-6e5b0267b68f", "timestamp": "2025-02-12T17:38:01.510281", "action": "login_success", "user_id": null, "resource": {"username": "admin@admin.com"}, "details": {}, "severity": "info", "ip_address": "Unknown", "success": true}
{"id": "82098972-9b86-4b2d-b8ce-c01c0efa9b3e", "timestamp": "2025-02-12T17:50:25.094559", "action": "login_success", "user_id": "admin@admin.com", "resource": null, "details": {"session_id": "39e3c6b3-e255-4ae2-bd50-7358f4ff82fc"}, "severity": "info", "ip_address": "Unknown", "success": true}
{"id": "a051c93d-540a-48b5-8847-8567b878402a", "timestamp": "2025-02-12T17:50:25.104556", "action": "login_success", "user_id": null, "resource": {"username": "admin@admin.com"}, "details": {}, "severity": "info", "ip_address": "Unknown", "success": true}
{"id": "0e4dd612-5c3b-4edd-8999-c4fded2da217", "timestamp": "2025-02-12T17:53:43.247221", "action": "login_success", "user_id": "admin@admin.com", "resource": null, "details": {"session_id": "dca635b9-efce-4ebe-ad32-f11d40ea7e88"}, "severity": "info", "ip_address": "Unknown", "success": true}
{"id": "0ee0f1bf-4b1f-4801-8fee-d92b500e5cb1", "timestamp": "2025-02-12T17:53:43.261219", "action": "login_success", "user_id": null, "resource": {"username": "admin@admin.com"}, "details": {}, "severity": "info", "ip_address": "Unknown", "success": true}
{"id": "7260a0be-792a-4af4-8e27-368cc06810b6", "timestamp": "2025-02-12T18:01:59.107072", "action": "login_success", "user_id": "admin@admin.com", "resource": null, "details": {"session_id": "a01d1fe6-85e3-43c0-a70d-62863e6fda92"}, "severity": "info", "ip_address": "Unknown", "success": true}
{"id": "ffd18037-4440-4f02-87bf-5775974b5f54", "timestamp": "2025-02-12T18:01:59.124176", "action": "login_success", "user_id": null, "resource": {"username": "admin@admin.com"}, "details": {}, "severity": "info", "ip_address": "Unknown", "success": true}
{"id": "f99c56ed-962c-419f-bf49-14d7238935a9", "timestamp": "2025-02-12T18:11:44.888477", "action": "login_success", "user_id": "admin@admin.com", "resource": null, "details": {"session_id": "316d0107-3ef5-4a9c-a297-48363268316c"}, "severity": "info", "ip_address": "Unknown", "success": true}
{"id": "5b652f70-a53c-4098-be46-9e37ca258d5b", "timestamp": "2025-02-12T18:11:44.911566", "action": "login_success", "user_id": null, "resource": {"username": "admin@admin.com"}, "details": {}, "severity": "info", "ip_address": "Unknown", "success": true}
{"id": "beb3c344-c108-4e06-b2e9-f97afbc0dd87", "timestamp": "2025-02-12T18:14:23.165867", "action": "login_success", "user_id": "admin@admin.com", "resource": null, "details": {"session_id": "b5a6a4cd-416a-4216-8b32-8066e98b14d7"}, "severity": "info", "ip_address": "Unknown", "success": true}
{"id": "38ba44f8-1df4-424f-bef2-2d8a9d0dfff6", "timestamp": "2025-02-12T18:14:23.184853", "action": "login_success", "user_id": null, "resource": {"username": "admin@admin.com"}, "details": {}, "severity": "info", "ip_address": "Unknown", "success": true}
{"id": "f379b923-5ab9-4d33-af1f-cbc3bc1133e5", "timestamp": "2025-02-12T18:18:55.119102", "action": "login_success", "user_id": "admin@admin.com", "resource": null, "details": {"session_id": "7f205ebf-428c-486f-a384-22313544da12"}, "severity": "info", "ip_address": "Unknown", "success": true}
{"id": "184b113c-9373-490e-9465-adce8b196c43", "timestamp": "2025-02-12T18:18:55.140096", "action": "login_success", "user_id": null, "resource": {"username": "admin@admin.com"}, "details": {}, "severity": "info", "ip_address": "Unknown", "success": true}
{"id": "ff5185a4-c10c-4e3b-adc1-910cdae61cfe", "timestamp": "2025-02-12T18:20:10.561586", "action": "login_success", "user_id": "admin@admin.com", "resource": null, "details": {"session_id": "8b7ac36d-f043-4f32-a662-8f0ac1bb5599"}, "severity": "info", "ip_address": "Unknown", "success": true}
{"id": "45bc270b-fbdc-486b-9f39-c0046e73a486", "timestamp": "2025-02-12T18:20:10.576548", "action": "login_success", "user_id": null, "resource": {"username": "admin@admin.com"}, "details": {}, "severity": "info", "ip_address": "Unknown", "success": true}
{"id": "342ee27c-3c5f-4547-b268-20c410479a42", "timestamp": "2025-02-12T20:21:30.013548", "action": "login_success", "user_id": "admin@admin.com", "resource": null, "details": {"session_id": "eb426515-527c-40a3-9a2c-5e8adc0245ab"}, "severity": "info", "ip_address": "Unknown", "success": true}
{"id": "b616b26f-afc1-4bf9-af65-4291e60cf2b6", "timestamp": "2025-02-12T20:21:30.043065", "action": "login_success", "user_id": null, "resource": {"username": "admin@admin.com"}, "details": {}, "severity": "info", "ip_address": "Unknown", "success": true}
{"id": "f9e9b81d-43dc-41eb-8563-a0110c498ae2", "timestamp": "2025-02-12T22:02:51.383042", "action": "login_success", "user_id": "soham", "resource": null, "details": {"session_id": "dae4039c-9a1e-47c2-bd78-07a89eb1f908"}, "severity": "info", "ip_address": "Unknown", "success": true}
{"id": "0249d6a1-3b9e-46f8-aaa8-f2a288625778", "timestamp": "2025-02-12T22:02:51.404315", "action": "login_success", "user_id": null, "resource": {"username": "soham"}, "details": {}, "severity": "info", "ip_address": "Unknown", "success": true}
{"id": "93fb833b-31b4-4cdc-a3d8-5fe4a3e42e6f", "timestamp": "2025-02-12T22:14:24.886611", "action": "login_success", "user_id": "soham", "resource": null, "details": {"session_id": "54336548-2764-410e-936e-d7a57d23bb83"}, "severity": "info", "ip_address": "Unknown", "success": true}
{"id": "2face6e9-a7cf-4e55-a8d6-cda5692ec6a9", "timestamp": "2025-02-12T22:14:24.896717", "action": "login_success", "user_id": null, "resource": {"username": "soham"}, "details": {}, "severity": "info", "ip_address": "Unknown", "success": true}
{"id": "98f944b3-01d8-41a9-8e11-f95fc1bccb34", "timestamp": "2025-02-12T22:15:51.564374", "action": "login_success", "user_id": "soham", "resource": null, "details": {"session_id": "fa21c401-1c95-490e-97b4-9ed6a41a24c6"}, "severity": "info", "ip_address": "Unknown", "success": true}
{"id": "730e99bf-d8e1-49d0-9dc4-cb2f576c9e00", "timestamp": "2025-02-12T22:15:51.573921", "action": "login_success", "user_id": null, "resource": {"username": "soham"}, "details": {}, "severity": "info", "ip_address": "Unknown", "success": true}
{"id": "7f2eed28-97ee-4fbb-ba79-1143a0ea5129", "timestamp": "2025-02-12T22:26:47.946041", "action": "login_success", "user_id": "admin@admin.com", "resource": null, "details": {"session_id": "e52df47a-fd54-4744-ac7a-e74f8136f49e"}, "severity": "info", "ip_address": "Unknown", "success": true}
{"id": "fee9b289-98cc-462f-a9b2-6416bab86568", "timestamp": "2025-02-12T22:26:47.961442", "action": "login_success", "user_id": null, "resource": {"username": "admin@admin.com"}, "details": {}, "severity": "info", "ip_address": "Unknown", "success": true}
{"id": "cc3862f5-5ac0-4dfa-919c-e1674a5718f1", "timestamp": "2025-02-12T23:08:08.571806", "action": "login_success", "user_id": "admin@admin.com", "resource": null, "details": {"session_id": "57e1d368-1e5f-4c5b-b63a-17e1a50cd29e"}, "severity": "info", "ip_address": "Unknown", "success": true}
{"id": "ce801712-3bc5-4f19-b06b-44b4e0b8d8b1", "timestamp": "2025-02-12T23:08:08.583378", "action": "login_success", "user_id": null, "resource": {"username": "admin@admin.com"}, "details": {}, "severity": "info", "ip_address": "Unknown", "success": true}
