{"id": "169c4054-a4e1-493a-bfe8-1d5324a7f8fa", "timestamp": "2025-03-21T00:00:51.396793", "action": "logout", "user_id": "admin@admin.com", "resource": null, "details": {"method": "manual"}, "severity": "info", "ip_address": "Unknown", "success": true}
{"id": "5ea492a3-8671-42a4-99d9-443f4cb72411", "timestamp": "2025-03-21T00:00:51.925593", "action": "login_success", "user_id": "admin@admin.com", "resource": null, "details": {"session_id": "32bdefe2-6442-4b5c-99c7-ada8712d83e9"}, "severity": "info", "ip_address": "Unknown", "success": true}
{"id": "67e8efc5-9710-4a3f-b9a2-5f5f0d690559", "timestamp": "2025-03-21T00:00:51.930594", "action": "login_success", "user_id": null, "resource": {"username": "admin@admin.com"}, "details": {}, "severity": "info", "ip_address": "Unknown", "success": true}
{"id": "0944ef78-3b94-4755-bfcb-ca8103c759b4", "timestamp": "2025-03-21T00:20:22.046458", "action": "login_success", "user_id": "admin@admin.com", "resource": null, "details": {"session_id": "46618dff-7d14-4839-9fe9-c7f487205631"}, "severity": "info", "ip_address": "Unknown", "success": true}
{"id": "413b42be-eebe-4f33-b9e0-baa90b753278", "timestamp": "2025-03-21T00:20:22.053060", "action": "login_success", "user_id": null, "resource": {"username": "admin@admin.com"}, "details": {}, "severity": "info", "ip_address": "Unknown", "success": true}
{"id": "30cacc64-84de-4e9e-89ed-a8bde6d97feb", "timestamp": "2025-03-21T00:21:20.579495", "action": "logout", "user_id": "admin@admin.com", "resource": null, "details": {"method": "manual"}, "severity": "info", "ip_address": "Unknown", "success": true}
{"id": "694b919a-4f54-48d2-b3fc-cddb3cd6cfe9", "timestamp": "2025-03-21T00:21:20.702262", "action": "login_success", "user_id": "admin@admin.com", "resource": null, "details": {"session_id": "042e2129-2f13-4581-8a76-68f5b474c72a"}, "severity": "info", "ip_address": "Unknown", "success": true}
{"id": "91a848b4-be65-4544-bf8a-a2262d037385", "timestamp": "2025-03-21T00:21:20.707568", "action": "login_success", "user_id": null, "resource": {"username": "admin@admin.com"}, "details": {}, "severity": "info", "ip_address": "Unknown", "success": true}
{"id": "0db1cb6e-4ecb-4620-8234-04bbbc98875a", "timestamp": "2025-03-21T00:21:28.217538", "action": "logout", "user_id": "admin@admin.com", "resource": null, "details": {"method": "manual"}, "severity": "info", "ip_address": "Unknown", "success": true}
{"id": "90a524e6-4b6a-4837-a3da-f3a9242caf9b", "timestamp": "2025-03-21T00:21:28.285340", "action": "login_success", "user_id": "admin@admin.com", "resource": null, "details": {"session_id": "7444d55c-4928-4b40-afb0-87ac1f96117a"}, "severity": "info", "ip_address": "Unknown", "success": true}
{"id": "e093890d-94ab-49d9-a774-63f151765212", "timestamp": "2025-03-21T00:21:28.289883", "action": "login_success", "user_id": null, "resource": {"username": "admin@admin.com"}, "details": {}, "severity": "info", "ip_address": "Unknown", "success": true}
{"id": "32da6e4f-cbd4-40bb-b6e3-acf22744dfc3", "timestamp": "2025-03-21T00:21:32.697524", "action": "logout", "user_id": "admin@admin.com", "resource": null, "details": {"method": "manual"}, "severity": "info", "ip_address": "Unknown", "success": true}
{"id": "99ff0227-0b93-4d3e-8679-b081bde859e5", "timestamp": "2025-03-21T00:21:32.774749", "action": "login_success", "user_id": "admin@admin.com", "resource": null, "details": {"session_id": "925eaba8-34af-4633-a40f-98f8261a1681"}, "severity": "info", "ip_address": "Unknown", "success": true}
{"id": "5c44d085-4a2c-489e-99d7-5edbb5235490", "timestamp": "2025-03-21T00:21:32.780788", "action": "login_success", "user_id": null, "resource": {"username": "admin@admin.com"}, "details": {}, "severity": "info", "ip_address": "Unknown", "success": true}
{"id": "14f95831-565e-4c28-bfe5-e3a4c0bbbae4", "timestamp": "2025-03-21T00:27:23.064718", "action": "login_success", "user_id": "admin@admin.com", "resource": null, "details": {"session_id": "f6ed5bce-be91-41bc-96a5-c57588f6b8bc"}, "severity": "info", "ip_address": "Unknown", "success": true}
{"id": "69457d2a-eadc-4a9d-8fda-3afc4afa5266", "timestamp": "2025-03-21T00:27:23.070454", "action": "login_success", "user_id": null, "resource": {"username": "admin@admin.com"}, "details": {}, "severity": "info", "ip_address": "Unknown", "success": true}
{"id": "77d32c2b-8a63-4e23-b5a6-35cd0c6d0475", "timestamp": "2025-03-21T00:33:34.203197", "action": "login_success", "user_id": "admin@admin.com", "resource": null, "details": {"session_id": "ccf1bab2-b8c6-4ff6-a47c-df45db94fae8"}, "severity": "info", "ip_address": "Unknown", "success": true}
{"id": "a015b1b1-dfa5-47fa-80ee-faa46507518d", "timestamp": "2025-03-21T00:33:34.209195", "action": "login_success", "user_id": null, "resource": {"username": "admin@admin.com"}, "details": {}, "severity": "info", "ip_address": "Unknown", "success": true}
{"id": "c7516817-1c36-4df1-bd04-f4555be36b22", "timestamp": "2025-03-21T00:41:46.321301", "action": "login_success", "user_id": "admin@admin.com", "resource": null, "details": {"session_id": "1cc5d1ed-6bb1-4d90-b1ab-477695ac280c"}, "severity": "info", "ip_address": "Unknown", "success": true}
{"id": "dee0ba27-58da-435a-91ae-0a0b4a884195", "timestamp": "2025-03-21T00:41:46.327834", "action": "login_success", "user_id": null, "resource": {"username": "admin@admin.com"}, "details": {}, "severity": "info", "ip_address": "Unknown", "success": true}
{"id": "1efe06eb-8a5a-4046-9687-d51b75eb197c", "timestamp": "2025-03-21T00:46:31.935993", "action": "login_success", "user_id": "admin@admin.com", "resource": null, "details": {"session_id": "3d3c41da-eae1-41f2-9e37-613e01e12322"}, "severity": "info", "ip_address": "Unknown", "success": true}
{"id": "0309290d-2169-4a88-af77-65ea0a5ea595", "timestamp": "2025-03-21T00:46:31.941952", "action": "login_success", "user_id": null, "resource": {"username": "admin@admin.com"}, "details": {}, "severity": "info", "ip_address": "Unknown", "success": true}
{"id": "d235f832-516c-49a4-b025-48360fc5e319", "timestamp": "2025-03-21T00:47:52.645280", "action": "logout", "user_id": "admin@admin.com", "resource": null, "details": {"method": "manual"}, "severity": "info", "ip_address": "Unknown", "success": true}
{"id": "5a9dbeb7-a5b8-4c94-9116-aa536ac46f1f", "timestamp": "2025-03-21T00:47:53.148305", "action": "login_success", "user_id": "admin@admin.com", "resource": null, "details": {"session_id": "8133ecc6-18dc-45d4-a254-7a43b58e66f8"}, "severity": "info", "ip_address": "Unknown", "success": true}
{"id": "14e2c33f-191e-42b6-9e1b-0bcea7feab52", "timestamp": "2025-03-21T00:47:53.152820", "action": "login_success", "user_id": null, "resource": {"username": "admin@admin.com"}, "details": {}, "severity": "info", "ip_address": "Unknown", "success": true}
{"id": "522821c3-57bf-4a58-b910-2f72bbf16ffd", "timestamp": "2025-03-21T00:48:15.979143", "action": "logout", "user_id": "admin@admin.com", "resource": null, "details": {"method": "manual"}, "severity": "info", "ip_address": "Unknown", "success": true}
{"id": "16fa7203-3a7d-4d7c-9986-eec29defdeeb", "timestamp": "2025-03-21T00:48:16.024757", "action": "login_success", "user_id": "admin@admin.com", "resource": null, "details": {"session_id": "426f248f-26f7-4806-87f2-1d1ffedb12a5"}, "severity": "info", "ip_address": "Unknown", "success": true}
{"id": "c7e16322-c10b-4b23-84a7-cf849ff1c434", "timestamp": "2025-03-21T00:48:16.031274", "action": "login_success", "user_id": null, "resource": {"username": "admin@admin.com"}, "details": {}, "severity": "info", "ip_address": "Unknown", "success": true}
{"id": "b1c9edeb-fa8f-40a1-8ae7-9c202b0d6d5f", "timestamp": "2025-03-21T00:49:14.268971", "action": "logout", "user_id": "admin@admin.com", "resource": null, "details": {"method": "manual"}, "severity": "info", "ip_address": "Unknown", "success": true}
{"id": "b5572ccc-dfcb-477c-a023-b452ee71b529", "timestamp": "2025-03-21T00:49:14.327594", "action": "login_success", "user_id": "admin@admin.com", "resource": null, "details": {"session_id": "5e93bea6-1b89-4b60-aff1-daa3a6557a43"}, "severity": "info", "ip_address": "Unknown", "success": true}
{"id": "44ebdf2d-3632-4e45-9ab7-9bb367f1ce7a", "timestamp": "2025-03-21T00:49:14.335105", "action": "login_success", "user_id": null, "resource": {"username": "admin@admin.com"}, "details": {}, "severity": "info", "ip_address": "Unknown", "success": true}
{"id": "df80c890-2b77-4bc8-b509-5954c08d8c4c", "timestamp": "2025-03-21T00:50:09.067162", "action": "logout", "user_id": "admin@admin.com", "resource": null, "details": {"method": "manual"}, "severity": "info", "ip_address": "Unknown", "success": true}
{"id": "241731fc-b18d-4f58-9dfe-2949b5ce634b", "timestamp": "2025-03-21T00:50:09.123242", "action": "login_success", "user_id": "admin@admin.com", "resource": null, "details": {"session_id": "e0a64ee9-5b47-42d7-8bca-78b4fa70bb83"}, "severity": "info", "ip_address": "Unknown", "success": true}
{"id": "7c608777-be85-43f0-a47f-7b5f111ed764", "timestamp": "2025-03-21T00:50:09.129251", "action": "login_success", "user_id": null, "resource": {"username": "admin@admin.com"}, "details": {}, "severity": "info", "ip_address": "Unknown", "success": true}
{"id": "fe67b103-2abb-411c-b158-aa7c01a873ab", "timestamp": "2025-03-21T00:50:46.179302", "action": "logout", "user_id": "admin@admin.com", "resource": null, "details": {"method": "manual"}, "severity": "info", "ip_address": "Unknown", "success": true}
{"id": "6a325001-2432-4016-96b9-ecaefdf6c0a5", "timestamp": "2025-03-21T00:50:46.217337", "action": "login_success", "user_id": "admin@admin.com", "resource": null, "details": {"session_id": "1cd449e8-53ae-4ef3-b686-c0146064ee4f"}, "severity": "info", "ip_address": "Unknown", "success": true}
{"id": "e7a259b1-3cb7-4ee8-8736-66d2d04ee200", "timestamp": "2025-03-21T00:50:46.222339", "action": "login_success", "user_id": null, "resource": {"username": "admin@admin.com"}, "details": {}, "severity": "info", "ip_address": "Unknown", "success": true}
{"id": "869e7e2a-0d75-4fe2-a2aa-53579520bffa", "timestamp": "2025-03-21T00:56:56.730943", "action": "login_failed", "user_id": "admin@amdin.com", "resource": null, "details": {"reason": "user_not_found"}, "severity": "info", "ip_address": "Unknown", "success": true}
{"id": "83b5d65e-5a58-43d8-aad2-6e1c293c56ab", "timestamp": "2025-03-21T00:56:56.743696", "action": "login_failed", "user_id": null, "resource": {"username": "admin@amdin.com", "reason": "Invalid username or password"}, "details": {}, "severity": "info", "ip_address": "Unknown", "success": true}
{"id": "d54444b0-abf7-4977-8b01-19f962252ceb", "timestamp": "2025-03-21T00:57:03.974929", "action": "login_success", "user_id": "admin@admin.com", "resource": null, "details": {"session_id": "a1103fe0-d94e-4151-af95-1367c4f8a8d6"}, "severity": "info", "ip_address": "Unknown", "success": true}
{"id": "6caa16be-1652-4b8d-9e5c-67afac128053", "timestamp": "2025-03-21T00:57:03.980442", "action": "login_success", "user_id": null, "resource": {"username": "admin@admin.com"}, "details": {}, "severity": "info", "ip_address": "Unknown", "success": true}
{"id": "5277f062-e61d-4776-b051-de3716bb83bc", "timestamp": "2025-03-21T00:57:59.277036", "action": "logout", "user_id": "admin@admin.com", "resource": null, "details": {"method": "manual"}, "severity": "info", "ip_address": "Unknown", "success": true}
{"id": "751ac1fc-38f4-4730-a867-03aa8d9f39a0", "timestamp": "2025-03-21T00:57:59.360650", "action": "login_success", "user_id": "admin@admin.com", "resource": null, "details": {"session_id": "9a04f95e-ab34-4ad2-863c-83d3d7ef8213"}, "severity": "info", "ip_address": "Unknown", "success": true}
{"id": "4cab12f7-3f57-48c3-ad1d-f51ebe22b034", "timestamp": "2025-03-21T00:57:59.365651", "action": "login_success", "user_id": null, "resource": {"username": "admin@admin.com"}, "details": {}, "severity": "info", "ip_address": "Unknown", "success": true}
{"id": "c84ced15-ff4a-4dd3-9714-131d37f43b93", "timestamp": "2025-03-21T01:00:35.359321", "action": "logout", "user_id": "admin@admin.com", "resource": null, "details": {"method": "manual"}, "severity": "info", "ip_address": "Unknown", "success": true}
{"id": "66639c08-ee22-4c92-a03b-ce98a8c8e645", "timestamp": "2025-03-21T01:00:35.970666", "action": "login_success", "user_id": "admin@admin.com", "resource": null, "details": {"session_id": "9b2ca99d-60a7-4cf5-8d38-d90b781ce024"}, "severity": "info", "ip_address": "Unknown", "success": true}
{"id": "9499ac2c-e28f-4c19-b22b-c7f031b53c54", "timestamp": "2025-03-21T01:00:35.976176", "action": "login_success", "user_id": null, "resource": {"username": "admin@admin.com"}, "details": {}, "severity": "info", "ip_address": "Unknown", "success": true}
{"id": "b71438b3-f4b9-465a-8431-16125c74654e", "timestamp": "2025-03-21T01:01:44.455015", "action": "logout", "user_id": "admin@admin.com", "resource": null, "details": {"method": "manual"}, "severity": "info", "ip_address": "Unknown", "success": true}
{"id": "68b325dc-846a-496d-8a30-dac71faaca89", "timestamp": "2025-03-21T01:01:44.503317", "action": "login_success", "user_id": "admin@admin.com", "resource": null, "details": {"session_id": "8a5a1d8b-eefa-403b-b530-d1b2936001c1"}, "severity": "info", "ip_address": "Unknown", "success": true}
{"id": "77c0f268-4e71-4e38-8bc3-6ea0259f8d02", "timestamp": "2025-03-21T01:01:44.511325", "action": "login_success", "user_id": null, "resource": {"username": "admin@admin.com"}, "details": {}, "severity": "info", "ip_address": "Unknown", "success": true}
{"id": "7843f519-cc79-45e8-a01f-c0564ce78ace", "timestamp": "2025-03-21T01:09:33.229005", "action": "login_success", "user_id": "admin@admin.com", "resource": null, "details": {"session_id": "bdbb91af-79ec-4d3e-ab9b-1292d8e9a785"}, "severity": "info", "ip_address": "Unknown", "success": true}
{"id": "ee86c31a-bca3-4d57-ba36-7ab0f97c4349", "timestamp": "2025-03-21T01:09:33.235234", "action": "login_success", "user_id": null, "resource": {"username": "admin@admin.com"}, "details": {}, "severity": "info", "ip_address": "Unknown", "success": true}
{"id": "467d4998-ba91-4963-ac5f-ac95298f0aac", "timestamp": "2025-03-21T01:11:33.297246", "action": "logout", "user_id": "admin@admin.com", "resource": null, "details": {"method": "manual"}, "severity": "info", "ip_address": "Unknown", "success": true}
{"id": "10fe9cfb-94aa-433a-bec8-f91af7a0b887", "timestamp": "2025-03-21T01:11:34.182621", "action": "login_success", "user_id": "admin@admin.com", "resource": null, "details": {"session_id": "18685c9e-2bf1-492a-8025-721736cc2cd1"}, "severity": "info", "ip_address": "Unknown", "success": true}
{"id": "5faf19f2-e3bf-4821-8621-87e340dbcbbe", "timestamp": "2025-03-21T01:11:34.190131", "action": "login_success", "user_id": null, "resource": {"username": "admin@admin.com"}, "details": {}, "severity": "info", "ip_address": "Unknown", "success": true}
{"id": "0aa85464-c979-4bd2-a452-51b2e3041cf2", "timestamp": "2025-03-21T01:11:53.813730", "action": "logout", "user_id": "admin@admin.com", "resource": null, "details": {"method": "manual"}, "severity": "info", "ip_address": "Unknown", "success": true}
{"id": "58840d2f-bad8-4a92-96d2-39076d78b1cb", "timestamp": "2025-03-21T01:11:53.843199", "action": "login_success", "user_id": "admin@admin.com", "resource": null, "details": {"session_id": "f636f55f-69d2-43a7-9fca-5018c026cb33"}, "severity": "info", "ip_address": "Unknown", "success": true}
{"id": "584fbcb1-9b82-4f09-82c6-79b3b9029d52", "timestamp": "2025-03-21T01:11:53.847200", "action": "login_success", "user_id": null, "resource": {"username": "admin@admin.com"}, "details": {}, "severity": "info", "ip_address": "Unknown", "success": true}
{"id": "6c9e8750-6c7d-42ea-be2a-0233a15dd59d", "timestamp": "2025-03-21T01:16:10.492962", "action": "logout", "user_id": "admin@admin.com", "resource": null, "details": {"method": "manual"}, "severity": "info", "ip_address": "Unknown", "success": true}
{"id": "223006f8-1072-4ca8-b278-2ab52206d0d7", "timestamp": "2025-03-21T01:16:11.956470", "action": "login_success", "user_id": "admin@admin.com", "resource": null, "details": {"session_id": "7316f5b6-cecd-43f6-acfa-d7d84f7fd474"}, "severity": "info", "ip_address": "Unknown", "success": true}
{"id": "0e970d13-c88b-4a4c-b801-58d98157f90c", "timestamp": "2025-03-21T01:16:11.961982", "action": "login_success", "user_id": null, "resource": {"username": "admin@admin.com"}, "details": {}, "severity": "info", "ip_address": "Unknown", "success": true}
{"id": "6287cbe3-65a7-4c7d-a9d2-3fd8841060a6", "timestamp": "2025-03-21T02:55:07.246880", "action": "login_failed", "user_id": "test", "resource": null, "details": {"reason": "user_not_found"}, "severity": "info", "ip_address": "Unknown", "success": true}
{"id": "d9b26456-5ae4-4007-adf6-0ae072ce3e78", "timestamp": "2025-03-21T02:55:07.261764", "action": "login_failed", "user_id": null, "resource": {"username": "test", "reason": "Invalid username or password"}, "details": {}, "severity": "info", "ip_address": "Unknown", "success": true}
{"id": "ccb63f4b-0221-4d77-bb5b-e1a0d773cc06", "timestamp": "2025-03-21T02:55:14.550798", "action": "login_success", "user_id": "test_pull", "resource": null, "details": {"session_id": "61ed023a-03a2-42c8-b28e-ab7753876f67"}, "severity": "info", "ip_address": "Unknown", "success": true}
{"id": "93206bd4-bd13-48bf-b7c5-66428aadd88a", "timestamp": "2025-03-21T02:55:14.556096", "action": "login_success", "user_id": null, "resource": {"username": "test_pull"}, "details": {}, "severity": "info", "ip_address": "Unknown", "success": true}
{"id": "512b6012-dcef-48a6-a68e-cdf40ed12fbf", "timestamp": "2025-03-21T03:04:08.350346", "action": "login_success", "user_id": "test_pull", "resource": null, "details": {"session_id": "ec656ed4-2e77-4c97-9bdc-cd9a3029d99f"}, "severity": "info", "ip_address": "Unknown", "success": true}
{"id": "075367a2-6be9-4cc4-91e2-2ddc6897f1bf", "timestamp": "2025-03-21T03:04:08.355273", "action": "login_success", "user_id": null, "resource": {"username": "test_pull"}, "details": {}, "severity": "info", "ip_address": "Unknown", "success": true}
{"id": "a0524e81-e43b-452f-b036-9b4981e83710", "timestamp": "2025-03-21T03:05:16.539344", "action": "login_success", "user_id": "test_pull", "resource": null, "details": {"session_id": "3df04cd1-356b-47b5-be2f-b51b21012833"}, "severity": "info", "ip_address": "Unknown", "success": true}
{"id": "42e23045-2fe6-420e-a676-250029344a31", "timestamp": "2025-03-21T03:05:16.544312", "action": "login_success", "user_id": null, "resource": {"username": "test_pull"}, "details": {}, "severity": "info", "ip_address": "Unknown", "success": true}
{"id": "74cf1a8b-c566-43ab-ab1b-5dbcf794625d", "timestamp": "2025-03-21T03:10:20.495344", "action": "login_success", "user_id": "test_pull", "resource": null, "details": {"session_id": "104d1e1c-6b7b-41be-bc42-afffd2857a43"}, "severity": "info", "ip_address": "Unknown", "success": true}
{"id": "50d3966f-b7b2-40bd-b6cf-cb8c1ebc59fb", "timestamp": "2025-03-21T03:10:20.501021", "action": "login_success", "user_id": null, "resource": {"username": "test_pull"}, "details": {}, "severity": "info", "ip_address": "Unknown", "success": true}
{"id": "ee69fdd5-fa3b-4694-9c43-68f2b61e1445", "timestamp": "2025-03-21T03:14:11.935377", "action": "login_success", "user_id": "test_pull", "resource": null, "details": {"session_id": "4b970714-461a-4b0d-acf4-9484618cf21b"}, "severity": "info", "ip_address": "Unknown", "success": true}
{"id": "73afa99f-ee10-4d46-9395-1a624975852e", "timestamp": "2025-03-21T03:14:11.941882", "action": "login_success", "user_id": null, "resource": {"username": "test_pull"}, "details": {}, "severity": "info", "ip_address": "Unknown", "success": true}
{"id": "a1ae0112-436d-4d9c-9c46-fdadfb2ae54e", "timestamp": "2025-03-21T03:16:05.638577", "action": "login_success", "user_id": "test_pull", "resource": null, "details": {"session_id": "3ef26aa4-9065-4229-957c-ddd7070d1b6d"}, "severity": "info", "ip_address": "Unknown", "success": true}
{"id": "af85280a-0c63-4a62-b597-f69e95a41dc6", "timestamp": "2025-03-21T03:16:05.644585", "action": "login_success", "user_id": null, "resource": {"username": "test_pull"}, "details": {}, "severity": "info", "ip_address": "Unknown", "success": true}
{"id": "b2095479-8a3e-4621-9293-277942210286", "timestamp": "2025-03-21T03:18:17.747912", "action": "login_success", "user_id": "soham", "resource": null, "details": {"session_id": "c081e567-5a85-4c34-b910-544435788bea"}, "severity": "info", "ip_address": "Unknown", "success": true}
{"id": "cdded7ad-4a8a-4f14-a84b-533d52404f98", "timestamp": "2025-03-21T03:18:17.753911", "action": "login_success", "user_id": null, "resource": {"username": "soham"}, "details": {}, "severity": "info", "ip_address": "Unknown", "success": true}
{"id": "aa908eb7-ef0a-430d-9f8c-e524a47dcb16", "timestamp": "2025-03-21T03:50:52.291641", "action": "login_success", "user_id": "test_pull", "resource": null, "details": {"session_id": "0b7c9761-987d-4d98-85a7-f728448da8e6"}, "severity": "info", "ip_address": "Unknown", "success": true}
{"id": "faa32a24-5d9a-45e1-9d2b-dd8931fc8aa0", "timestamp": "2025-03-21T03:50:52.296649", "action": "login_success", "user_id": null, "resource": {"username": "test_pull"}, "details": {}, "severity": "info", "ip_address": "Unknown", "success": true}
{"id": "7742e18f-d7c0-4833-bc11-20c1d1711f1d", "timestamp": "2025-03-21T04:00:19.830157", "action": "login_success", "user_id": "test_pull", "resource": null, "details": {"session_id": "8417b232-8828-4724-a7d1-8cf3e1749d59"}, "severity": "info", "ip_address": "Unknown", "success": true}
{"id": "7fbeb6a8-2602-4db4-b0b0-210db86a3be8", "timestamp": "2025-03-21T04:00:19.835155", "action": "login_success", "user_id": null, "resource": {"username": "test_pull"}, "details": {}, "severity": "info", "ip_address": "Unknown", "success": true}
{"id": "c7828e89-4499-4a80-9582-3a53de0b244c", "timestamp": "2025-03-21T04:01:50.788188", "action": "login_success", "user_id": "test_pull", "resource": null, "details": {"session_id": "e1ca8158-d241-4317-b65c-1bf677c1a251"}, "severity": "info", "ip_address": "Unknown", "success": true}
{"id": "98c90f98-d8c7-4cd9-82a2-865881d2a34d", "timestamp": "2025-03-21T04:01:50.808717", "action": "login_success", "user_id": null, "resource": {"username": "test_pull"}, "details": {}, "severity": "info", "ip_address": "Unknown", "success": true}
{"id": "45d6cd45-eca5-437d-bdd1-281124ee8209", "timestamp": "2025-03-21T04:05:34.301539", "action": "login_success", "user_id": "test_pull", "resource": null, "details": {"session_id": "afbe6fa7-fb9b-49c6-9cd9-d8c292fb34a8"}, "severity": "info", "ip_address": "Unknown", "success": true}
{"id": "fed8d644-0130-4766-9d84-08b9a1d679ce", "timestamp": "2025-03-21T04:05:34.307326", "action": "login_success", "user_id": null, "resource": {"username": "test_pull"}, "details": {}, "severity": "info", "ip_address": "Unknown", "success": true}
{"id": "0f3d0721-c221-4218-8a88-cdd243fabaca", "timestamp": "2025-03-21T04:40:49.490985", "action": "login_success", "user_id": "test_pull", "resource": null, "details": {"session_id": "1a2e4d86-a108-41e1-9d41-8b01195f6e71"}, "severity": "info", "ip_address": "Unknown", "success": true}
{"id": "dbcd3506-a94d-4ae9-8eb5-9a3a85ab757b", "timestamp": "2025-03-21T04:40:49.495031", "action": "login_success", "user_id": null, "resource": {"username": "test_pull"}, "details": {}, "severity": "info", "ip_address": "Unknown", "success": true}
{"id": "4a99b791-9fa2-4ca6-81bd-ba1e44b96a7b", "timestamp": "2025-03-21T04:40:59.247319", "action": "login_success", "user_id": "test_pull", "resource": null, "details": {"session_id": "015f149a-5b74-4f50-a43e-f1d73f773ef4"}, "severity": "info", "ip_address": "Unknown", "success": true}
{"id": "2ed23026-8762-40bf-8876-cfdd914f8835", "timestamp": "2025-03-21T04:40:59.254350", "action": "login_success", "user_id": null, "resource": {"username": "test_pull"}, "details": {}, "severity": "info", "ip_address": "Unknown", "success": true}
{"id": "1ea222fa-d36f-410a-88ba-7615ffdd6646", "timestamp": "2025-03-21T04:41:06.146962", "action": "login_success", "user_id": "test_pull", "resource": null, "details": {"session_id": "343c715e-ff72-4794-bb39-87ab42a44985"}, "severity": "info", "ip_address": "Unknown", "success": true}
{"id": "8dc0fd88-f6dd-47b0-8955-553558b70ebd", "timestamp": "2025-03-21T04:41:06.153981", "action": "login_success", "user_id": null, "resource": {"username": "test_pull"}, "details": {}, "severity": "info", "ip_address": "Unknown", "success": true}
{"id": "73a1cc2e-1ef0-49d5-a0f8-03074d0b7db1", "timestamp": "2025-03-21T04:41:07.791898", "action": "login_success", "user_id": "test_pull", "resource": null, "details": {"session_id": "d23b48b2-4858-4e3a-8bf3-bdf3ff973746"}, "severity": "info", "ip_address": "Unknown", "success": true}
{"id": "27327415-3a27-4a83-bd66-3d59134b5927", "timestamp": "2025-03-21T04:41:07.798497", "action": "login_success", "user_id": null, "resource": {"username": "test_pull"}, "details": {}, "severity": "info", "ip_address": "Unknown", "success": true}
{"id": "30b2cbcf-f9a7-4d5d-89ea-dabb886b0664", "timestamp": "2025-03-21T04:41:09.339229", "action": "login_success", "user_id": "test_pull", "resource": null, "details": {"session_id": "1b5f3f69-53e7-4b1a-8c54-f5a166f22660"}, "severity": "info", "ip_address": "Unknown", "success": true}
{"id": "18fe22b1-b0de-42cb-af78-435b706fff74", "timestamp": "2025-03-21T04:41:09.348245", "action": "login_success", "user_id": null, "resource": {"username": "test_pull"}, "details": {}, "severity": "info", "ip_address": "Unknown", "success": true}
{"id": "94f531b8-4e47-4518-ac74-8224b01e7fb2", "timestamp": "2025-03-21T04:41:10.272081", "action": "login_success", "user_id": "test_pull", "resource": null, "details": {"session_id": "967bba15-de2c-4269-accc-07d8030e5c1e"}, "severity": "info", "ip_address": "Unknown", "success": true}
{"id": "f94db7d9-51d7-464b-9711-7fe6c6c4be3b", "timestamp": "2025-03-21T04:41:10.279140", "action": "login_success", "user_id": null, "resource": {"username": "test_pull"}, "details": {}, "severity": "info", "ip_address": "Unknown", "success": true}
{"id": "5cec134c-6fcc-4bfc-841a-ec7a14fcf8fc", "timestamp": "2025-03-21T04:41:10.587881", "action": "login_success", "user_id": "test_pull", "resource": null, "details": {"session_id": "f9a24c44-7ec4-4e04-9236-d23663734a65"}, "severity": "info", "ip_address": "Unknown", "success": true}
{"id": "75cdd2c3-56ee-4918-91cb-354b9ae0b38a", "timestamp": "2025-03-21T04:41:10.594904", "action": "login_success", "user_id": null, "resource": {"username": "test_pull"}, "details": {}, "severity": "info", "ip_address": "Unknown", "success": true}
{"id": "14c2935b-df26-434d-a866-c1a54e7d1e8c", "timestamp": "2025-03-21T04:41:10.901347", "action": "login_success", "user_id": "test_pull", "resource": null, "details": {"session_id": "1763aab2-0033-4b52-a824-ed69d2ac599d"}, "severity": "info", "ip_address": "Unknown", "success": true}
{"id": "ac0f33df-5a75-4656-acce-7bf2e6c0ad07", "timestamp": "2025-03-21T04:41:10.908241", "action": "login_success", "user_id": null, "resource": {"username": "test_pull"}, "details": {}, "severity": "info", "ip_address": "Unknown", "success": true}
{"id": "6ba06ecf-d016-4f7b-9ce4-4086f2d7ba62", "timestamp": "2025-03-21T04:41:11.215428", "action": "login_success", "user_id": "test_pull", "resource": null, "details": {"session_id": "a4df8e20-6128-40fd-acd2-ec60e93862a7"}, "severity": "info", "ip_address": "Unknown", "success": true}
{"id": "35a2417c-9103-4241-b5f4-a99f814ac9f9", "timestamp": "2025-03-21T04:41:11.219921", "action": "login_success", "user_id": null, "resource": {"username": "test_pull"}, "details": {}, "severity": "info", "ip_address": "Unknown", "success": true}
{"id": "b6357090-a1da-480d-ba6f-571b58f9f0c9", "timestamp": "2025-03-21T04:41:11.539197", "action": "login_success", "user_id": "test_pull", "resource": null, "details": {"session_id": "138ff57e-9a3d-49c7-82c2-d6198cdd87cf"}, "severity": "info", "ip_address": "Unknown", "success": true}
{"id": "2d6fce78-8e0a-499c-bbc7-dd5ee5ae5904", "timestamp": "2025-03-21T04:41:11.544725", "action": "login_success", "user_id": null, "resource": {"username": "test_pull"}, "details": {}, "severity": "info", "ip_address": "Unknown", "success": true}
{"id": "e0401b04-4e1b-4f39-b309-8c550589c45e", "timestamp": "2025-03-21T04:54:05.678230", "action": "login_success", "user_id": "admin@admin.com", "resource": null, "details": {"session_id": "791208bc-dd8b-4f0f-b7ee-ccae4c291b26"}, "severity": "info", "ip_address": "Unknown", "success": true}
{"id": "310afd70-862d-4d91-812e-54f336533ef1", "timestamp": "2025-03-21T04:54:05.684231", "action": "login_success", "user_id": null, "resource": {"username": "admin@admin.com"}, "details": {}, "severity": "info", "ip_address": "Unknown", "success": true}
{"id": "7e6319af-5ca7-41a9-aeab-8de76b5ae754", "timestamp": "2025-03-21T04:55:23.673527", "action": "login_success", "user_id": "test_pull", "resource": null, "details": {"session_id": "0bdb8575-aabb-4f37-85f1-260fe92903ab"}, "severity": "info", "ip_address": "Unknown", "success": true}
{"id": "b078abb6-8c27-4549-8254-7bb966f754a6", "timestamp": "2025-03-21T04:55:23.680528", "action": "login_success", "user_id": null, "resource": {"username": "test_pull"}, "details": {}, "severity": "info", "ip_address": "Unknown", "success": true}
{"id": "87aec8f4-c572-41fa-a916-68f5e80d9cf1", "timestamp": "2025-03-21T04:56:40.667847", "action": "login_success", "user_id": "test_pull", "resource": null, "details": {"session_id": "5322d6ca-6639-4ee5-b024-ed985fbd10f9"}, "severity": "info", "ip_address": "Unknown", "success": true}
{"id": "dcc1668d-95f0-4720-9874-4ce2b78da5f3", "timestamp": "2025-03-21T04:56:40.671845", "action": "login_success", "user_id": null, "resource": {"username": "test_pull"}, "details": {}, "severity": "info", "ip_address": "Unknown", "success": true}
{"id": "f9ae2361-4515-4568-b958-79d072e32be7", "timestamp": "2025-03-21T04:58:19.916435", "action": "login_success", "user_id": "test_pull", "resource": null, "details": {"session_id": "7bc67b36-fdb2-4a19-a218-76ca02d14f62"}, "severity": "info", "ip_address": "Unknown", "success": true}
{"id": "a843e86a-f45d-4c5a-a0eb-62d69b28f072", "timestamp": "2025-03-21T04:58:19.923663", "action": "login_success", "user_id": null, "resource": {"username": "test_pull"}, "details": {}, "severity": "info", "ip_address": "Unknown", "success": true}
