{"id": "8c9a1900-9d7c-4c0c-a2f6-fe92bed8740c", "timestamp": "2025-03-01T14:33:15.928030", "action": "login_success", "user_id": "admin@admin.com", "resource": null, "details": {"session_id": "9c997ef9-3129-4bac-8af9-868cb21c7f1a"}, "severity": "info", "ip_address": "Unknown", "success": true}
{"id": "1ac8be6e-daff-4eab-942e-1683e501c6ac", "timestamp": "2025-03-01T14:33:15.941133", "action": "login_success", "user_id": null, "resource": {"username": "admin@admin.com"}, "details": {}, "severity": "info", "ip_address": "Unknown", "success": true}
{"id": "336de862-8346-41a1-a783-615276375d2c", "timestamp": "2025-03-01T16:37:21.592361", "action": "login_success", "user_id": "admin@admin.com", "resource": null, "details": {"session_id": "dc9dcf39-a3e6-4e3a-a851-51e23629c160"}, "severity": "info", "ip_address": "Unknown", "success": true}
{"id": "2468fc89-af5f-49bf-9a5b-66313340d5fd", "timestamp": "2025-03-01T16:37:21.614993", "action": "login_success", "user_id": null, "resource": {"username": "admin@admin.com"}, "details": {}, "severity": "info", "ip_address": "Unknown", "success": true}
{"id": "e8bae3bf-7aae-4481-bb97-af1fa4e42ccc", "timestamp": "2025-03-01T18:20:16.181545", "action": "login_success", "user_id": "admin@admin.com", "resource": null, "details": {"session_id": "d2116cfd-5fac-4bef-ab22-7f09b1b92437"}, "severity": "info", "ip_address": "Unknown", "success": true}
{"id": "160a7ff3-9eb5-4c7c-bd75-8b15ffa80f5d", "timestamp": "2025-03-01T18:20:16.191623", "action": "login_success", "user_id": null, "resource": {"username": "admin@admin.com"}, "details": {}, "severity": "info", "ip_address": "Unknown", "success": true}
{"id": "a958ad9a-022b-4df7-8ae6-5f91a54f8cde", "timestamp": "2025-03-01T19:23:55.842272", "action": "login_success", "user_id": "admin@admin.com", "resource": null, "details": {"session_id": "643057d0-aa94-4a68-b650-193a7df222eb"}, "severity": "info", "ip_address": "Unknown", "success": true}
{"id": "a6604b4b-8cef-43b3-a83c-186fa37601e8", "timestamp": "2025-03-01T19:23:55.849925", "action": "login_success", "user_id": null, "resource": {"username": "admin@admin.com"}, "details": {}, "severity": "info", "ip_address": "Unknown", "success": true}
{"id": "160cbdb9-aecd-475c-9e44-64b443c7fadf", "timestamp": "2025-03-01T19:54:38.869177", "action": "login_success", "user_id": "admin@admin.com", "resource": null, "details": {"session_id": "9178166f-3a52-4935-8bdf-732f4dbad4b1"}, "severity": "info", "ip_address": "Unknown", "success": true}
{"id": "311e27e7-ecfd-4285-9ad3-9062b9f626dd", "timestamp": "2025-03-01T19:54:38.875176", "action": "login_success", "user_id": null, "resource": {"username": "admin@admin.com"}, "details": {}, "severity": "info", "ip_address": "Unknown", "success": true}
{"id": "74df6cd5-c91f-4cf2-be26-255454cb2b0b", "timestamp": "2025-03-01T20:25:30.442405", "action": "login_success", "user_id": "admin@admin.com", "resource": null, "details": {"session_id": "6dbff2bb-2a34-46aa-bfa0-e0356e49d36f"}, "severity": "info", "ip_address": "Unknown", "success": true}
{"id": "a5333576-32f5-4891-9076-abfabd7f3b41", "timestamp": "2025-03-01T20:25:30.459387", "action": "login_success", "user_id": null, "resource": {"username": "admin@admin.com"}, "details": {}, "severity": "info", "ip_address": "Unknown", "success": true}
{"id": "0b7f8f9b-a220-48d4-91c5-efe85dd557c8", "timestamp": "2025-03-01T20:34:40.405326", "action": "login_success", "user_id": "admin@admin.com", "resource": null, "details": {"session_id": "12b90de6-47d3-414a-9a77-de16c53b67b5"}, "severity": "info", "ip_address": "Unknown", "success": true}
{"id": "f2ab70bc-9c1b-49b2-a159-1f37ec5255d5", "timestamp": "2025-03-01T20:34:40.421749", "action": "login_success", "user_id": null, "resource": {"username": "admin@admin.com"}, "details": {}, "severity": "info", "ip_address": "Unknown", "success": true}
{"id": "89953e77-12a5-43cb-9adc-8af295672bfc", "timestamp": "2025-03-01T20:36:44.503688", "action": "login_success", "user_id": "admin@admin.com", "resource": null, "details": {"session_id": "5b4c3461-7252-43f1-9f76-e657724e37c9"}, "severity": "info", "ip_address": "Unknown", "success": true}
{"id": "f9685886-fd6e-44f0-95b1-c5fd7dab2b04", "timestamp": "2025-03-01T20:36:44.513283", "action": "login_success", "user_id": null, "resource": {"username": "admin@admin.com"}, "details": {}, "severity": "info", "ip_address": "Unknown", "success": true}
{"id": "1b322f2f-c932-4da3-9ed2-d15b19b5b5fd", "timestamp": "2025-03-01T20:37:15.668050", "action": "login_success", "user_id": "admin@admin.com", "resource": null, "details": {"session_id": "1a823119-0d69-4227-bf69-02537a353697"}, "severity": "info", "ip_address": "Unknown", "success": true}
{"id": "8681819c-6ea3-4af1-a82c-c29feacb7b91", "timestamp": "2025-03-01T20:37:15.688478", "action": "login_success", "user_id": null, "resource": {"username": "admin@admin.com"}, "details": {}, "severity": "info", "ip_address": "Unknown", "success": true}
{"id": "a603b66e-d5ad-425b-aad0-96498b2a93b8", "timestamp": "2025-03-01T20:51:11.256270", "action": "login_success", "user_id": "admin@admin.com", "resource": null, "details": {"session_id": "ea82f7f8-4c6c-4162-808f-6841dcd33ce1"}, "severity": "info", "ip_address": "Unknown", "success": true}
{"id": "7f47b60d-12aa-40bb-b05b-27fe134a0b2f", "timestamp": "2025-03-01T20:51:11.277860", "action": "login_success", "user_id": null, "resource": {"username": "admin@admin.com"}, "details": {}, "severity": "info", "ip_address": "Unknown", "success": true}
{"id": "14f000a9-5b68-4814-ba6b-c018c1170773", "timestamp": "2025-03-01T20:52:41.588182", "action": "login_success", "user_id": "admin@admin.com", "resource": null, "details": {"session_id": "caa40ba1-1b49-44b3-9754-c47db225b753"}, "severity": "info", "ip_address": "Unknown", "success": true}
{"id": "89e93be2-9ab1-43bc-9c43-88ad96f37236", "timestamp": "2025-03-01T20:52:41.606308", "action": "login_success", "user_id": null, "resource": {"username": "admin@admin.com"}, "details": {}, "severity": "info", "ip_address": "Unknown", "success": true}
{"id": "3bb1a3f6-3fec-4179-bf2a-d9e3310bf6aa", "timestamp": "2025-03-01T21:21:41.230102", "action": "login_success", "user_id": "admin@admin.com", "resource": null, "details": {"session_id": "008ea54e-31c9-42c0-b91f-b89a3ca7debc"}, "severity": "info", "ip_address": "Unknown", "success": true}
{"id": "4d5b9650-2a5c-4af6-9f81-ef08650aaf28", "timestamp": "2025-03-01T21:21:41.239761", "action": "login_success", "user_id": null, "resource": {"username": "admin@admin.com"}, "details": {}, "severity": "info", "ip_address": "Unknown", "success": true}
{"id": "d0efd1ca-139a-4da4-82e2-8aa7e53b955f", "timestamp": "2025-03-01T21:25:25.456072", "action": "user_created", "user_id": "soham", "resource": null, "details": {"email": "soham@example.com", "role": "user", "access_level": "pull"}, "severity": "info", "ip_address": "Unknown", "success": true}
{"id": "c71a3cbc-c392-4a8f-98b4-7e2c5205d836", "timestamp": "2025-03-01T21:25:25.873061", "action": "user_created", "user_id": "uid", "resource": null, "details": {"email": "uid@example.com", "role": "user", "access_level": "push"}, "severity": "info", "ip_address": "Unknown", "success": true}
{"id": "e701907a-6fe4-4075-9f13-9d9f6ccc3536", "timestamp": "2025-03-01T21:26:08.635088", "action": "login_failed", "user_id": "uid@example.com", "resource": null, "details": {"reason": "user_not_found"}, "severity": "info", "ip_address": "Unknown", "success": true}
{"id": "5d316e66-68c6-4904-b7f2-8e797cca8ce1", "timestamp": "2025-03-01T21:26:08.661072", "action": "login_failed", "user_id": null, "resource": {"username": "uid@example.com", "reason": "Invalid username or password"}, "details": {}, "severity": "info", "ip_address": "Unknown", "success": true}
{"id": "a73f2f89-7649-4b41-8b10-84529c700d2b", "timestamp": "2025-03-01T21:26:27.868673", "action": "login_success", "user_id": "uid", "resource": null, "details": {"session_id": "f95a1fc3-1cfb-458a-b562-020ad2dab1a0"}, "severity": "info", "ip_address": "Unknown", "success": true}
{"id": "9172b797-cd0e-471a-8e30-000f4377a298", "timestamp": "2025-03-01T21:26:27.892891", "action": "login_success", "user_id": null, "resource": {"username": "uid"}, "details": {}, "severity": "info", "ip_address": "Unknown", "success": true}
{"id": "0455cdf9-97d4-4927-9249-814da607a1a3", "timestamp": "2025-03-01T21:27:20.048929", "action": "login_success", "user_id": "soham", "resource": null, "details": {"session_id": "23be0f4b-f551-4f14-9495-3cc9c883c6f1"}, "severity": "info", "ip_address": "Unknown", "success": true}
{"id": "e908200a-c2c4-4e92-b540-bb5f9a1eb662", "timestamp": "2025-03-01T21:27:20.060519", "action": "login_success", "user_id": null, "resource": {"username": "soham"}, "details": {}, "severity": "info", "ip_address": "Unknown", "success": true}
{"id": "9009196b-da79-4045-83e8-6515b9d264f7", "timestamp": "2025-03-01T21:40:49.865430", "action": "login_success", "user_id": "admin@admin.com", "resource": null, "details": {"session_id": "306e1469-869b-4fc7-aea9-f8648044fbc0"}, "severity": "info", "ip_address": "Unknown", "success": true}
{"id": "963135d7-0981-4e11-ad4e-ff410329cd36", "timestamp": "2025-03-01T21:40:49.886481", "action": "login_success", "user_id": null, "resource": {"username": "admin@admin.com"}, "details": {}, "severity": "info", "ip_address": "Unknown", "success": true}
{"id": "7e82e87a-4fd7-428a-93a2-6da4daf5a0db", "timestamp": "2025-03-01T21:42:53.448443", "action": "login_success", "user_id": "admin@admin.com", "resource": null, "details": {"session_id": "7f362fa9-e761-48fd-9830-bee93d583f53"}, "severity": "info", "ip_address": "Unknown", "success": true}
{"id": "c303dca3-50d4-40ee-951a-fad834fa4382", "timestamp": "2025-03-01T21:42:53.467404", "action": "login_success", "user_id": null, "resource": {"username": "admin@admin.com"}, "details": {}, "severity": "info", "ip_address": "Unknown", "success": true}
{"id": "ebcdf52b-c3d7-409b-9553-c3fa2fdf1657", "timestamp": "2025-03-01T21:43:33.376253", "action": "login_success", "user_id": "admin@admin.com", "resource": null, "details": {"session_id": "e46e5878-ea7d-4945-8a56-623d7bb3c9d1"}, "severity": "info", "ip_address": "Unknown", "success": true}
{"id": "668986c4-d403-437f-b325-f6067c20e660", "timestamp": "2025-03-01T21:43:33.389256", "action": "login_success", "user_id": null, "resource": {"username": "admin@admin.com"}, "details": {}, "severity": "info", "ip_address": "Unknown", "success": true}
{"id": "114f49cb-59c0-470e-a32e-e888a848ce5c", "timestamp": "2025-03-01T21:48:04.561833", "action": "login_success", "user_id": "admin@admin.com", "resource": null, "details": {"session_id": "104ed851-bf1b-4cf6-a355-036188eba0e7"}, "severity": "info", "ip_address": "Unknown", "success": true}
{"id": "41cf5c38-c564-4713-9fc5-0ab81a2f08f1", "timestamp": "2025-03-01T21:48:04.578873", "action": "login_success", "user_id": null, "resource": {"username": "admin@admin.com"}, "details": {}, "severity": "info", "ip_address": "Unknown", "success": true}
{"id": "012c34a1-03dc-4bb4-8aa3-5c7afff6718c", "timestamp": "2025-03-01T21:54:45.674208", "action": "login_success", "user_id": "admin@admin.com", "resource": null, "details": {"session_id": "857c0954-2f2f-46c8-806f-aa67163e1aa7"}, "severity": "info", "ip_address": "Unknown", "success": true}
{"id": "75495624-eb91-4694-8fa6-5cad335af796", "timestamp": "2025-03-01T21:54:45.684727", "action": "login_success", "user_id": null, "resource": {"username": "admin@admin.com"}, "details": {}, "severity": "info", "ip_address": "Unknown", "success": true}
{"id": "d74ef3fd-cc73-4344-a937-295a7fc9852a", "timestamp": "2025-03-01T21:55:11.225818", "action": "login_success", "user_id": "admin@admin.com", "resource": null, "details": {"session_id": "a40c8fba-27f1-46fc-b6ae-8e60ad642194"}, "severity": "info", "ip_address": "Unknown", "success": true}
{"id": "ea73f3e8-68a8-4568-8eb9-3eaadf1e3ab3", "timestamp": "2025-03-01T21:55:11.241928", "action": "login_success", "user_id": null, "resource": {"username": "admin@admin.com"}, "details": {}, "severity": "info", "ip_address": "Unknown", "success": true}
{"id": "247e1bdf-4ebe-471e-935d-8a9433bb30d5", "timestamp": "2025-03-01T22:10:37.784154", "action": "login_success", "user_id": "admin@admin.com", "resource": null, "details": {"session_id": "f5ba59d3-476a-4d0b-a9f1-adb196f4fcd6"}, "severity": "info", "ip_address": "Unknown", "success": true}
{"id": "de2e596e-c514-415c-ad4a-42a48b400e36", "timestamp": "2025-03-01T22:10:37.796280", "action": "login_success", "user_id": null, "resource": {"username": "admin@admin.com"}, "details": {}, "severity": "info", "ip_address": "Unknown", "success": true}
{"id": "81c00218-f291-4426-a02e-49ac74a796d7", "timestamp": "2025-03-01T22:13:07.948243", "action": "login_success", "user_id": "soham", "resource": null, "details": {"session_id": "c45d34f8-011a-4e08-abf3-6e7f0f2b45ff"}, "severity": "info", "ip_address": "Unknown", "success": true}
{"id": "a908d10d-91b3-41dc-b1a3-6730cffee9c8", "timestamp": "2025-03-01T22:13:07.958065", "action": "login_success", "user_id": null, "resource": {"username": "soham"}, "details": {}, "severity": "info", "ip_address": "Unknown", "success": true}
{"id": "4475defd-e79c-45dd-888f-9dbe3bb680b8", "timestamp": "2025-03-01T22:16:10.377547", "action": "login_success", "user_id": "uid", "resource": null, "details": {"session_id": "777086b8-9ee0-4809-b9b5-ee9c8c508894"}, "severity": "info", "ip_address": "Unknown", "success": true}
{"id": "3940fd72-a9e2-4498-8327-6648fb761b19", "timestamp": "2025-03-01T22:16:10.388459", "action": "login_success", "user_id": null, "resource": {"username": "uid"}, "details": {}, "severity": "info", "ip_address": "Unknown", "success": true}
{"id": "08ec4910-ff05-4957-a80a-f92c83af9b90", "timestamp": "2025-03-01T22:17:07.279112", "action": "login_success", "user_id": "admin@admin.com", "resource": null, "details": {"session_id": "ce9327c7-6de9-499a-89cd-e5e33c50c00c"}, "severity": "info", "ip_address": "Unknown", "success": true}
{"id": "1d690feb-9f4b-43e3-865f-63f216d01822", "timestamp": "2025-03-01T22:17:07.294016", "action": "login_success", "user_id": null, "resource": {"username": "admin@admin.com"}, "details": {}, "severity": "info", "ip_address": "Unknown", "success": true}
{"id": "d89b6415-7314-4906-a768-c60d58865bdc", "timestamp": "2025-03-01T22:18:05.002773", "action": "login_success", "user_id": "soham", "resource": null, "details": {"session_id": "221b77e4-7e11-491e-97b2-26e4e087a0cc"}, "severity": "info", "ip_address": "Unknown", "success": true}
{"id": "7dc94712-8834-4d01-b63c-cc5042e34143", "timestamp": "2025-03-01T22:18:05.035184", "action": "login_success", "user_id": null, "resource": {"username": "soham"}, "details": {}, "severity": "info", "ip_address": "Unknown", "success": true}
{"id": "930c1f8a-15e9-4405-9940-d165f951ee4e", "timestamp": "2025-03-01T22:20:29.629822", "action": "login_success", "user_id": "admin@admin.com", "resource": null, "details": {"session_id": "dcf94708-d132-4057-86f6-038d031ee2dd"}, "severity": "info", "ip_address": "Unknown", "success": true}
{"id": "341f8787-5ce3-41ad-a346-6f16bbe29117", "timestamp": "2025-03-01T22:20:29.646804", "action": "login_success", "user_id": null, "resource": {"username": "admin@admin.com"}, "details": {}, "severity": "info", "ip_address": "Unknown", "success": true}
{"id": "4bdf0a29-1bf9-473e-a1c5-03f29582183b", "timestamp": "2025-03-01T23:27:51.511802", "action": "login_success", "user_id": "admin@admin.com", "resource": null, "details": {"session_id": "99887b8a-a33c-49f6-b263-4951309c8e02"}, "severity": "info", "ip_address": "Unknown", "success": true}
{"id": "e60dfc25-486c-4e4f-ac94-7711934c835c", "timestamp": "2025-03-01T23:27:51.522932", "action": "login_success", "user_id": null, "resource": {"username": "admin@admin.com"}, "details": {}, "severity": "info", "ip_address": "Unknown", "success": true}
