{"id": "e670d4c7-7aa4-4439-8365-16c4a856de2f", "timestamp": "2025-03-20T15:17:19.548847", "action": "login_success", "user_id": "soham", "resource": null, "details": {"session_id": "6793fff9-4dbd-4520-afb3-d8302f7d70c5"}, "severity": "info", "ip_address": "Unknown", "success": true}
{"id": "d447b2ad-e41b-4e91-b901-83627c2d369f", "timestamp": "2025-03-20T15:17:19.556290", "action": "login_success", "user_id": null, "resource": {"username": "soham"}, "details": {}, "severity": "info", "ip_address": "Unknown", "success": true}
{"id": "354ddb59-3b20-42c3-b065-db83697285d5", "timestamp": "2025-03-20T15:30:46.829206", "action": "login_success", "user_id": "soham", "resource": null, "details": {"session_id": "fc42f0e6-c855-456e-8635-e48fafa1819b"}, "severity": "info", "ip_address": "Unknown", "success": true}
{"id": "52aedf0e-9e5f-429f-ac8c-f2faf3c5fbfa", "timestamp": "2025-03-20T15:30:46.834339", "action": "login_success", "user_id": null, "resource": {"username": "soham"}, "details": {}, "severity": "info", "ip_address": "Unknown", "success": true}
{"id": "440812bc-7110-4d9f-93b7-c01959d27682", "timestamp": "2025-03-20T15:33:43.639701", "action": "login_success", "user_id": "admin@admin.com", "resource": null, "details": {"session_id": "2ada269d-30db-48ef-a8e6-b98d5d4538b3"}, "severity": "info", "ip_address": "Unknown", "success": true}
{"id": "021a0639-038b-4776-85ba-8bfb640dbf60", "timestamp": "2025-03-20T15:33:43.648112", "action": "login_success", "user_id": null, "resource": {"username": "admin@admin.com"}, "details": {}, "severity": "info", "ip_address": "Unknown", "success": true}
{"id": "06ee111c-c845-463b-a79a-3a176e0ad8ef", "timestamp": "2025-03-20T15:39:35.793745", "action": "login_success", "user_id": "soham", "resource": null, "details": {"session_id": "81ccae72-0194-4eef-810e-b6ee34515d73"}, "severity": "info", "ip_address": "Unknown", "success": true}
{"id": "f22c61da-1a36-4190-b075-9c028c597109", "timestamp": "2025-03-20T15:39:35.799939", "action": "login_success", "user_id": null, "resource": {"username": "soham"}, "details": {}, "severity": "info", "ip_address": "Unknown", "success": true}
{"id": "661c2933-be5e-486e-94a8-9ea607437bd8", "timestamp": "2025-03-20T15:51:42.391812", "action": "login_success", "user_id": "soham", "resource": null, "details": {"session_id": "3600ced0-b44a-4dae-ac82-251bb0796fbd"}, "severity": "info", "ip_address": "Unknown", "success": true}
{"id": "5506a5a0-4b68-432e-ada8-fa42c2639be0", "timestamp": "2025-03-20T15:51:42.397901", "action": "login_success", "user_id": null, "resource": {"username": "soham"}, "details": {}, "severity": "info", "ip_address": "Unknown", "success": true}
{"id": "0a0d7e50-7ba0-485a-b35f-e9dea247bf0a", "timestamp": "2025-03-20T16:01:41.930922", "action": "login_success", "user_id": "soham", "resource": null, "details": {"session_id": "641d63cf-5eae-44e5-88f6-f6961b903fa2"}, "severity": "info", "ip_address": "Unknown", "success": true}
{"id": "7a16f2f9-6e15-4ec0-a0dc-af8c7674976d", "timestamp": "2025-03-20T16:01:41.936823", "action": "login_success", "user_id": null, "resource": {"username": "soham"}, "details": {}, "severity": "info", "ip_address": "Unknown", "success": true}
{"id": "b95801db-36e8-4afc-a928-05f60a8b8ba8", "timestamp": "2025-03-20T17:51:19.417072", "action": "login_success", "user_id": "admin@admin.com", "resource": null, "details": {"session_id": "ee11c0c5-ef3c-4cdb-a98a-19bdadc3f86e"}, "severity": "info", "ip_address": "Unknown", "success": true}
{"id": "fa8d00d3-5502-4586-b948-777151a24d27", "timestamp": "2025-03-20T17:51:19.423589", "action": "login_success", "user_id": null, "resource": {"username": "admin@admin.com"}, "details": {}, "severity": "info", "ip_address": "Unknown", "success": true}
{"id": "99edfa4d-08b9-4593-8fde-4c3cebac9cd2", "timestamp": "2025-03-20T17:52:27.270525", "action": "logout", "user_id": "admin@admin.com", "resource": null, "details": {"method": "manual"}, "severity": "info", "ip_address": "Unknown", "success": true}
{"id": "76f9e870-d871-4281-8e08-288e4f0192f4", "timestamp": "2025-03-20T17:52:28.208686", "action": "login_success", "user_id": "soham", "resource": null, "details": {"session_id": "6cea62a8-ecf3-4fd6-b389-535f3c5fbad6"}, "severity": "info", "ip_address": "Unknown", "success": true}
{"id": "a3a88f4c-c34e-4466-a8ad-42bb4a254921", "timestamp": "2025-03-20T17:52:28.217643", "action": "login_success", "user_id": null, "resource": {"username": "soham"}, "details": {}, "severity": "info", "ip_address": "Unknown", "success": true}
{"id": "b0493a0d-903f-4ee9-8861-f0af6e67fc00", "timestamp": "2025-03-20T17:53:22.393393", "action": "user_created", "user_id": "vegeta", "resource": null, "details": {"email": "vegeta@example.com", "role": "user", "access_level": "pull"}, "severity": "info", "ip_address": "Unknown", "success": true}
{"id": "d0a38c9f-ad5d-40f3-a1aa-1a61af7f554a", "timestamp": "2025-03-20T17:53:22.398618", "action": "user_created", "user_id": "fc45aa10-01d2-4731-9c73-4d9e0aeca8b9", "resource": {"username": "vegeta"}, "details": {}, "severity": "info", "ip_address": "Unknown", "success": true}
{"id": "e6b538fa-6d4f-46de-96d8-65d45883fe31", "timestamp": "2025-03-20T17:53:22.874678", "action": "folder_created", "user_id": "fc45aa10-01d2-4731-9c73-4d9e0aeca8b9", "resource": {"folder": "users/vegeta/"}, "details": {}, "severity": "info", "ip_address": "Unknown", "success": true}
{"id": "365c67ae-3160-42e2-8a1b-330139568569", "timestamp": "2025-03-20T17:53:33.215895", "action": "login_success", "user_id": "vegeta", "resource": null, "details": {"session_id": "bf83d2b3-5878-4fca-aa08-0caa67d12350"}, "severity": "info", "ip_address": "Unknown", "success": true}
{"id": "cfdc8a69-d8d0-4aef-88eb-16852e0a4a6b", "timestamp": "2025-03-20T17:53:33.222894", "action": "login_success", "user_id": null, "resource": {"username": "vegeta"}, "details": {}, "severity": "info", "ip_address": "Unknown", "success": true}
{"id": "99b0bdbd-63b4-4aa4-aefe-928bbb4f14b3", "timestamp": "2025-03-20T17:53:56.021613", "action": "login_success", "user_id": "admin@admin.com", "resource": null, "details": {"session_id": "8ca0d940-0027-4b35-959d-57cef9e302b0"}, "severity": "info", "ip_address": "Unknown", "success": true}
{"id": "502a8846-25a2-4d0b-8990-958663a4fefc", "timestamp": "2025-03-20T17:53:56.028125", "action": "login_success", "user_id": null, "resource": {"username": "admin@admin.com"}, "details": {}, "severity": "info", "ip_address": "Unknown", "success": true}
{"id": "9a1d12f1-65f5-4a7f-9883-9fa69215e6d1", "timestamp": "2025-03-20T17:55:06.386307", "action": "logout", "user_id": "admin@admin.com", "resource": null, "details": {"method": "manual"}, "severity": "info", "ip_address": "Unknown", "success": true}
{"id": "98989752-bb83-4d3e-90a6-f30f84385c11", "timestamp": "2025-03-20T17:55:06.453046", "action": "login_success", "user_id": "admin@admin.com", "resource": null, "details": {"session_id": "16d49fdc-18b8-4c1f-97d7-2f5612a5cc26"}, "severity": "info", "ip_address": "Unknown", "success": true}
{"id": "d2ad538b-be56-48c7-b010-0ea7005528d8", "timestamp": "2025-03-20T17:55:06.461335", "action": "login_success", "user_id": null, "resource": {"username": "admin@admin.com"}, "details": {}, "severity": "info", "ip_address": "Unknown", "success": true}
{"id": "293378ed-1816-4176-bc1b-2c8bc24c65ea", "timestamp": "2025-03-20T17:55:16.437384", "action": "logout", "user_id": "admin@admin.com", "resource": null, "details": {"method": "manual"}, "severity": "info", "ip_address": "Unknown", "success": true}
{"id": "01c49f4c-b801-4d48-9cc4-7c1750b0578a", "timestamp": "2025-03-20T17:55:16.465114", "action": "login_success", "user_id": "admin@admin.com", "resource": null, "details": {"session_id": "f92552a0-514a-487e-91e9-bac21038f480"}, "severity": "info", "ip_address": "Unknown", "success": true}
{"id": "c1d6c2f8-81ab-447c-b547-30e619c3fbb8", "timestamp": "2025-03-20T17:55:16.472137", "action": "login_success", "user_id": null, "resource": {"username": "admin@admin.com"}, "details": {}, "severity": "info", "ip_address": "Unknown", "success": true}
{"id": "deef4937-197f-4117-bc5f-514bf2f16e2f", "timestamp": "2025-03-20T17:55:34.867462", "action": "logout", "user_id": "admin@admin.com", "resource": null, "details": {"method": "manual"}, "severity": "info", "ip_address": "Unknown", "success": true}
{"id": "421dd015-5817-4cad-9fa9-6b7035313ad9", "timestamp": "2025-03-20T17:55:35.257685", "action": "login_success", "user_id": "vegeta", "resource": null, "details": {"session_id": "2c144eaf-df49-41a2-92fc-8c94756f09e5"}, "severity": "info", "ip_address": "Unknown", "success": true}
{"id": "5b091fec-ef6c-40c8-862e-3140158e05b6", "timestamp": "2025-03-20T17:55:35.266202", "action": "login_success", "user_id": null, "resource": {"username": "vegeta"}, "details": {}, "severity": "info", "ip_address": "Unknown", "success": true}
{"id": "ab929a8e-c4ba-40e8-93d1-dbca8cc14bae", "timestamp": "2025-03-20T19:51:09.663447", "action": "login_success", "user_id": "soham", "resource": null, "details": {"session_id": "042dc782-66df-49d8-b158-716347c91515"}, "severity": "info", "ip_address": "Unknown", "success": true}
{"id": "45ab8414-fe02-4ea2-827b-6ab471b9adec", "timestamp": "2025-03-20T19:51:09.668990", "action": "login_success", "user_id": null, "resource": {"username": "soham"}, "details": {}, "severity": "info", "ip_address": "Unknown", "success": true}
{"id": "42b19e3d-ec2b-41ce-be58-fcd128d13c23", "timestamp": "2025-03-20T19:52:54.369330", "action": "login_success", "user_id": "vegeta", "resource": null, "details": {"session_id": "bd7f5f81-ecc5-496a-b7e9-53b1186516e1"}, "severity": "info", "ip_address": "Unknown", "success": true}
{"id": "dc6d484c-82ec-497f-af91-75f37e56cb3d", "timestamp": "2025-03-20T19:52:54.376959", "action": "login_success", "user_id": null, "resource": {"username": "vegeta"}, "details": {}, "severity": "info", "ip_address": "Unknown", "success": true}
{"id": "5b452d29-7516-4ade-b45a-e0122b3cdb71", "timestamp": "2025-03-20T19:56:29.017308", "action": "login_success", "user_id": "vegeta", "resource": null, "details": {"session_id": "d13928e7-7132-434b-b3d4-4c1389f9dd66"}, "severity": "info", "ip_address": "Unknown", "success": true}
{"id": "dd641b3e-74d0-42f9-a54d-fa089e4bbdfe", "timestamp": "2025-03-20T19:56:29.021307", "action": "login_success", "user_id": null, "resource": {"username": "vegeta"}, "details": {}, "severity": "info", "ip_address": "Unknown", "success": true}
{"id": "28c9fa44-f9fe-459b-9215-0d93baa20f51", "timestamp": "2025-03-20T20:01:30.449491", "action": "login_success", "user_id": "vegeta", "resource": null, "details": {"session_id": "1f5df515-d9b4-4876-acfa-4b3bda06f936"}, "severity": "info", "ip_address": "Unknown", "success": true}
{"id": "625a13ff-af7b-44dd-8bcc-55b1b6c3901f", "timestamp": "2025-03-20T20:01:30.455462", "action": "login_success", "user_id": null, "resource": {"username": "vegeta"}, "details": {}, "severity": "info", "ip_address": "Unknown", "success": true}
{"id": "295b05ce-ff56-45a6-9daa-691e8b4c3e84", "timestamp": "2025-03-20T20:03:30.923550", "action": "login_failed", "user_id": "vegeta", "resource": null, "details": {"reason": "invalid_password"}, "severity": "info", "ip_address": "Unknown", "success": true}
{"id": "6e7a8e34-46ab-4fed-8243-bdc34ae53075", "timestamp": "2025-03-20T20:03:30.943571", "action": "login_failed", "user_id": null, "resource": {"username": "vegeta", "reason": "Invalid username or password"}, "details": {}, "severity": "info", "ip_address": "Unknown", "success": true}
{"id": "7ee0bbe5-23f5-4411-8c84-5a795be3e390", "timestamp": "2025-03-20T20:03:42.414373", "action": "login_success", "user_id": "vegeta", "resource": null, "details": {"session_id": "62d29368-08d6-4a65-a7ea-856f3e619b0d"}, "severity": "info", "ip_address": "Unknown", "success": true}
{"id": "66774e03-7646-487c-acf3-8f977ea7980b", "timestamp": "2025-03-20T20:03:42.420732", "action": "login_success", "user_id": null, "resource": {"username": "vegeta"}, "details": {}, "severity": "info", "ip_address": "Unknown", "success": true}
{"id": "aac44793-96b8-4df1-be3b-9710dcdd7ecb", "timestamp": "2025-03-20T20:14:12.087503", "action": "login_success", "user_id": "admin@admin.com", "resource": null, "details": {"session_id": "6929fcbf-770c-4610-ab66-cf9322f0417f"}, "severity": "info", "ip_address": "Unknown", "success": true}
{"id": "ace56175-bdbd-46b0-a564-7b4325b15a33", "timestamp": "2025-03-20T20:14:12.094030", "action": "login_success", "user_id": null, "resource": {"username": "admin@admin.com"}, "details": {}, "severity": "info", "ip_address": "Unknown", "success": true}
{"id": "2ab1f28a-b9e0-4fcb-aedb-a61cf18e381f", "timestamp": "2025-03-20T20:14:51.100233", "action": "logout", "user_id": "admin@admin.com", "resource": null, "details": {"method": "manual"}, "severity": "info", "ip_address": "Unknown", "success": true}
{"id": "ca0980a2-2be7-4d13-9205-56fb1dd3bce6", "timestamp": "2025-03-20T20:14:51.450581", "action": "login_success", "user_id": "vegeta", "resource": null, "details": {"session_id": "f24bf8bb-65df-40ea-9864-5194f586229b"}, "severity": "info", "ip_address": "Unknown", "success": true}
{"id": "f666e578-f88b-4ab9-a142-810487bb57f5", "timestamp": "2025-03-20T20:14:51.458611", "action": "login_success", "user_id": null, "resource": {"username": "vegeta"}, "details": {}, "severity": "info", "ip_address": "Unknown", "success": true}
{"id": "2fe7aa68-22ae-42ee-b8d9-e3352483c99d", "timestamp": "2025-03-20T20:20:53.561071", "action": "login_success", "user_id": "vegeta", "resource": null, "details": {"session_id": "d95b7fc5-6682-48a2-a607-35d7d1bee3cd"}, "severity": "info", "ip_address": "Unknown", "success": true}
{"id": "d55e2fe7-ae85-4129-9ac8-9d9be7a9ed33", "timestamp": "2025-03-20T20:20:53.567116", "action": "login_success", "user_id": null, "resource": {"username": "vegeta"}, "details": {}, "severity": "info", "ip_address": "Unknown", "success": true}
{"id": "9598a427-e523-40fa-bb9a-cd5f0c0b27f6", "timestamp": "2025-03-20T20:22:47.258950", "action": "login_success", "user_id": "vegeta", "resource": null, "details": {"session_id": "e633765e-114c-4c54-830b-78d48bef2fbb"}, "severity": "info", "ip_address": "Unknown", "success": true}
{"id": "0d5815ff-0220-4a9a-9b3d-c892b9acd75c", "timestamp": "2025-03-20T20:22:47.268952", "action": "login_success", "user_id": null, "resource": {"username": "vegeta"}, "details": {}, "severity": "info", "ip_address": "Unknown", "success": true}
{"id": "fbfb8243-41f2-477b-9977-d0fafb37516e", "timestamp": "2025-03-20T20:27:34.149079", "action": "login_success", "user_id": "vegeta", "resource": null, "details": {"session_id": "564967e8-64d9-4369-9b48-87968e86059f"}, "severity": "info", "ip_address": "Unknown", "success": true}
{"id": "907d4f7a-ebc8-4e6a-97d9-0d7ca8b10f61", "timestamp": "2025-03-20T20:27:34.153105", "action": "login_success", "user_id": null, "resource": {"username": "vegeta"}, "details": {}, "severity": "info", "ip_address": "Unknown", "success": true}
{"id": "130cd4d3-7fa8-46db-9d2f-5127fd47386a", "timestamp": "2025-03-20T20:29:22.768901", "action": "login_success", "user_id": "vegeta", "resource": null, "details": {"session_id": "16736ff8-0213-41d2-b21b-b46914ed0b65"}, "severity": "info", "ip_address": "Unknown", "success": true}
{"id": "158321f0-be5a-462a-b171-7d8f97e1ff24", "timestamp": "2025-03-20T20:29:22.772916", "action": "login_success", "user_id": null, "resource": {"username": "vegeta"}, "details": {}, "severity": "info", "ip_address": "Unknown", "success": true}
{"id": "ea5195b5-17c6-4b52-9516-ea464e99d41d", "timestamp": "2025-03-20T20:35:22.986304", "action": "login_success", "user_id": "vegeta", "resource": null, "details": {"session_id": "397c3027-78e8-43bc-a784-fd40dd36b46d"}, "severity": "info", "ip_address": "Unknown", "success": true}
{"id": "761822d0-e7a6-468e-b297-f4b6e32d3e91", "timestamp": "2025-03-20T20:35:22.989388", "action": "login_success", "user_id": null, "resource": {"username": "vegeta"}, "details": {}, "severity": "info", "ip_address": "Unknown", "success": true}
{"id": "9d561e1e-f2b7-4635-9a81-ba88fbc7bb42", "timestamp": "2025-03-20T20:37:50.422398", "action": "login_success", "user_id": "vegeta", "resource": null, "details": {"session_id": "a2ec129d-2eae-4ca0-ac0f-70ed980059f6"}, "severity": "info", "ip_address": "Unknown", "success": true}
{"id": "91c07d51-f3ab-4bbb-afca-068cd6fb5c90", "timestamp": "2025-03-20T20:37:50.431445", "action": "login_success", "user_id": null, "resource": {"username": "vegeta"}, "details": {}, "severity": "info", "ip_address": "Unknown", "success": true}
{"id": "2dc5d146-cd46-4374-817b-e912e96d9ec3", "timestamp": "2025-03-20T20:39:09.813906", "action": "logout", "user_id": "admin", "resource": null, "details": {"method": "manual"}, "severity": "info", "ip_address": "Unknown", "success": true}
{"id": "2adccaba-3bda-4333-84c9-ce5d5fa8220e", "timestamp": "2025-03-20T20:39:10.021523", "action": "logout", "user_id": "admin", "resource": null, "details": {"method": "manual"}, "severity": "info", "ip_address": "Unknown", "success": true}
{"id": "71c51a7d-fbc1-4a3a-8cf6-e6f78e02acc5", "timestamp": "2025-03-20T20:39:11.162278", "action": "login_success", "user_id": "admin@admin.com", "resource": null, "details": {"session_id": "c6671324-5c67-4c1f-85c3-d832daaac4dd"}, "severity": "info", "ip_address": "Unknown", "success": true}
{"id": "44db2e7f-891b-437a-b06d-184c7f0563cb", "timestamp": "2025-03-20T20:39:11.168311", "action": "login_success", "user_id": null, "resource": {"username": "admin@admin.com"}, "details": {}, "severity": "info", "ip_address": "Unknown", "success": true}
{"id": "cda7d0ff-51d5-4702-b8e1-6250327d03c0", "timestamp": "2025-03-20T20:40:04.792181", "action": "logout", "user_id": "admin@admin.com", "resource": null, "details": {"method": "manual"}, "severity": "info", "ip_address": "Unknown", "success": true}
{"id": "9cdcb7aa-e18e-414c-b25c-c5beb243e7ce", "timestamp": "2025-03-20T20:40:04.850849", "action": "login_success", "user_id": "admin@admin.com", "resource": null, "details": {"session_id": "14c025f9-9586-4c97-b531-c9baa6050a17"}, "severity": "info", "ip_address": "Unknown", "success": true}
{"id": "d8b2b33c-72b5-4e4c-8e82-c1a9813541cc", "timestamp": "2025-03-20T20:40:04.860546", "action": "login_success", "user_id": null, "resource": {"username": "admin@admin.com"}, "details": {}, "severity": "info", "ip_address": "Unknown", "success": true}
{"id": "80cc66ae-e0ce-4b42-b613-66c4be20204d", "timestamp": "2025-03-20T20:40:31.707758", "action": "logout", "user_id": "admin@admin.com", "resource": null, "details": {"method": "manual"}, "severity": "info", "ip_address": "Unknown", "success": true}
{"id": "fb6880a1-4c74-4870-8c08-c9b81343e0de", "timestamp": "2025-03-20T20:40:31.741063", "action": "login_success", "user_id": "admin@admin.com", "resource": null, "details": {"session_id": "68371eff-3418-4535-b019-c717a1924354"}, "severity": "info", "ip_address": "Unknown", "success": true}
{"id": "80c500c2-5e25-4ff2-8ed1-32706070081a", "timestamp": "2025-03-20T20:40:31.776384", "action": "login_success", "user_id": null, "resource": {"username": "admin@admin.com"}, "details": {}, "severity": "info", "ip_address": "Unknown", "success": true}
{"id": "1c3d2cbf-3763-4644-8a45-0a4c0650547b", "timestamp": "2025-03-20T20:46:39.826355", "action": "login_success", "user_id": "vegeta", "resource": null, "details": {"session_id": "e047841d-c6df-4bf9-9e2c-28db5e3a1382"}, "severity": "info", "ip_address": "Unknown", "success": true}
{"id": "a2df90bf-90a3-46b7-b353-1dd381729744", "timestamp": "2025-03-20T20:46:39.833358", "action": "login_success", "user_id": null, "resource": {"username": "vegeta"}, "details": {}, "severity": "info", "ip_address": "Unknown", "success": true}
{"id": "5104e767-46bd-4c39-bcf5-a57cd9a8a0b4", "timestamp": "2025-03-20T20:50:08.426221", "action": "login_success", "user_id": "vegeta", "resource": null, "details": {"session_id": "8e764396-2d11-4eab-aaee-6f1d5b455a84"}, "severity": "info", "ip_address": "Unknown", "success": true}
{"id": "71c5c045-9c5c-4701-9d65-2337c89ac385", "timestamp": "2025-03-20T20:50:08.432739", "action": "login_success", "user_id": null, "resource": {"username": "vegeta"}, "details": {}, "severity": "info", "ip_address": "Unknown", "success": true}
{"id": "c488e5e6-521b-4953-891c-c923ad7900b1", "timestamp": "2025-03-20T23:03:10.331275", "action": "login_success", "user_id": "admin@admin.com", "resource": null, "details": {"session_id": "493830d4-ebcd-4329-8fb4-6fc40271630b"}, "severity": "info", "ip_address": "Unknown", "success": true}
{"id": "90d0631c-f2fe-4b88-bc36-9c186b846654", "timestamp": "2025-03-20T23:03:10.339467", "action": "login_success", "user_id": null, "resource": {"username": "admin@admin.com"}, "details": {}, "severity": "info", "ip_address": "Unknown", "success": true}
{"id": "1b714dbe-8a07-4d80-b6c7-9dfe6acd359d", "timestamp": "2025-03-20T23:03:39.240961", "action": "update_user_status", "user_id": "admin@admin.com", "resource": null, "details": {"new_status": "inactive"}, "severity": "info", "ip_address": "Unknown", "success": true}
{"id": "6794f8e6-e8ba-488f-a5bc-76d570f91a74", "timestamp": "2025-03-20T23:03:43.295124", "action": "update_user_status", "user_id": "admin@admin.com", "resource": null, "details": {"new_status": "active"}, "severity": "info", "ip_address": "Unknown", "success": true}
{"id": "d8fe8cfe-0e98-4d32-87d5-8b93bc1a555e", "timestamp": "2025-03-20T23:04:35.493318", "action": "logout", "user_id": "admin@admin.com", "resource": null, "details": {"method": "manual"}, "severity": "info", "ip_address": "Unknown", "success": true}
{"id": "f02d19de-6cc9-4089-a4fd-2c84520b9a59", "timestamp": "2025-03-20T23:04:36.365886", "action": "user_created", "user_id": "test_pull", "resource": null, "details": {"email": "test_pull@example.com", "role": "user", "access_level": "pull"}, "severity": "info", "ip_address": "Unknown", "success": true}
{"id": "58700be2-73f1-4b81-8467-055e5b1984fc", "timestamp": "2025-03-20T23:04:36.370472", "action": "user_created", "user_id": "f3aec870-5f71-4584-87a2-9611deb35916", "resource": {"username": "test_pull"}, "details": {}, "severity": "info", "ip_address": "Unknown", "success": true}
{"id": "a53a2a54-fde7-48a3-9fe6-7238a4a4cdee", "timestamp": "2025-03-20T23:04:36.794969", "action": "folder_created", "user_id": "f3aec870-5f71-4584-87a2-9611deb35916", "resource": {"folder": "users/test_pull/"}, "details": {}, "severity": "info", "ip_address": "Unknown", "success": true}
{"id": "6f4cd0b6-7b7e-4baf-8d38-20a526d4176d", "timestamp": "2025-03-20T23:04:43.028429", "action": "login_success", "user_id": "admin@admin.com", "resource": null, "details": {"session_id": "f0ac4de6-f5ea-400b-bcdf-d01b1fecde7c"}, "severity": "info", "ip_address": "Unknown", "success": true}
{"id": "d5a652b2-48c7-4698-b601-c1c89c67d910", "timestamp": "2025-03-20T23:04:43.033876", "action": "login_success", "user_id": null, "resource": {"username": "admin@admin.com"}, "details": {}, "severity": "info", "ip_address": "Unknown", "success": true}
{"id": "7710313d-8d62-402d-85d6-65d41d40b892", "timestamp": "2025-03-20T23:04:52.492807", "action": "logout", "user_id": "admin@admin.com", "resource": null, "details": {"method": "manual"}, "severity": "info", "ip_address": "Unknown", "success": true}
{"id": "b012b610-558d-419b-90c6-97636abdbdf2", "timestamp": "2025-03-20T23:04:52.607907", "action": "login_success", "user_id": "admin@admin.com", "resource": null, "details": {"session_id": "508ab2a9-8620-4dc8-b4b4-a612da810c74"}, "severity": "info", "ip_address": "Unknown", "success": true}
{"id": "704cb362-8b90-46c3-aba3-b1486facce46", "timestamp": "2025-03-20T23:04:52.616471", "action": "login_success", "user_id": null, "resource": {"username": "admin@admin.com"}, "details": {}, "severity": "info", "ip_address": "Unknown", "success": true}
{"id": "3c8dba03-c123-4a42-8423-e8fc54bbd80f", "timestamp": "2025-03-20T23:31:35.574837", "action": "login_success", "user_id": "admin@admin.com", "resource": null, "details": {"session_id": "d11329d1-99bc-4db6-972c-09458c1835d1"}, "severity": "info", "ip_address": "Unknown", "success": true}
{"id": "01207769-ea78-4fa2-a343-42a875f7791a", "timestamp": "2025-03-20T23:31:35.581842", "action": "login_success", "user_id": null, "resource": {"username": "admin@admin.com"}, "details": {}, "severity": "info", "ip_address": "Unknown", "success": true}
{"id": "dc6dc233-6720-4cec-8aaf-3582bcec5b71", "timestamp": "2025-03-20T23:36:51.659757", "action": "login_success", "user_id": "admin@admin.com", "resource": null, "details": {"session_id": "c4529e69-eca3-420a-b0cb-8bd9af70dbc8"}, "severity": "info", "ip_address": "Unknown", "success": true}
{"id": "85fb6f84-f38a-4ed4-a30d-69b8c85f31ab", "timestamp": "2025-03-20T23:36:51.666239", "action": "login_success", "user_id": null, "resource": {"username": "admin@admin.com"}, "details": {}, "severity": "info", "ip_address": "Unknown", "success": true}
{"id": "df1cb337-76ba-47c6-b08d-6c8a0c4c7463", "timestamp": "2025-03-20T23:52:14.168297", "action": "login_success", "user_id": "admin@admin.com", "resource": null, "details": {"session_id": "2f7976fc-d6c2-4c11-aa9a-f34562d6e034"}, "severity": "info", "ip_address": "Unknown", "success": true}
{"id": "15001f0b-2bc4-45c1-bad8-2cd662bc2894", "timestamp": "2025-03-20T23:52:14.173297", "action": "login_success", "user_id": null, "resource": {"username": "admin@admin.com"}, "details": {}, "severity": "info", "ip_address": "Unknown", "success": true}
{"id": "e099e7cb-0a1d-4a3f-977a-d7e092872d96", "timestamp": "2025-03-20T23:59:07.249444", "action": "logout", "user_id": "admin@admin.com", "resource": null, "details": {"method": "manual"}, "severity": "info", "ip_address": "Unknown", "success": true}
{"id": "49f0ba9b-ac87-4101-a63e-1f830addb374", "timestamp": "2025-03-20T23:59:08.609110", "action": "login_success", "user_id": "admin@admin.com", "resource": null, "details": {"session_id": "7cc259c0-306f-40e6-a833-bdd7cb008b3d"}, "severity": "info", "ip_address": "Unknown", "success": true}
{"id": "9c096d6c-a2ff-405e-a97f-8afb6dc92f9f", "timestamp": "2025-03-20T23:59:08.619049", "action": "login_success", "user_id": null, "resource": {"username": "admin@admin.com"}, "details": {}, "severity": "info", "ip_address": "Unknown", "success": true}
{"id": "c509df09-a8e4-47f3-81b6-a9fac8b82029", "timestamp": "2025-03-20T23:59:16.500480", "action": "logout", "user_id": "admin@admin.com", "resource": null, "details": {"method": "manual"}, "severity": "info", "ip_address": "Unknown", "success": true}
{"id": "10793abd-3f3a-4863-8335-ac3a93049aed", "timestamp": "2025-03-20T23:59:16.575411", "action": "login_success", "user_id": "admin@admin.com", "resource": null, "details": {"session_id": "548f8ca8-946f-4ca6-bba7-3df8519847fd"}, "severity": "info", "ip_address": "Unknown", "success": true}
{"id": "f10c74fb-cd2d-4438-bc25-9e6823f59c31", "timestamp": "2025-03-20T23:59:16.581340", "action": "login_success", "user_id": null, "resource": {"username": "admin@admin.com"}, "details": {}, "severity": "info", "ip_address": "Unknown", "success": true}
{"id": "89c50b03-fe52-4663-b86e-208cbf256cf5", "timestamp": "2025-03-20T23:59:24.154703", "action": "logout", "user_id": "admin@admin.com", "resource": null, "details": {"method": "manual"}, "severity": "info", "ip_address": "Unknown", "success": true}
{"id": "6b06b5b9-cf3f-4f6e-96f8-9f411b5fa19a", "timestamp": "2025-03-20T23:59:24.196755", "action": "login_success", "user_id": "admin@admin.com", "resource": null, "details": {"session_id": "087291d5-7345-4910-a5bb-04a3d42f7ae7"}, "severity": "info", "ip_address": "Unknown", "success": true}
{"id": "c892170f-c61a-417a-84a0-dacf3d34c5a2", "timestamp": "2025-03-20T23:59:24.204862", "action": "login_success", "user_id": null, "resource": {"username": "admin@admin.com"}, "details": {}, "severity": "info", "ip_address": "Unknown", "success": true}
