{"id": "f22eeeaf-1dd3-436c-90fe-d46ca6345aab", "timestamp": "2025-03-10T00:10:51.296447", "action": "login_success", "user_id": "admin@admin.com", "resource": null, "details": {"session_id": "c09a067a-1acb-4752-862c-791be826e3bd"}, "severity": "info", "ip_address": "Unknown", "success": true}
{"id": "eb437044-9ad1-46d1-ae10-b1027b634982", "timestamp": "2025-03-10T00:10:51.307443", "action": "login_success", "user_id": null, "resource": {"username": "admin@admin.com"}, "details": {}, "severity": "info", "ip_address": "Unknown", "success": true}
{"id": "877e9700-6d1b-40c7-8d6c-8d7f2d6ab42a", "timestamp": "2025-03-10T00:17:34.367997", "action": "login_success", "user_id": "admin@admin.com", "resource": null, "details": {"session_id": "9a8f6216-bcc4-4512-9d74-c40d190cdd63"}, "severity": "info", "ip_address": "Unknown", "success": true}
{"id": "f4ab0bd1-9440-4ce1-aead-a0a0df3be479", "timestamp": "2025-03-10T00:17:34.373473", "action": "login_success", "user_id": null, "resource": {"username": "admin@admin.com"}, "details": {}, "severity": "info", "ip_address": "Unknown", "success": true}
{"id": "2a9ddd32-5985-4b59-a92d-760a8f0cab98", "timestamp": "2025-03-10T00:21:20.671204", "action": "login_success", "user_id": "admin@admin.com", "resource": null, "details": {"session_id": "1bbbe034-bf11-4419-a65b-42a15d4ef2a2"}, "severity": "info", "ip_address": "Unknown", "success": true}
{"id": "52f0e4f0-a624-4bd0-805a-ee65e806e101", "timestamp": "2025-03-10T00:21:20.677480", "action": "login_success", "user_id": null, "resource": {"username": "admin@admin.com"}, "details": {}, "severity": "info", "ip_address": "Unknown", "success": true}
{"id": "7e597156-1bc6-4c0b-899d-694366b50c99", "timestamp": "2025-03-10T00:29:37.261729", "action": "login_success", "user_id": "admin@admin.com", "resource": null, "details": {"session_id": "467574ed-7918-4e19-b321-0c6debdec516"}, "severity": "info", "ip_address": "Unknown", "success": true}
{"id": "faf7fd92-bd35-4b83-babc-b828ef45408a", "timestamp": "2025-03-10T00:29:37.266727", "action": "login_success", "user_id": null, "resource": {"username": "admin@admin.com"}, "details": {}, "severity": "info", "ip_address": "Unknown", "success": true}
{"id": "cecb08d9-b8d5-4669-855a-7cb34f7b1841", "timestamp": "2025-03-10T00:32:38.105116", "action": "login_success", "user_id": "admin@admin.com", "resource": null, "details": {"session_id": "6eb28f1c-aa41-460d-b381-d4702339d651"}, "severity": "info", "ip_address": "Unknown", "success": true}
{"id": "b329c1da-16e9-4361-81a1-7b0803f3592f", "timestamp": "2025-03-10T00:32:38.108116", "action": "login_success", "user_id": null, "resource": {"username": "admin@admin.com"}, "details": {}, "severity": "info", "ip_address": "Unknown", "success": true}
{"id": "5342bfb3-0be0-4cf7-bbbf-aa893a0f0bd0", "timestamp": "2025-03-10T00:35:03.727398", "action": "login_success", "user_id": "admin@admin.com", "resource": null, "details": {"session_id": "f565bc9c-aec3-4649-b4c3-137258f9bb63"}, "severity": "info", "ip_address": "Unknown", "success": true}
{"id": "82e1a10c-c820-4939-8a2c-057a13c5237e", "timestamp": "2025-03-10T00:35:03.733173", "action": "login_success", "user_id": null, "resource": {"username": "admin@admin.com"}, "details": {}, "severity": "info", "ip_address": "Unknown", "success": true}
{"id": "94e53ae3-b20b-40ca-8b33-4b075b440941", "timestamp": "2025-03-10T00:37:01.626488", "action": "login_success", "user_id": "admin@admin.com", "resource": null, "details": {"session_id": "6204d798-67f7-4c87-8513-63289bfc7bd1"}, "severity": "info", "ip_address": "Unknown", "success": true}
{"id": "eb9bc86b-3433-405d-9cef-1797dd9b4ca1", "timestamp": "2025-03-10T00:37:01.632488", "action": "login_success", "user_id": null, "resource": {"username": "admin@admin.com"}, "details": {}, "severity": "info", "ip_address": "Unknown", "success": true}
{"id": "f8277b11-f8ae-426e-bdea-ded8e4b58041", "timestamp": "2025-03-10T00:39:52.293353", "action": "login_success", "user_id": "admin@admin.com", "resource": null, "details": {"session_id": "3941db2b-e067-4e55-9dc5-1cde85666463"}, "severity": "info", "ip_address": "Unknown", "success": true}
{"id": "77c61f90-1a56-4c2f-9c19-b3a95ba301bd", "timestamp": "2025-03-10T00:39:52.297356", "action": "login_success", "user_id": null, "resource": {"username": "admin@admin.com"}, "details": {}, "severity": "info", "ip_address": "Unknown", "success": true}
{"id": "929c2634-ccfb-4e83-979c-0418c5832e60", "timestamp": "2025-03-10T00:41:26.251815", "action": "login_success", "user_id": "admin@admin.com", "resource": null, "details": {"session_id": "7fb02ec0-3cb8-46bc-92b1-166933047caf"}, "severity": "info", "ip_address": "Unknown", "success": true}
{"id": "6b773e3a-a8e0-4396-a283-e92411a74fcc", "timestamp": "2025-03-10T00:41:26.259190", "action": "login_success", "user_id": null, "resource": {"username": "admin@admin.com"}, "details": {}, "severity": "info", "ip_address": "Unknown", "success": true}
{"id": "552c1440-9c40-49dd-b7f3-01bffebbe42e", "timestamp": "2025-03-10T00:43:23.756900", "action": "login_success", "user_id": "admin@admin.com", "resource": null, "details": {"session_id": "ae911fb7-4c81-4467-94fe-bee796272558"}, "severity": "info", "ip_address": "Unknown", "success": true}
{"id": "7f4cd934-e4e5-4b5d-8164-f4e5a306cb03", "timestamp": "2025-03-10T00:43:23.761903", "action": "login_success", "user_id": null, "resource": {"username": "admin@admin.com"}, "details": {}, "severity": "info", "ip_address": "Unknown", "success": true}
{"id": "b321c40f-0152-4927-bc7e-cf25b9f2c663", "timestamp": "2025-03-10T00:45:31.971316", "action": "login_success", "user_id": "admin@admin.com", "resource": null, "details": {"session_id": "bd4d5b4e-784e-46c7-91bc-72f271ab7a77"}, "severity": "info", "ip_address": "Unknown", "success": true}
{"id": "b00d1dcc-0f7a-442c-b216-63ed412bd2ee", "timestamp": "2025-03-10T00:45:31.975320", "action": "login_success", "user_id": null, "resource": {"username": "admin@admin.com"}, "details": {}, "severity": "info", "ip_address": "Unknown", "success": true}
{"id": "bd0d644b-8d07-4fa8-8f81-94a3ef4e3fca", "timestamp": "2025-03-10T00:54:02.760680", "action": "login_success", "user_id": "admin@admin.com", "resource": null, "details": {"session_id": "419d53e4-f3d8-451b-a736-4606077e394f"}, "severity": "info", "ip_address": "Unknown", "success": true}
{"id": "4f7dd14d-f033-4ec7-bb79-77eb457cc5e6", "timestamp": "2025-03-10T00:54:02.766196", "action": "login_success", "user_id": null, "resource": {"username": "admin@admin.com"}, "details": {}, "severity": "info", "ip_address": "Unknown", "success": true}
{"id": "f49ad17c-37d6-4e32-800f-3af47584a54f", "timestamp": "2025-03-10T00:54:57.949097", "action": "login_success", "user_id": "admin@admin.com", "resource": null, "details": {"session_id": "7dcd149f-d507-49eb-9a64-c3d488c46cb8"}, "severity": "info", "ip_address": "Unknown", "success": true}
{"id": "4dab3c6d-c64c-4367-93ad-957182386dd8", "timestamp": "2025-03-10T00:55:05.542888", "action": "user_created", "user_id": "asta", "resource": null, "details": {"email": "asta@example.com", "role": "user", "access_level": "pull"}, "severity": "info", "ip_address": "Unknown", "success": true}
{"id": "46da0e0f-158c-4b64-aa98-826165a68632", "timestamp": "2025-03-10T00:55:05.542888", "action": "user_created", "user_id": "asta", "resource": null, "details": {"email": "asta@example.com", "role": "user", "access_level": "pull"}, "severity": "info", "ip_address": "Unknown", "success": true}
{"id": "8d32d402-794e-41bd-b033-28e47aaadb3c", "timestamp": "2025-03-10T00:55:05.542888", "action": "user_created", "user_id": "asta", "resource": null, "details": {"email": "asta@example.com", "role": "user", "access_level": "pull"}, "severity": "info", "ip_address": "Unknown", "success": true}
{"id": "01d1cf5f-dd09-4efb-a610-5b0a87921699", "timestamp": "2025-03-10T00:55:05.542888", "action": "user_created", "user_id": "asta", "resource": null, "details": {"email": "asta@example.com", "role": "user", "access_level": "pull"}, "severity": "info", "ip_address": "Unknown", "success": true}
{"id": "a2bd184b-f090-4ee6-b0c8-1e5a3d9b029b", "timestamp": "2025-03-10T00:55:05.542888", "action": "user_created", "user_id": "asta", "resource": null, "details": {"email": "asta@example.com", "role": "user", "access_level": "pull"}, "severity": "info", "ip_address": "Unknown", "success": true}
{"id": "88e670d6-c928-4df5-b44f-505503316a25", "timestamp": "2025-03-10T00:55:05.542888", "action": "user_created", "user_id": "asta", "resource": null, "details": {"email": "asta@example.com", "role": "user", "access_level": "pull"}, "severity": "info", "ip_address": "Unknown", "success": true}
{"id": "451b5009-6e5d-45e5-bc81-8db3c6ef5b46", "timestamp": "2025-03-10T00:55:05.542888", "action": "user_created", "user_id": "asta", "resource": null, "details": {"email": "asta@example.com", "role": "user", "access_level": "pull"}, "severity": "info", "ip_address": "Unknown", "success": true}
{"id": "0ebd4e05-5108-45cc-9681-6e894e3dae0d", "timestamp": "2025-03-10T00:55:05.542888", "action": "user_created", "user_id": "asta", "resource": null, "details": {"email": "asta@example.com", "role": "user", "access_level": "pull"}, "severity": "info", "ip_address": "Unknown", "success": true}
{"id": "b63b3842-ab5c-411c-ad49-17caf78560c7", "timestamp": "2025-03-10T00:55:05.542888", "action": "user_created", "user_id": "asta", "resource": null, "details": {"email": "asta@example.com", "role": "user", "access_level": "pull"}, "severity": "info", "ip_address": "Unknown", "success": true}
{"id": "ca5a8b53-bacf-4f9f-abd6-8d831c033d0f", "timestamp": "2025-03-10T00:55:05.542888", "action": "user_created", "user_id": "asta", "resource": null, "details": {"email": "asta@example.com", "role": "user", "access_level": "pull"}, "severity": "info", "ip_address": "Unknown", "success": true}
{"id": "9f8450e2-dfe0-4d22-ba56-12812e2b37f0", "timestamp": "2025-03-10T00:55:05.547874", "action": "login_success", "user_id": null, "resource": {"username": "admin@admin.com"}, "details": {}, "severity": "info", "ip_address": "Unknown", "success": true}
{"id": "8e60a24d-ed7b-482f-9b38-8e6e39fd1ebb", "timestamp": "2025-03-10T00:55:05.542888", "action": "user_created", "user_id": "asta", "resource": null, "details": {"email": "asta@example.com", "role": "user", "access_level": "pull"}, "severity": "info", "ip_address": "Unknown", "success": true}
{"id": "2d20c2c8-cc9c-4bbf-ae9f-f84790a4a0c7", "timestamp": "2025-03-10T00:55:05.547874", "action": "user_created", "user_id": "asta", "resource": null, "details": {"email": "asta@example.com", "role": "user", "access_level": "pull"}, "severity": "info", "ip_address": "Unknown", "success": true}
{"id": "5c65dd16-e9b6-41c0-a1cc-77afa547fd94", "timestamp": "2025-03-10T00:55:05.547874", "action": "user_created", "user_id": "asta", "resource": null, "details": {"email": "asta@example.com", "role": "user", "access_level": "pull"}, "severity": "info", "ip_address": "Unknown", "success": true}
{"id": "4a8e25be-45c3-4fe7-b6bb-844366b86d9d", "timestamp": "2025-03-10T00:55:05.548876", "action": "user_created", "user_id": "asta", "resource": null, "details": {"email": "asta@example.com", "role": "user", "access_level": "pull"}, "severity": "info", "ip_address": "Unknown", "success": true}
{"id": "eaec7daa-19b6-4e53-85f6-c79b4f612e69", "timestamp": "2025-03-10T00:55:05.548876", "action": "user_created", "user_id": "asta", "resource": null, "details": {"email": "asta@example.com", "role": "user", "access_level": "pull"}, "severity": "info", "ip_address": "Unknown", "success": true}
{"id": "8825008f-9643-416d-9e3e-d40281c33f45", "timestamp": "2025-03-10T00:55:05.548876", "action": "user_created", "user_id": "asta", "resource": null, "details": {"email": "asta@example.com", "role": "user", "access_level": "pull"}, "severity": "info", "ip_address": "Unknown", "success": true}
{"id": "c5bc543c-e9dc-4447-89aa-3423b081eeb2", "timestamp": "2025-03-10T00:55:05.548876", "action": "user_created", "user_id": "asta", "resource": null, "details": {"email": "asta@example.com", "role": "user", "access_level": "pull"}, "severity": "info", "ip_address": "Unknown", "success": true}
{"id": "0135dbd0-2ed3-4d76-98f1-f8f4484b0ff5", "timestamp": "2025-03-10T00:55:05.548876", "action": "user_created", "user_id": "asta", "resource": null, "details": {"email": "asta@example.com", "role": "user", "access_level": "pull"}, "severity": "info", "ip_address": "Unknown", "success": true}
{"id": "b1774357-6afd-4dbf-9a73-d0ca0fbb02ab", "timestamp": "2025-03-10T00:55:05.548876", "action": "user_created", "user_id": "asta", "resource": null, "details": {"email": "asta@example.com", "role": "user", "access_level": "pull"}, "severity": "info", "ip_address": "Unknown", "success": true}
{"id": "becd5a3e-d217-4def-a30b-4f20e3b4fad3", "timestamp": "2025-03-10T00:55:05.548876", "action": "user_created", "user_id": "asta", "resource": null, "details": {"email": "asta@example.com", "role": "user", "access_level": "pull"}, "severity": "info", "ip_address": "Unknown", "success": true}
{"id": "a7d0b70f-0664-4dd5-8d9d-3100265bbed1", "timestamp": "2025-03-10T00:55:05.548876", "action": "user_created", "user_id": "asta", "resource": null, "details": {"email": "asta@example.com", "role": "user", "access_level": "pull"}, "severity": "info", "ip_address": "Unknown", "success": true}
{"id": "a163383d-cbb3-4987-bf8a-65ba98019c3b", "timestamp": "2025-03-10T00:55:05.548876", "action": "user_created", "user_id": "asta", "resource": null, "details": {"email": "asta@example.com", "role": "user", "access_level": "pull"}, "severity": "info", "ip_address": "Unknown", "success": true}
{"id": "ae0388d4-7c7a-4846-aa87-32e3222cbb7b", "timestamp": "2025-03-10T00:55:05.548876", "action": "user_created", "user_id": "asta", "resource": null, "details": {"email": "asta@example.com", "role": "user", "access_level": "pull"}, "severity": "info", "ip_address": "Unknown", "success": true}
{"id": "75d97c25-556a-4151-a089-fbbae1c69502", "timestamp": "2025-03-10T00:55:05.548876", "action": "user_created", "user_id": "asta", "resource": null, "details": {"email": "asta@example.com", "role": "user", "access_level": "pull"}, "severity": "info", "ip_address": "Unknown", "success": true}
{"id": "c4f021f3-8aa7-4b95-8b8f-63229e5f13de", "timestamp": "2025-03-10T00:55:05.548876", "action": "user_created", "user_id": "asta", "resource": null, "details": {"email": "asta@example.com", "role": "user", "access_level": "pull"}, "severity": "info", "ip_address": "Unknown", "success": true}
{"id": "957f6340-4008-4d67-9daa-68ee2320bf1b", "timestamp": "2025-03-10T00:55:05.548876", "action": "user_created", "user_id": "asta", "resource": null, "details": {"email": "asta@example.com", "role": "user", "access_level": "pull"}, "severity": "info", "ip_address": "Unknown", "success": true}
{"id": "39ba6582-8fe8-423d-a0c7-9b3819c9850b", "timestamp": "2025-03-10T00:55:05.548876", "action": "user_created", "user_id": "asta", "resource": null, "details": {"email": "asta@example.com", "role": "user", "access_level": "pull"}, "severity": "info", "ip_address": "Unknown", "success": true}
{"id": "d6065c57-1500-4286-8f2d-7e588b01e8d5", "timestamp": "2025-03-10T00:55:05.548876", "action": "user_created", "user_id": "asta", "resource": null, "details": {"email": "asta@example.com", "role": "user", "access_level": "pull"}, "severity": "info", "ip_address": "Unknown", "success": true}
{"id": "535b4c8e-ff72-44aa-a8f2-04bc7c6f456f", "timestamp": "2025-03-10T00:55:05.548876", "action": "user_created", "user_id": "asta", "resource": null, "details": {"email": "asta@example.com", "role": "user", "access_level": "pull"}, "severity": "info", "ip_address": "Unknown", "success": true}
{"id": "8af64805-1769-41a4-bca7-068d829588f6", "timestamp": "2025-03-10T00:55:05.548876", "action": "user_created", "user_id": "asta", "resource": null, "details": {"email": "asta@example.com", "role": "user", "access_level": "pull"}, "severity": "info", "ip_address": "Unknown", "success": true}
{"id": "fd05f1ca-20d9-4444-8a67-85d4683a69b6", "timestamp": "2025-03-10T00:55:05.548876", "action": "user_created", "user_id": "asta", "resource": null, "details": {"email": "asta@example.com", "role": "user", "access_level": "pull"}, "severity": "info", "ip_address": "Unknown", "success": true}
{"id": "bb31169a-2d94-448e-be78-43f1354a24c6", "timestamp": "2025-03-10T00:55:05.548876", "action": "user_created", "user_id": "asta", "resource": null, "details": {"email": "asta@example.com", "role": "user", "access_level": "pull"}, "severity": "info", "ip_address": "Unknown", "success": true}
{"id": "8b32c762-eeba-4235-aabf-fb6fb81f9c65", "timestamp": "2025-03-10T00:55:05.548876", "action": "user_created", "user_id": "asta", "resource": null, "details": {"email": "asta@example.com", "role": "user", "access_level": "pull"}, "severity": "info", "ip_address": "Unknown", "success": true}
{"id": "25077b85-8a11-40e2-b1e5-df494915da28", "timestamp": "2025-03-10T00:55:05.548876", "action": "user_created", "user_id": "asta", "resource": null, "details": {"email": "asta@example.com", "role": "user", "access_level": "pull"}, "severity": "info", "ip_address": "Unknown", "success": true}
{"id": "086895c4-5245-4576-9b7f-e9395bb1d63b", "timestamp": "2025-03-10T00:55:05.548876", "action": "user_created", "user_id": "asta", "resource": null, "details": {"email": "asta@example.com", "role": "user", "access_level": "pull"}, "severity": "info", "ip_address": "Unknown", "success": true}
{"id": "c61e6b3f-e72f-4dec-91aa-7118981cdcb7", "timestamp": "2025-03-10T01:49:30.422594", "action": "login_failed", "user_id": "asta", "resource": null, "details": {"reason": "invalid_password"}, "severity": "info", "ip_address": "Unknown", "success": true}
{"id": "8256a6ed-474a-4dc3-94fa-cbd2547fae30", "timestamp": "2025-03-10T01:49:30.436563", "action": "login_failed", "user_id": null, "resource": {"username": "asta", "reason": "Invalid username or password"}, "details": {}, "severity": "info", "ip_address": "Unknown", "success": true}
{"id": "4b16ea83-8d4b-4f0d-8e2e-2b24da939fd0", "timestamp": "2025-03-10T01:49:46.373096", "action": "login_failed", "user_id": "asta", "resource": null, "details": {"reason": "invalid_password"}, "severity": "info", "ip_address": "Unknown", "success": true}
{"id": "cee7ee1e-baf5-41c0-b200-0fdf38afe41c", "timestamp": "2025-03-10T01:49:46.393108", "action": "login_failed", "user_id": null, "resource": {"username": "asta", "reason": "Invalid username or password"}, "details": {}, "severity": "info", "ip_address": "Unknown", "success": true}
{"id": "10a1df50-3d73-4fc3-9c18-fbcc81e46a3b", "timestamp": "2025-03-10T01:49:47.476905", "action": "login_failed", "user_id": "asta", "resource": null, "details": {"reason": "invalid_password"}, "severity": "info", "ip_address": "Unknown", "success": true}
{"id": "f5a67c93-c793-4a58-a949-0db75feef3dc", "timestamp": "2025-03-10T01:49:47.491697", "action": "login_failed", "user_id": null, "resource": {"username": "asta", "reason": "Invalid username or password"}, "details": {}, "severity": "info", "ip_address": "Unknown", "success": true}
{"id": "4538a4cf-e07b-4d38-a9fd-6753ac9ab825", "timestamp": "2025-03-10T01:49:47.994988", "action": "login_failed", "user_id": "asta", "resource": null, "details": {"reason": "invalid_password"}, "severity": "info", "ip_address": "Unknown", "success": true}
{"id": "8f426ea0-77d9-4700-93d1-aecf14aa7069", "timestamp": "2025-03-10T01:49:48.007502", "action": "login_failed", "user_id": null, "resource": {"username": "asta", "reason": "Invalid username or password"}, "details": {}, "severity": "info", "ip_address": "Unknown", "success": true}
{"id": "ea09371d-6dab-45b6-b047-369eb6cf4066", "timestamp": "2025-03-10T01:49:48.237206", "action": "login_failed", "user_id": "asta", "resource": null, "details": {"reason": "invalid_password"}, "severity": "info", "ip_address": "Unknown", "success": true}
{"id": "a766960f-8dfc-42bc-8bb6-3e9ef672685d", "timestamp": "2025-03-10T01:49:48.250250", "action": "login_failed", "user_id": null, "resource": {"username": "asta", "reason": "Invalid username or password"}, "details": {}, "severity": "info", "ip_address": "Unknown", "success": true}
{"id": "6dc3d4e8-68ee-4e16-acb8-8ff1486fc010", "timestamp": "2025-03-10T01:49:48.490372", "action": "login_failed", "user_id": "asta", "resource": null, "details": {"reason": "invalid_password"}, "severity": "info", "ip_address": "Unknown", "success": true}
{"id": "9d1a16c5-9f69-41e0-93c5-5b08154616ee", "timestamp": "2025-03-10T01:49:48.511123", "action": "login_failed", "user_id": null, "resource": {"username": "asta", "reason": "Invalid username or password"}, "details": {}, "severity": "info", "ip_address": "Unknown", "success": true}
{"id": "15fd58d8-e0fd-4d11-9f77-59f15d0e1c32", "timestamp": "2025-03-10T01:49:48.751893", "action": "login_failed", "user_id": "asta", "resource": null, "details": {"reason": "invalid_password"}, "severity": "info", "ip_address": "Unknown", "success": true}
{"id": "8810e063-e151-4e9d-a2c3-096a0b937c4d", "timestamp": "2025-03-10T01:49:48.766939", "action": "login_failed", "user_id": null, "resource": {"username": "asta", "reason": "Invalid username or password"}, "details": {}, "severity": "info", "ip_address": "Unknown", "success": true}
{"id": "ddf0ce87-6a71-423e-91ab-ff1df3e1ae4f", "timestamp": "2025-03-10T01:49:49.073041", "action": "login_failed", "user_id": "asta", "resource": null, "details": {"reason": "invalid_password"}, "severity": "info", "ip_address": "Unknown", "success": true}
{"id": "dbfb68c7-f858-4f0a-8555-a197d1f8405d", "timestamp": "2025-03-10T01:49:49.087100", "action": "login_failed", "user_id": null, "resource": {"username": "asta", "reason": "Invalid username or password"}, "details": {}, "severity": "info", "ip_address": "Unknown", "success": true}
{"id": "dec19e18-4c9f-403c-98b0-c38caaaf9d86", "timestamp": "2025-03-10T01:49:54.606637", "action": "login_failed", "user_id": "asta", "resource": null, "details": {"reason": "invalid_password"}, "severity": "info", "ip_address": "Unknown", "success": true}
{"id": "0b171635-04ca-4918-8638-80aa4f3bf165", "timestamp": "2025-03-10T01:49:54.619949", "action": "login_failed", "user_id": null, "resource": {"username": "asta", "reason": "Invalid username or password"}, "details": {}, "severity": "info", "ip_address": "Unknown", "success": true}
{"id": "b4ecd0cd-8eaf-433a-98e1-f8410b8689ff", "timestamp": "2025-03-10T01:49:55.373785", "action": "login_failed", "user_id": "asta", "resource": null, "details": {"reason": "invalid_password"}, "severity": "info", "ip_address": "Unknown", "success": true}
{"id": "ecea4e10-5052-4475-9127-217db55f32db", "timestamp": "2025-03-10T01:49:55.389157", "action": "login_failed", "user_id": null, "resource": {"username": "asta", "reason": "Invalid username or password"}, "details": {}, "severity": "info", "ip_address": "Unknown", "success": true}
{"id": "41ded978-f749-4f4d-b482-d924aeaa9461", "timestamp": "2025-03-10T01:49:55.649516", "action": "login_failed", "user_id": "asta", "resource": null, "details": {"reason": "invalid_password"}, "severity": "info", "ip_address": "Unknown", "success": true}
{"id": "44e740e6-9446-4086-ab7d-bf27aea318c5", "timestamp": "2025-03-10T01:49:55.663514", "action": "login_failed", "user_id": null, "resource": {"username": "asta", "reason": "Invalid username or password"}, "details": {}, "severity": "info", "ip_address": "Unknown", "success": true}
{"id": "55df9d33-2c5e-4598-b264-17076a181978", "timestamp": "2025-03-10T03:14:47.851105", "action": "login_failed", "user_id": "amdin", "resource": null, "details": {"reason": "user_not_found"}, "severity": "info", "ip_address": "Unknown", "success": true}
{"id": "b9f4c142-aa89-4ce1-90e7-69853d763137", "timestamp": "2025-03-10T03:14:47.862707", "action": "login_failed", "user_id": null, "resource": {"username": "amdin", "reason": "Invalid username or password"}, "details": {}, "severity": "info", "ip_address": "Unknown", "success": true}
{"id": "ee6f340b-980e-4052-aa0f-c57754abc56a", "timestamp": "2025-03-10T03:15:26.541653", "action": "login_success", "user_id": "admin@admin.com", "resource": null, "details": {"session_id": "28b49dc0-4240-451d-820b-539fb66d5450"}, "severity": "info", "ip_address": "Unknown", "success": true}
{"id": "9b996c5b-b5c8-4c4f-ac06-5661544cadff", "timestamp": "2025-03-10T03:15:26.546684", "action": "login_success", "user_id": null, "resource": {"username": "admin@admin.com"}, "details": {}, "severity": "info", "ip_address": "Unknown", "success": true}
{"id": "6d565b2a-166d-4b0c-8b2b-462ce9c26892", "timestamp": "2025-03-10T11:31:15.402703", "action": "login_success", "user_id": "admin@admin.com", "resource": null, "details": {"session_id": "cc0b06c0-5fd9-4255-a870-f222f5785163"}, "severity": "info", "ip_address": "Unknown", "success": true}
{"id": "80831ef9-5292-4d1d-adb0-a19fb4cf2661", "timestamp": "2025-03-10T11:31:15.408708", "action": "login_success", "user_id": null, "resource": {"username": "admin@admin.com"}, "details": {}, "severity": "info", "ip_address": "Unknown", "success": true}
{"id": "f4101022-f206-4a1d-93f3-d9f91298614e", "timestamp": "2025-03-10T11:38:06.516801", "action": "login_failed", "user_id": "admin@admin.com", "resource": null, "details": {"reason": "invalid_password"}, "severity": "info", "ip_address": "Unknown", "success": true}
{"id": "96f18627-7f33-4b94-9618-9d7c229362fc", "timestamp": "2025-03-10T11:38:06.530087", "action": "login_failed", "user_id": null, "resource": {"username": "admin@admin.com", "reason": "Invalid username or password"}, "details": {}, "severity": "info", "ip_address": "Unknown", "success": true}
{"id": "f62b4369-f3a5-42a7-8838-4d4b544d18ce", "timestamp": "2025-03-10T11:38:30.711041", "action": "login_success", "user_id": "admin@admin.com", "resource": null, "details": {"session_id": "a4bc74be-c809-4e83-91cc-5345ceb35244"}, "severity": "info", "ip_address": "Unknown", "success": true}
{"id": "13b80299-d1fa-4c98-adc9-b7d7b3f59aaf", "timestamp": "2025-03-10T11:38:30.717041", "action": "login_success", "user_id": null, "resource": {"username": "admin@admin.com"}, "details": {}, "severity": "info", "ip_address": "Unknown", "success": true}
{"id": "5a102f88-abbb-4bb6-a4db-e60f9668c391", "timestamp": "2025-03-10T11:42:07.556363", "action": "logout", "user_id": "admin@admin.com", "resource": null, "details": {"method": "manual"}, "severity": "info", "ip_address": "Unknown", "success": true}
{"id": "475acec3-0773-4ef3-82ed-ec2314d2af58", "timestamp": "2025-03-10T11:42:08.581106", "action": "user_created", "user_id": "deku", "resource": null, "details": {"email": "deku@example.com", "role": "user", "access_level": "pull"}, "severity": "info", "ip_address": "Unknown", "success": true}
{"id": "1fbbd7ed-baa4-4300-8521-aa3621e3e064", "timestamp": "2025-03-10T11:42:08.626612", "action": "user_created", "user_id": "deku", "resource": null, "details": {"email": "deku@example.com", "role": "user", "access_level": "pull"}, "severity": "info", "ip_address": "Unknown", "success": true}
{"id": "61465e7b-2242-4c71-912f-baadf8fe1e19", "timestamp": "2025-03-10T11:42:08.631092", "action": "user_created", "user_id": "6c7c2686-9b16-4a51-968f-52f4f0f852ec", "resource": {"username": "deku"}, "details": {}, "severity": "info", "ip_address": "Unknown", "success": true}
{"id": "04809d55-f518-4e4e-b1d0-ce70c808c9ef", "timestamp": "2025-03-10T11:42:09.118418", "action": "folder_created", "user_id": "6c7c2686-9b16-4a51-968f-52f4f0f852ec", "resource": {"folder": "users/deku/"}, "details": {}, "severity": "info", "ip_address": "Unknown", "success": true}
{"id": "e7d27b54-163c-4382-a250-334b6e31c446", "timestamp": "2025-03-10T11:42:32.063652", "action": "create_user", "user_id": "admin", "resource": "user:deku", "details": {"role": "user", "access_level": "pull"}, "severity": "info", "ip_address": "Unknown", "success": true}
{"id": "497da1be-3bb9-4fb6-89eb-86c014e1366d", "timestamp": "2025-03-10T11:42:32.573245", "action": "login_failed", "user_id": "asta", "resource": null, "details": {"reason": "invalid_password"}, "severity": "info", "ip_address": "Unknown", "success": true}
{"id": "234c4220-ac86-40ca-822b-9757845383be", "timestamp": "2025-03-10T11:42:32.588209", "action": "login_failed", "user_id": null, "resource": {"username": "asta", "reason": "Invalid username or password"}, "details": {}, "severity": "info", "ip_address": "Unknown", "success": true}
{"id": "ccfd2d0e-cc5c-444c-8a00-c9299d6f303c", "timestamp": "2025-03-10T11:42:37.296078", "action": "login_failed", "user_id": "asta", "resource": null, "details": {"reason": "invalid_password"}, "severity": "info", "ip_address": "Unknown", "success": true}
{"id": "8fdac526-8be7-41a2-854a-fea4ba0faba6", "timestamp": "2025-03-10T11:42:37.308109", "action": "login_failed", "user_id": null, "resource": {"username": "asta", "reason": "Invalid username or password"}, "details": {}, "severity": "info", "ip_address": "Unknown", "success": true}
{"id": "f5eefb4a-48de-4006-83b4-6fe4c5bcfffd", "timestamp": "2025-03-10T11:42:39.237810", "action": "login_failed", "user_id": "asta", "resource": null, "details": {"reason": "invalid_password"}, "severity": "info", "ip_address": "Unknown", "success": true}
{"id": "242d1bfe-a531-4f7f-a350-57c337ee1b3d", "timestamp": "2025-03-10T11:42:39.253330", "action": "login_failed", "user_id": null, "resource": {"username": "asta", "reason": "Invalid username or password"}, "details": {}, "severity": "info", "ip_address": "Unknown", "success": true}
{"id": "af36bb9d-394c-45a7-830c-ca36be90167d", "timestamp": "2025-03-10T11:42:39.542848", "action": "login_failed", "user_id": "asta", "resource": null, "details": {"reason": "invalid_password"}, "severity": "info", "ip_address": "Unknown", "success": true}
{"id": "447ea177-23da-4435-bb44-1df5dee5bb1c", "timestamp": "2025-03-10T11:42:39.556480", "action": "login_failed", "user_id": null, "resource": {"username": "asta", "reason": "Invalid username or password"}, "details": {}, "severity": "info", "ip_address": "Unknown", "success": true}
{"id": "c06bac3b-9101-4891-8956-f5716c60fdc3", "timestamp": "2025-03-10T11:42:39.779170", "action": "login_failed", "user_id": "asta", "resource": null, "details": {"reason": "invalid_password"}, "severity": "info", "ip_address": "Unknown", "success": true}
{"id": "ffeae60f-952d-4b69-996e-f7280fcd2c74", "timestamp": "2025-03-10T11:42:39.792171", "action": "login_failed", "user_id": null, "resource": {"username": "asta", "reason": "Invalid username or password"}, "details": {}, "severity": "info", "ip_address": "Unknown", "success": true}
{"id": "f1bf1f1a-8b54-4587-8cdb-2e732e9a24fc", "timestamp": "2025-03-10T11:42:40.018345", "action": "login_failed", "user_id": "asta", "resource": null, "details": {"reason": "invalid_password"}, "severity": "info", "ip_address": "Unknown", "success": true}
{"id": "b24946f4-bfe1-48c1-98c1-b5f50f3f360e", "timestamp": "2025-03-10T11:42:40.031863", "action": "login_failed", "user_id": null, "resource": {"username": "asta", "reason": "Invalid username or password"}, "details": {}, "severity": "info", "ip_address": "Unknown", "success": true}
{"id": "66d8d52c-5951-4fe8-b659-b2441c547555", "timestamp": "2025-03-10T11:42:40.254785", "action": "login_failed", "user_id": "asta", "resource": null, "details": {"reason": "invalid_password"}, "severity": "info", "ip_address": "Unknown", "success": true}
{"id": "1adf2f81-dcef-492f-b27d-1d7523a4aef4", "timestamp": "2025-03-10T11:42:40.267800", "action": "login_failed", "user_id": null, "resource": {"username": "asta", "reason": "Invalid username or password"}, "details": {}, "severity": "info", "ip_address": "Unknown", "success": true}
{"id": "da5a32b6-ad5b-4c14-b11a-e67f0f73995d", "timestamp": "2025-03-10T11:42:46.315243", "action": "login_success", "user_id": "deku", "resource": null, "details": {"session_id": "697b93eb-be40-47d6-83f8-f5ed669decbc"}, "severity": "info", "ip_address": "Unknown", "success": true}
{"id": "878bcd9b-d540-4bc0-a2cf-103f25c0bf9f", "timestamp": "2025-03-10T11:42:46.320706", "action": "login_success", "user_id": null, "resource": {"username": "deku"}, "details": {}, "severity": "info", "ip_address": "Unknown", "success": true}
{"id": "8a492439-8e96-4d5d-9776-82ffd82d5bcf", "timestamp": "2025-03-10T11:43:19.927299", "action": "login_success", "user_id": "admin@admin.com", "resource": null, "details": {"session_id": "5e0cd595-26ef-4856-94bc-18f2d43bfd6e"}, "severity": "info", "ip_address": "Unknown", "success": true}
{"id": "31567538-6146-41e4-936d-e48c8336eb3e", "timestamp": "2025-03-10T11:43:19.932381", "action": "login_success", "user_id": null, "resource": {"username": "admin@admin.com"}, "details": {}, "severity": "info", "ip_address": "Unknown", "success": true}
{"id": "b6389639-65ed-4562-8326-d4fc2c775157", "timestamp": "2025-03-10T11:46:50.057521", "action": "logout", "user_id": "admin@admin.com", "resource": null, "details": {"method": "manual"}, "severity": "info", "ip_address": "Unknown", "success": true}
{"id": "fb20233e-fea2-4fe7-976d-abf812f8b4a2", "timestamp": "2025-03-10T11:46:51.006344", "action": "login_success", "user_id": "admin@admin.com", "resource": null, "details": {"session_id": "32ce8968-2551-4a37-856f-854d2734844b"}, "severity": "info", "ip_address": "Unknown", "success": true}
{"id": "1482b591-820c-432c-9d6b-28a0a5a22446", "timestamp": "2025-03-10T11:46:51.011811", "action": "login_success", "user_id": null, "resource": {"username": "admin@admin.com"}, "details": {}, "severity": "info", "ip_address": "Unknown", "success": true}
{"id": "b7f1c03d-6f11-4357-881b-5d56f607631c", "timestamp": "2025-03-10T11:51:27.284813", "action": "login_failed", "user_id": "admin@admin.com", "resource": null, "details": {"reason": "invalid_password"}, "severity": "info", "ip_address": "Unknown", "success": true}
{"id": "575c61c9-f813-473d-8510-ff7993a4bb01", "timestamp": "2025-03-10T11:51:27.300082", "action": "login_failed", "user_id": null, "resource": {"username": "admin@admin.com", "reason": "Invalid username or password"}, "details": {}, "severity": "info", "ip_address": "Unknown", "success": true}
{"id": "5801cc15-da53-4379-be4d-8b3417380f09", "timestamp": "2025-03-10T11:51:45.465774", "action": "login_success", "user_id": "admin@admin.com", "resource": null, "details": {"session_id": "6bd752fd-5798-41d0-9d91-9a6f757b7e20"}, "severity": "info", "ip_address": "Unknown", "success": true}
{"id": "9f7d5729-69ca-44d5-80c5-34c998e979ea", "timestamp": "2025-03-10T11:51:45.470826", "action": "login_success", "user_id": null, "resource": {"username": "admin@admin.com"}, "details": {}, "severity": "info", "ip_address": "Unknown", "success": true}
{"id": "a1a9bed3-8bb0-4062-8b81-17251dfce86d", "timestamp": "2025-03-10T11:54:16.297591", "action": "login_success", "user_id": "admin@admin.com", "resource": null, "details": {"session_id": "ffb10b43-1cd7-4834-850f-353bbc351096"}, "severity": "info", "ip_address": "Unknown", "success": true}
{"id": "a1178acd-14ee-4926-a062-933b516c17ed", "timestamp": "2025-03-10T11:54:16.303897", "action": "login_success", "user_id": null, "resource": {"username": "admin@admin.com"}, "details": {}, "severity": "info", "ip_address": "Unknown", "success": true}
{"id": "3dd9cd9f-75bb-44e3-8e59-ffece9337650", "timestamp": "2025-03-10T11:59:57.242625", "action": "login_success", "user_id": "admin@admin.com", "resource": null, "details": {"session_id": "2225448e-48e7-4a22-a891-475c731921fc"}, "severity": "info", "ip_address": "Unknown", "success": true}
{"id": "a4fde0c5-5fd5-4c61-840e-3f624217f613", "timestamp": "2025-03-10T11:59:57.249562", "action": "login_success", "user_id": null, "resource": {"username": "admin@admin.com"}, "details": {}, "severity": "info", "ip_address": "Unknown", "success": true}
{"id": "38671157-53a3-49ac-b7d1-5de59888bd91", "timestamp": "2025-03-10T12:07:34.857144", "action": "logout", "user_id": "admin@admin.com", "resource": null, "details": {"method": "manual"}, "severity": "info", "ip_address": "Unknown", "success": true}
{"id": "c7758665-4b90-4ab2-adf5-59311f568fb2", "timestamp": "2025-03-10T12:07:36.668063", "action": "user_created", "user_id": "luffy", "resource": null, "details": {"email": "luffy@example.com", "role": "user", "access_level": "pull"}, "severity": "info", "ip_address": "Unknown", "success": true}
{"id": "6dab485c-bac5-4cb1-b8a9-6f379617e78d", "timestamp": "2025-03-10T12:07:36.738069", "action": "login_success", "user_id": "admin@admin.com", "resource": null, "details": {"session_id": "9e218da5-0155-493d-98af-322fff38de4f"}, "severity": "info", "ip_address": "Unknown", "success": true}
{"id": "e6322bcd-3148-498a-acd3-bc3eece6a5a0", "timestamp": "2025-03-10T12:07:36.738069", "action": "user_created", "user_id": "luffy", "resource": null, "details": {"email": "luffy@example.com", "role": "user", "access_level": "push"}, "severity": "info", "ip_address": "Unknown", "success": true}
{"id": "adcfeea0-f407-41a9-93ed-40709a551fe8", "timestamp": "2025-03-10T12:07:36.746068", "action": "login_success", "user_id": null, "resource": {"username": "admin@admin.com"}, "details": {}, "severity": "info", "ip_address": "Unknown", "success": true}
{"id": "f3e95193-bb72-4a90-9645-f1d66bd3f290", "timestamp": "2025-03-10T12:10:58.043368", "action": "login_success", "user_id": "admin@admin.com", "resource": null, "details": {"session_id": "1ffa3064-d1c0-4e42-a1ad-fa3151e33a25"}, "severity": "info", "ip_address": "Unknown", "success": true}
{"id": "f05a0f90-e862-4e62-bb94-6b58bb0fce9e", "timestamp": "2025-03-10T12:10:58.047372", "action": "login_success", "user_id": null, "resource": {"username": "admin@admin.com"}, "details": {}, "severity": "info", "ip_address": "Unknown", "success": true}
{"id": "89a1aed2-e004-433c-ad13-fab19d63712f", "timestamp": "2025-03-10T12:14:40.880035", "action": "logout", "user_id": "admin@admin.com", "resource": null, "details": {"method": "manual"}, "severity": "info", "ip_address": "Unknown", "success": true}
{"id": "d0babd77-858e-4116-a6c5-ed54ce895609", "timestamp": "2025-03-10T12:14:41.503717", "action": "login_success", "user_id": "admin@admin.com", "resource": null, "details": {"session_id": "1aca608a-bba5-40bc-87ff-ef1d1f36c99c"}, "severity": "info", "ip_address": "Unknown", "success": true}
{"id": "803e3d8a-f2fa-42f1-ba1a-aefeae5d23e6", "timestamp": "2025-03-10T12:14:41.525728", "action": "login_success", "user_id": null, "resource": {"username": "admin@admin.com"}, "details": {}, "severity": "info", "ip_address": "Unknown", "success": true}
{"id": "03e71ecb-278a-4f94-a054-30044d5c27fa", "timestamp": "2025-03-10T12:19:45.456235", "action": "login_success", "user_id": "admin@admin.com", "resource": null, "details": {"session_id": "c43ab25f-8aaa-49fd-830f-ac2d3dcb2271"}, "severity": "info", "ip_address": "Unknown", "success": true}
{"id": "143a7faf-06b3-46df-b073-8f2f8eb95534", "timestamp": "2025-03-10T12:19:45.472721", "action": "login_success", "user_id": null, "resource": {"username": "admin@admin.com"}, "details": {}, "severity": "info", "ip_address": "Unknown", "success": true}
{"id": "a26e2865-ab71-4e3c-98cc-b290405b29ab", "timestamp": "2025-03-10T12:24:01.652859", "action": "login_success", "user_id": "admin@admin.com", "resource": null, "details": {"session_id": "d9d8e89c-46f0-4e8c-b3ef-04b09b1db9a5"}, "severity": "info", "ip_address": "Unknown", "success": true}
{"id": "281d613d-2b21-4f5e-9675-e5e01a4d667b", "timestamp": "2025-03-10T12:24:01.656859", "action": "login_success", "user_id": null, "resource": {"username": "admin@admin.com"}, "details": {}, "severity": "info", "ip_address": "Unknown", "success": true}
{"id": "abb1da6f-def6-4e06-bf7c-1c467cc625cc", "timestamp": "2025-03-10T12:29:36.039228", "action": "login_success", "user_id": "admin@admin.com", "resource": null, "details": {"session_id": "64421c83-7cc6-48a0-843a-02363caf5267"}, "severity": "info", "ip_address": "Unknown", "success": true}
{"id": "7cf71b0e-5bc7-4001-b5c4-0164f08892c4", "timestamp": "2025-03-10T12:29:36.043879", "action": "login_success", "user_id": null, "resource": {"username": "admin@admin.com"}, "details": {}, "severity": "info", "ip_address": "Unknown", "success": true}
{"id": "356e3abe-bb69-4b78-bd34-f5d8a7f433ba", "timestamp": "2025-03-10T12:39:40.922253", "action": "login_success", "user_id": "admin@admin.com", "resource": null, "details": {"session_id": "dd993480-33a9-49b0-b6a2-2d49509696b6"}, "severity": "info", "ip_address": "Unknown", "success": true}
{"id": "ad42d321-a83d-4574-9231-01d8e43a6a63", "timestamp": "2025-03-10T12:39:40.929282", "action": "login_success", "user_id": null, "resource": {"username": "admin@admin.com"}, "details": {}, "severity": "info", "ip_address": "Unknown", "success": true}
{"id": "c5ec26af-9a89-4dbd-88f3-b6239e99dbae", "timestamp": "2025-03-10T12:42:39.477529", "action": "logout", "user_id": "admin@admin.com", "resource": null, "details": {"method": "manual"}, "severity": "info", "ip_address": "Unknown", "success": true}
{"id": "3d9726ef-db3b-4789-9ee4-4abaa12d5a55", "timestamp": "2025-03-10T12:42:40.054948", "action": "login_success", "user_id": "admin@admin.com", "resource": null, "details": {"session_id": "23f8767c-22e6-491a-a760-578f83d4565c"}, "severity": "info", "ip_address": "Unknown", "success": true}
{"id": "73f1dd31-21eb-4f00-9b82-a117537b7d34", "timestamp": "2025-03-10T12:42:40.068951", "action": "login_success", "user_id": null, "resource": {"username": "admin@admin.com"}, "details": {}, "severity": "info", "ip_address": "Unknown", "success": true}
{"id": "dd31dfd4-fd61-43e4-8032-fe4c89d20062", "timestamp": "2025-03-10T12:46:39.987128", "action": "login_failed", "user_id": "admin@admin.com", "resource": null, "details": {"reason": "invalid_password"}, "severity": "info", "ip_address": "Unknown", "success": true}
{"id": "d45bb8b5-568a-496b-a390-755f3fe9f94c", "timestamp": "2025-03-10T12:46:39.999027", "action": "login_failed", "user_id": null, "resource": {"username": "admin@admin.com", "reason": "Invalid username or password"}, "details": {}, "severity": "info", "ip_address": "Unknown", "success": true}
{"id": "795d0042-a2ff-4f4f-8290-4c68f8c6c9fc", "timestamp": "2025-03-10T12:47:05.433924", "action": "login_success", "user_id": "admin@admin.com", "resource": null, "details": {"session_id": "bfa38932-b52c-4508-b58b-0ed3c7a1dd9b"}, "severity": "info", "ip_address": "Unknown", "success": true}
{"id": "55e2a1db-26dc-4e49-843a-0d1c5558bcf4", "timestamp": "2025-03-10T12:47:05.439937", "action": "login_success", "user_id": null, "resource": {"username": "admin@admin.com"}, "details": {}, "severity": "info", "ip_address": "Unknown", "success": true}
{"id": "538a9e5e-816a-4ec6-b5bf-5b01cba30832", "timestamp": "2025-03-10T12:49:02.022464", "action": "logout", "user_id": "admin@admin.com", "resource": null, "details": {"method": "manual"}, "severity": "info", "ip_address": "Unknown", "success": true}
{"id": "522bad5c-20ca-4d9f-84ff-a46ab02ff905", "timestamp": "2025-03-10T12:49:02.056465", "action": "login_success", "user_id": "admin@admin.com", "resource": null, "details": {"session_id": "a2fc0803-6cb8-466f-a12a-2792b0b2b3eb"}, "severity": "info", "ip_address": "Unknown", "success": true}
{"id": "78abaf65-7482-4f74-bf22-9861f6ed1bef", "timestamp": "2025-03-10T12:49:03.740552", "action": "login_success", "user_id": null, "resource": {"username": "admin@admin.com"}, "details": {}, "severity": "info", "ip_address": "Unknown", "success": true}
{"id": "307aa698-0c3f-4bc6-8ea5-54e720a3963c", "timestamp": "2025-03-10T12:49:03.741565", "action": "user_created", "user_id": "goku", "resource": null, "details": {"email": "goku@example.com", "role": "user", "access_level": "pull"}, "severity": "info", "ip_address": "Unknown", "success": true}
{"id": "dcd4b286-1dd2-4f36-a51a-a81b521acdcf", "timestamp": "2025-03-10T12:49:04.377026", "action": "user_created", "user_id": "goku", "resource": null, "details": {"email": "goku@example.com", "role": "user", "access_level": "pull"}, "severity": "info", "ip_address": "Unknown", "success": true}
{"id": "9687edbd-7898-4c08-8f22-8c5bb11fd64c", "timestamp": "2025-03-10T12:49:05.275619", "action": "user_created", "user_id": "goku", "resource": null, "details": {"email": "goku@example.com", "role": "user", "access_level": "pull"}, "severity": "info", "ip_address": "Unknown", "success": true}
{"id": "7ff4117b-281f-4027-842a-b01298911aa8", "timestamp": "2025-03-10T12:49:05.275619", "action": "user_created", "user_id": "goku", "resource": null, "details": {"email": "goku@example.com", "role": "user", "access_level": "pull"}, "severity": "info", "ip_address": "Unknown", "success": true}
{"id": "176f3327-e54e-45d6-8c93-e019806ff762", "timestamp": "2025-03-10T12:49:05.275619", "action": "user_created", "user_id": "goku", "resource": null, "details": {"email": "goku@example.com", "role": "user", "access_level": "pull"}, "severity": "info", "ip_address": "Unknown", "success": true}
{"id": "8a606f7e-f6e5-495e-a2cb-7b6822d078b5", "timestamp": "2025-03-10T12:49:05.275619", "action": "user_created", "user_id": "goku", "resource": null, "details": {"email": "goku@example.com", "role": "user", "access_level": "pull"}, "severity": "info", "ip_address": "Unknown", "success": true}
{"id": "d90c2b4e-6f23-498f-98f2-d7e3dd8425ca", "timestamp": "2025-03-10T12:49:05.275619", "action": "user_created", "user_id": "goku", "resource": null, "details": {"email": "goku@example.com", "role": "user", "access_level": "pull"}, "severity": "info", "ip_address": "Unknown", "success": true}
{"id": "da687321-d103-44ee-9b1b-27b0bba94d28", "timestamp": "2025-03-10T12:49:05.276620", "action": "user_created", "user_id": "goku", "resource": null, "details": {"email": "goku@example.com", "role": "user", "access_level": "pull"}, "severity": "info", "ip_address": "Unknown", "success": true}
{"id": "e732d2f9-88d3-45c1-bc3f-a58164b5da80", "timestamp": "2025-03-10T12:50:23.822178", "action": "create_user", "user_id": "admin", "resource": "user:goku", "details": {"role": "user", "access_level": "pull"}, "severity": "info", "ip_address": "Unknown", "success": true}
{"id": "6266c2d4-83ee-4068-8573-232c77a0575d", "timestamp": "2025-03-10T12:50:23.847197", "action": "create_user", "user_id": "admin", "resource": "user:goku", "details": {"role": "user", "access_level": "pull"}, "severity": "info", "ip_address": "Unknown", "success": true}
{"id": "14988d60-6711-430c-b36b-769c29332bbb", "timestamp": "2025-03-10T12:50:24.104828", "action": "logout", "user_id": "admin@admin.com", "resource": null, "details": {"method": "manual"}, "severity": "info", "ip_address": "Unknown", "success": true}
{"id": "fed15074-98d7-4a19-90df-dead6f6e2df6", "timestamp": "2025-03-10T12:50:24.220703", "action": "create_user", "user_id": "admin", "resource": "user:goku", "details": {"role": "user", "access_level": "pull"}, "severity": "info", "ip_address": "Unknown", "success": true}
{"id": "83513b39-4be5-4cc8-8cfe-3d9a32a773be", "timestamp": "2025-03-10T12:50:24.237686", "action": "create_user", "user_id": "admin", "resource": "user:goku", "details": {"role": "user", "access_level": "pull"}, "severity": "info", "ip_address": "Unknown", "success": true}
{"id": "13442975-3947-4885-92cd-c9ae831e6433", "timestamp": "2025-03-10T12:50:24.259974", "action": "create_user", "user_id": "admin", "resource": "user:goku", "details": {"role": "user", "access_level": "pull"}, "severity": "info", "ip_address": "Unknown", "success": true}
{"id": "ba0be313-c12d-4742-96bc-b6c587620727", "timestamp": "2025-03-10T12:50:24.274403", "action": "create_user", "user_id": "admin", "resource": "user:goku", "details": {"role": "user", "access_level": "pull"}, "severity": "info", "ip_address": "Unknown", "success": true}
{"id": "f4cc9f77-9b6c-43aa-b943-4901d5081c44", "timestamp": "2025-03-10T12:50:24.287676", "action": "create_user", "user_id": "admin", "resource": "user:goku", "details": {"role": "user", "access_level": "pull"}, "severity": "info", "ip_address": "Unknown", "success": true}
{"id": "99af483b-772e-412e-a5e3-bba5343eef36", "timestamp": "2025-03-10T12:50:24.301027", "action": "create_user", "user_id": "admin", "resource": "user:goku", "details": {"role": "user", "access_level": "pull"}, "severity": "info", "ip_address": "Unknown", "success": true}
{"id": "c3060327-059f-4805-bfbd-e5cd8f0269c9", "timestamp": "2025-03-10T12:50:24.317375", "action": "create_user", "user_id": "admin", "resource": "user:goku", "details": {"role": "user", "access_level": "pull"}, "severity": "info", "ip_address": "Unknown", "success": true}
{"id": "ba912695-3e84-472d-9e4d-f88ad8232a5f", "timestamp": "2025-03-10T12:50:24.335816", "action": "create_user", "user_id": "admin", "resource": "user:goku", "details": {"role": "user", "access_level": "pull"}, "severity": "info", "ip_address": "Unknown", "success": true}
{"id": "6321e94e-82af-4072-b145-88e99c9a1f81", "timestamp": "2025-03-10T12:50:24.353181", "action": "create_user", "user_id": "admin", "resource": "user:goku", "details": {"role": "user", "access_level": "pull"}, "severity": "info", "ip_address": "Unknown", "success": true}
{"id": "6d7fdc9f-0bd7-47ef-bc37-d6c5f302fdf0", "timestamp": "2025-03-10T12:50:24.362671", "action": "create_user", "user_id": "admin", "resource": "user:goku", "details": {"role": "user", "access_level": "pull"}, "severity": "info", "ip_address": "Unknown", "success": true}
{"id": "5329d2ed-0f2c-41d7-921a-e7baf27350c2", "timestamp": "2025-03-10T12:50:24.374740", "action": "create_user", "user_id": "admin", "resource": "user:goku", "details": {"role": "user", "access_level": "pull"}, "severity": "info", "ip_address": "Unknown", "success": true}
{"id": "8bd8d432-3aa4-49a7-98bd-0c039057854b", "timestamp": "2025-03-10T12:50:24.387780", "action": "create_user", "user_id": "admin", "resource": "user:goku", "details": {"role": "user", "access_level": "pull"}, "severity": "info", "ip_address": "Unknown", "success": true}
{"id": "9adaecb4-5482-4ec9-bb73-eff92f657d17", "timestamp": "2025-03-10T12:53:52.444008", "action": "user_created", "user_id": "adarsh", "resource": null, "details": {"email": "adarsh@example.com", "role": "user", "access_level": "push"}, "severity": "info", "ip_address": "Unknown", "success": true}
{"id": "23788c66-1c78-4611-900b-715e8935ff9c", "timestamp": "2025-03-10T12:53:52.448449", "action": "user_created", "user_id": "4e4ec46c-27c6-44bf-972b-b284cef90e8d", "resource": {"username": "adarsh"}, "details": {}, "severity": "info", "ip_address": "Unknown", "success": true}
{"id": "b1643454-965c-4ea5-ad50-bd4a71d3340e", "timestamp": "2025-03-10T12:53:53.079304", "action": "folder_created", "user_id": "4e4ec46c-27c6-44bf-972b-b284cef90e8d", "resource": {"folder": "users/adarsh/"}, "details": {}, "severity": "info", "ip_address": "Unknown", "success": true}
{"id": "4ea75fb6-a02c-43c7-ab6b-d928d6ea52c7", "timestamp": "2025-03-10T12:54:08.347982", "action": "login_success", "user_id": "adarsh", "resource": null, "details": {"session_id": "b5223a87-1a80-4cbd-8dd8-0cd9870c7bad"}, "severity": "info", "ip_address": "Unknown", "success": true}
{"id": "939c4744-bc65-4c31-9276-71c47aa69acd", "timestamp": "2025-03-10T12:54:08.351730", "action": "login_success", "user_id": null, "resource": {"username": "adarsh"}, "details": {}, "severity": "info", "ip_address": "Unknown", "success": true}
{"id": "36d3d391-6196-4e5b-b15e-0db4ef63bc5a", "timestamp": "2025-03-10T12:54:27.862853", "action": "login_success", "user_id": "admin@admin.com", "resource": null, "details": {"session_id": "a64761d8-d652-4404-94f6-d427128cf3f4"}, "severity": "info", "ip_address": "Unknown", "success": true}
{"id": "59cfb1fd-027b-41dd-b633-ad62e907a5c4", "timestamp": "2025-03-10T12:54:27.869296", "action": "login_success", "user_id": null, "resource": {"username": "admin@admin.com"}, "details": {}, "severity": "info", "ip_address": "Unknown", "success": true}
{"id": "30585a84-7a67-4b9f-a061-710cfb1a8026", "timestamp": "2025-03-10T12:55:12.499176", "action": "logout", "user_id": "admin@admin.com", "resource": null, "details": {"method": "manual"}, "severity": "info", "ip_address": "Unknown", "success": true}
{"id": "5732027f-c2cc-41f9-9f53-51d7658666d2", "timestamp": "2025-03-10T12:55:12.569431", "action": "login_success", "user_id": "admin@admin.com", "resource": null, "details": {"session_id": "94dbea6c-2e68-4525-b5fe-85ff1954cc89"}, "severity": "info", "ip_address": "Unknown", "success": true}
{"id": "bfd4445b-8a3b-47a8-9e23-55fbbc7892f3", "timestamp": "2025-03-10T12:55:12.575484", "action": "login_success", "user_id": null, "resource": {"username": "admin@admin.com"}, "details": {}, "severity": "info", "ip_address": "Unknown", "success": true}
{"id": "c2492185-d0df-4f40-9151-508058009f47", "timestamp": "2025-03-10T12:55:56.161599", "action": "logout", "user_id": "admin@admin.com", "resource": null, "details": {"method": "manual"}, "severity": "info", "ip_address": "Unknown", "success": true}
{"id": "0a66a3fe-31c4-4624-9d96-0b4d6ef22518", "timestamp": "2025-03-10T12:55:56.179601", "action": "login_success", "user_id": "admin@admin.com", "resource": null, "details": {"session_id": "f97ed6cc-587b-439e-b2ff-216ee6ca1f2d"}, "severity": "info", "ip_address": "Unknown", "success": true}
{"id": "0bfeee46-ea48-48ed-9602-1d015b990108", "timestamp": "2025-03-10T12:55:56.186599", "action": "login_success", "user_id": null, "resource": {"username": "admin@admin.com"}, "details": {}, "severity": "info", "ip_address": "Unknown", "success": true}
{"id": "ae61ce42-163a-480f-8baa-d0a68dfad9da", "timestamp": "2025-03-10T12:56:43.710714", "action": "logout", "user_id": "admin@admin.com", "resource": null, "details": {"method": "manual"}, "severity": "info", "ip_address": "Unknown", "success": true}
{"id": "192475f1-a493-4cbd-9b7a-d6b72f866def", "timestamp": "2025-03-10T12:56:43.741447", "action": "login_success", "user_id": "admin@admin.com", "resource": null, "details": {"session_id": "facd8dd6-e643-498f-ac1b-65960f7b73bb"}, "severity": "info", "ip_address": "Unknown", "success": true}
{"id": "a03053e9-ff69-49e8-8eef-b401eb5e69f4", "timestamp": "2025-03-10T12:56:43.745574", "action": "login_success", "user_id": null, "resource": {"username": "admin@admin.com"}, "details": {}, "severity": "info", "ip_address": "Unknown", "success": true}
{"id": "201d1623-f5b5-478b-9116-d4c9cc1515da", "timestamp": "2025-03-10T18:52:08.109916", "action": "login_failed", "user_id": "admin@admin.com", "resource": null, "details": {"reason": "invalid_password"}, "severity": "info", "ip_address": "Unknown", "success": true}
{"id": "ddc67d29-73da-4c74-b538-a77969e239a1", "timestamp": "2025-03-10T18:52:08.133981", "action": "login_failed", "user_id": null, "resource": {"username": "admin@admin.com", "reason": "Invalid username or password"}, "details": {}, "severity": "info", "ip_address": "Unknown", "success": true}
{"id": "bbb9d9d7-2cd8-4fd1-a96a-51e815f23b38", "timestamp": "2025-03-10T18:52:15.215561", "action": "login_success", "user_id": "admin@admin.com", "resource": null, "details": {"session_id": "000767a1-4d8a-454b-ad0e-05aeef498c4d"}, "severity": "info", "ip_address": "Unknown", "success": true}
{"id": "063e3631-2e70-4e72-803a-9b9341aafc9f", "timestamp": "2025-03-10T18:52:15.226644", "action": "login_success", "user_id": null, "resource": {"username": "admin@admin.com"}, "details": {}, "severity": "info", "ip_address": "Unknown", "success": true}
{"id": "015047b1-fbac-4014-8104-49303774f798", "timestamp": "2025-03-10T18:58:34.893088", "action": "user_created", "user_id": "demon", "resource": null, "details": {"email": "demon@example.com", "role": "user", "access_level": "push"}, "severity": "info", "ip_address": "Unknown", "success": true}
{"id": "65858c58-cf97-4515-9810-f3faf1e615d8", "timestamp": "2025-03-10T18:58:34.904764", "action": "user_created", "user_id": "0a8d7312-11a2-4c60-bac2-0895d64b8508", "resource": {"username": "demon"}, "details": {}, "severity": "info", "ip_address": "Unknown", "success": true}
{"id": "da22ca05-fdd2-4bd2-8415-9dc9370fa764", "timestamp": "2025-03-10T18:58:35.763161", "action": "folder_created", "user_id": "0a8d7312-11a2-4c60-bac2-0895d64b8508", "resource": {"folder": "users/demon/"}, "details": {}, "severity": "info", "ip_address": "Unknown", "success": true}
{"id": "6dc60f5b-1db6-4387-b86b-17e7366d338a", "timestamp": "2025-03-10T18:59:02.351107", "action": "login_success", "user_id": "admin@admin.com", "resource": null, "details": {"session_id": "5c9033da-de68-4808-9e6b-e4676053b279"}, "severity": "info", "ip_address": "Unknown", "success": true}
{"id": "36d4c72c-236e-4665-8882-4a72db5b6d71", "timestamp": "2025-03-10T18:59:02.362162", "action": "login_success", "user_id": null, "resource": {"username": "admin@admin.com"}, "details": {}, "severity": "info", "ip_address": "Unknown", "success": true}
{"id": "47a929bf-6c9c-4dd1-a030-1cafc9afc7d8", "timestamp": "2025-03-10T19:02:19.523757", "action": "login_success", "user_id": "admin@admin.com", "resource": null, "details": {"session_id": "11d827cf-04e7-4e71-a649-a9762379c792"}, "severity": "info", "ip_address": "Unknown", "success": true}
{"id": "ba021fcd-90f3-4914-a07d-6e4fc6242a20", "timestamp": "2025-03-10T19:02:19.534136", "action": "login_success", "user_id": null, "resource": {"username": "admin@admin.com"}, "details": {}, "severity": "info", "ip_address": "Unknown", "success": true}
{"id": "bf196eb4-4a4b-42a2-9abb-1307472f4f8d", "timestamp": "2025-03-10T19:03:22.104721", "action": "logout", "user_id": "admin@admin.com", "resource": null, "details": {"method": "manual"}, "severity": "info", "ip_address": "Unknown", "success": true}
{"id": "248a8ea5-0e80-4f00-8cce-81acae8c0717", "timestamp": "2025-03-10T19:03:22.220958", "action": "login_success", "user_id": "admin@admin.com", "resource": null, "details": {"session_id": "571b97c3-874a-4431-bd4e-bb59b50f6ced"}, "severity": "info", "ip_address": "Unknown", "success": true}
{"id": "6498bb4b-2bab-4c9b-b697-227e9292b839", "timestamp": "2025-03-10T19:03:22.238235", "action": "login_success", "user_id": null, "resource": {"username": "admin@admin.com"}, "details": {}, "severity": "info", "ip_address": "Unknown", "success": true}
{"id": "3b2e1477-ac92-47ee-bbac-7aee375d843a", "timestamp": "2025-03-10T19:03:33.420692", "action": "user_created", "user_id": "chotu", "resource": null, "details": {"email": "chotu@example.com", "role": "user", "access_level": "pull"}, "severity": "info", "ip_address": "Unknown", "success": true}
{"id": "b4144a25-a3e8-424c-8dcb-79908c648bd2", "timestamp": "2025-03-10T19:03:33.439900", "action": "logout", "user_id": "admin@admin.com", "resource": null, "details": {"method": "manual"}, "severity": "info", "ip_address": "Unknown", "success": true}
{"id": "473f62aa-1297-4d2d-92ef-66235a37b792", "timestamp": "2025-03-10T19:03:33.512667", "action": "login_success", "user_id": "admin@admin.com", "resource": null, "details": {"session_id": "bc614022-1eec-48a0-a764-0977498269b5"}, "severity": "info", "ip_address": "Unknown", "success": true}
{"id": "6d6a3de3-8ce6-40e7-a64e-61dcc87263c0", "timestamp": "2025-03-10T19:03:33.531423", "action": "login_success", "user_id": null, "resource": {"username": "admin@admin.com"}, "details": {}, "severity": "info", "ip_address": "Unknown", "success": true}
{"id": "c8b3c1aa-a2fe-4b49-a8f1-c8d11a49e8f8", "timestamp": "2025-03-10T19:12:06.395499", "action": "login_success", "user_id": "admin@admin.com", "resource": null, "details": {"session_id": "6bb4d6a4-317b-4907-888e-823bc1bed55f"}, "severity": "info", "ip_address": "Unknown", "success": true}
{"id": "8817f324-1918-4569-85bf-e5799c3d8ded", "timestamp": "2025-03-10T19:12:06.407567", "action": "login_success", "user_id": null, "resource": {"username": "admin@admin.com"}, "details": {}, "severity": "info", "ip_address": "Unknown", "success": true}
{"id": "2e957163-fdee-4fd3-b04c-86b0322f18d9", "timestamp": "2025-03-10T19:19:51.863690", "action": "login_success", "user_id": "admin@admin.com", "resource": null, "details": {"session_id": "3acd58f1-de84-4bc3-8341-173f42f94728"}, "severity": "info", "ip_address": "Unknown", "success": true}
{"id": "bf63a976-a4e7-4126-8421-b89301be93f3", "timestamp": "2025-03-10T19:19:51.873204", "action": "login_success", "user_id": null, "resource": {"username": "admin@admin.com"}, "details": {}, "severity": "info", "ip_address": "Unknown", "success": true}
{"id": "136ac5c3-d301-47fb-929e-1e49ab50db3a", "timestamp": "2025-03-10T19:25:07.374459", "action": "login_success", "user_id": "admin@admin.com", "resource": null, "details": {"session_id": "05709299-10c6-4bb6-81c2-e1f17a0fb8be"}, "severity": "info", "ip_address": "Unknown", "success": true}
{"id": "4a906f21-356d-483a-b32c-ecad50c89c36", "timestamp": "2025-03-10T19:25:07.387499", "action": "login_success", "user_id": null, "resource": {"username": "admin@admin.com"}, "details": {}, "severity": "info", "ip_address": "Unknown", "success": true}
{"id": "5a66c634-d115-44d1-ab62-eefd944b1555", "timestamp": "2025-03-10T19:42:00.455708", "action": "login_success", "user_id": "admin@admin.com", "resource": null, "details": {"session_id": "58089d2e-0c1d-4520-9200-1fbdf625fe08"}, "severity": "info", "ip_address": "Unknown", "success": true}
{"id": "78d55cdc-4394-41e9-ae7d-20ee9bc2d08f", "timestamp": "2025-03-10T19:42:00.462162", "action": "login_success", "user_id": null, "resource": {"username": "admin@admin.com"}, "details": {}, "severity": "info", "ip_address": "Unknown", "success": true}
{"id": "a92da521-cc18-423d-985a-9b522659ffc0", "timestamp": "2025-03-10T20:10:59.687231", "action": "login_success", "user_id": "admin@admin.com", "resource": null, "details": {"session_id": "74cc0d39-b972-4497-927c-4a20fb7fc6ef"}, "severity": "info", "ip_address": "Unknown", "success": true}
{"id": "695ffbec-d960-40b5-8e29-dd0fcbedaca3", "timestamp": "2025-03-10T20:10:59.694763", "action": "login_success", "user_id": null, "resource": {"username": "admin@admin.com"}, "details": {}, "severity": "info", "ip_address": "Unknown", "success": true}
{"id": "bb364254-0710-4257-a4df-ce2c2ac7160d", "timestamp": "2025-03-10T20:11:56.763627", "action": "logout", "user_id": "admin@admin.com", "resource": null, "details": {"method": "manual"}, "severity": "info", "ip_address": "Unknown", "success": true}
{"id": "ee7065ee-3f18-44e5-a4e1-1726c0adf3dd", "timestamp": "2025-03-10T20:11:57.973914", "action": "user_created", "user_id": "alphax", "resource": null, "details": {"email": "alphax@example.com", "role": "user", "access_level": "pull"}, "severity": "info", "ip_address": "Unknown", "success": true}
{"id": "44c86edc-168e-4a2c-bdfc-d2f738bd7ec1", "timestamp": "2025-03-10T20:11:57.986323", "action": "user_created", "user_id": "b758e77f-d058-4e8d-bde7-13864555014a", "resource": {"username": "alphax"}, "details": {}, "severity": "info", "ip_address": "Unknown", "success": true}
{"id": "95b30c09-ca81-44d7-bbf5-e765c6947109", "timestamp": "2025-03-10T20:11:58.896156", "action": "folder_created", "user_id": "b758e77f-d058-4e8d-bde7-13864555014a", "resource": {"folder": "users/alphax/"}, "details": {}, "severity": "info", "ip_address": "Unknown", "success": true}
{"id": "4c891fb2-dfd9-4011-bc19-fee49dfd61a3", "timestamp": "2025-03-10T20:12:28.264684", "action": "login_success", "user_id": "soham", "resource": null, "details": {"session_id": "c3fcc881-7d43-4144-977e-16160efd4d50"}, "severity": "info", "ip_address": "Unknown", "success": true}
{"id": "4b1632ee-a661-405a-b74c-a208a22e41a4", "timestamp": "2025-03-10T20:12:28.276297", "action": "login_success", "user_id": null, "resource": {"username": "soham"}, "details": {}, "severity": "info", "ip_address": "Unknown", "success": true}
