{"id": "2cdf4c2f-48d1-4cb4-9e12-faeaa4dbcad3", "timestamp": "2025-03-23T00:04:13.136357", "action": "login_success", "user_id": "test_pull", "resource": null, "details": {"session_id": "ba6aec33-be1f-467f-b977-b6d0d3b0a931"}, "severity": "info", "ip_address": "Unknown", "success": true}
{"id": "f8dfe779-8c0c-4eb9-87d2-d894f6b2fce9", "timestamp": "2025-03-23T00:04:13.143605", "action": "login_success", "user_id": null, "resource": {"username": "test_pull"}, "details": {}, "severity": "info", "ip_address": "Unknown", "success": true}
{"id": "7060fcbe-d421-44a6-af26-30a060dfaa87", "timestamp": "2025-03-23T00:17:08.754597", "action": "login_success", "user_id": "test_pull", "resource": null, "details": {"session_id": "3a71d6a5-72e5-441d-9f45-78c5404f078c"}, "severity": "info", "ip_address": "Unknown", "success": true}
{"id": "cd7bfd70-fee0-4765-ae33-1f9f6a41fe86", "timestamp": "2025-03-23T00:17:08.759416", "action": "login_success", "user_id": null, "resource": {"username": "test_pull"}, "details": {}, "severity": "info", "ip_address": "Unknown", "success": true}
{"id": "0894af82-a8ca-4cc0-a8f3-81a09ba3bcc2", "timestamp": "2025-03-23T00:20:26.462624", "action": "login_success", "user_id": "test_pull", "resource": null, "details": {"session_id": "6d077fba-b5c2-4eca-b421-e985642e8703"}, "severity": "info", "ip_address": "Unknown", "success": true}
{"id": "5258fd39-40ea-4516-b635-6edece02362b", "timestamp": "2025-03-23T00:20:26.470679", "action": "login_success", "user_id": null, "resource": {"username": "test_pull"}, "details": {}, "severity": "info", "ip_address": "Unknown", "success": true}
{"id": "dc632f3c-f4fc-4a22-8c21-90c105aab51f", "timestamp": "2025-03-23T00:24:49.410200", "action": "login_success", "user_id": "test_pull", "resource": null, "details": {"session_id": "e2aa0572-c224-4435-8da9-ed509f7a0f85"}, "severity": "info", "ip_address": "Unknown", "success": true}
{"id": "cba57149-47e2-4a77-9ed9-0950ed3f87d5", "timestamp": "2025-03-23T00:24:49.416721", "action": "login_success", "user_id": null, "resource": {"username": "test_pull"}, "details": {}, "severity": "info", "ip_address": "Unknown", "success": true}
{"id": "7bf619f0-5499-4c68-9c6a-c6ae50155380", "timestamp": "2025-03-23T00:35:52.487503", "action": "login_success", "user_id": "test_pull", "resource": null, "details": {"session_id": "b8150dfe-8d30-4532-a0aa-d1794a40fd65"}, "severity": "info", "ip_address": "Unknown", "success": true}
{"id": "af184e23-a39b-4295-9b0a-02b5f244317b", "timestamp": "2025-03-23T00:35:52.494508", "action": "login_success", "user_id": null, "resource": {"username": "test_pull"}, "details": {}, "severity": "info", "ip_address": "Unknown", "success": true}
{"id": "b96e36af-6731-4fd6-85ff-454e48773e64", "timestamp": "2025-03-23T00:36:53.632027", "action": "login_success", "user_id": "admin@admin.com", "resource": null, "details": {"session_id": "b866826a-57b0-446d-8b79-61b67633d8a8"}, "severity": "info", "ip_address": "Unknown", "success": true}
{"id": "b1ea6034-1f13-4cdd-a739-8f5a04970c19", "timestamp": "2025-03-23T00:36:53.636724", "action": "login_success", "user_id": null, "resource": {"username": "admin@admin.com"}, "details": {}, "severity": "info", "ip_address": "Unknown", "success": true}
{"id": "30dfd230-c752-44ee-843c-0660b0514f99", "timestamp": "2025-03-23T00:37:21.259942", "action": "logout", "user_id": "admin@admin.com", "resource": null, "details": {"method": "manual"}, "severity": "info", "ip_address": "Unknown", "success": true}
{"id": "1cb24db9-6c1b-470b-a7d8-1d537f529cbb", "timestamp": "2025-03-23T00:37:21.324456", "action": "login_success", "user_id": "admin@admin.com", "resource": null, "details": {"session_id": "acd2ae70-05d9-43e6-af1f-978298ed742b"}, "severity": "info", "ip_address": "Unknown", "success": true}
{"id": "510a8527-857d-46be-9b75-8cf50b697252", "timestamp": "2025-03-23T00:37:21.328967", "action": "login_success", "user_id": null, "resource": {"username": "admin@admin.com"}, "details": {}, "severity": "info", "ip_address": "Unknown", "success": true}
{"id": "4762b281-55ef-49d4-aee3-448f0512f611", "timestamp": "2025-03-23T00:37:25.182466", "action": "logout", "user_id": "admin@admin.com", "resource": null, "details": {"method": "manual"}, "severity": "info", "ip_address": "Unknown", "success": true}
{"id": "8f73fbf8-70c5-4b40-a16f-4876f7a9f45d", "timestamp": "2025-03-23T00:37:25.279832", "action": "login_success", "user_id": "admin@admin.com", "resource": null, "details": {"session_id": "bae9f2ab-838f-469b-99ab-dd0b5368ae24"}, "severity": "info", "ip_address": "Unknown", "success": true}
{"id": "cd5f415d-9312-49a9-964f-e7296b8a94b8", "timestamp": "2025-03-23T00:37:25.289355", "action": "login_success", "user_id": null, "resource": {"username": "admin@admin.com"}, "details": {}, "severity": "info", "ip_address": "Unknown", "success": true}
{"id": "f437e2e1-a08c-428d-87db-885a0be7144c", "timestamp": "2025-03-23T00:37:42.521637", "action": "logout", "user_id": "admin@admin.com", "resource": null, "details": {"method": "manual"}, "severity": "info", "ip_address": "Unknown", "success": true}
{"id": "8266f8a5-5332-43f3-83c5-7ab9a6d1d441", "timestamp": "2025-03-23T00:37:42.849719", "action": "login_success", "user_id": "test_pull", "resource": null, "details": {"session_id": "97b2c35c-5042-4dde-8a5c-cdacadaaf790"}, "severity": "info", "ip_address": "Unknown", "success": true}
{"id": "55e6e6f8-04d9-4dde-9ca8-0697b4c510ee", "timestamp": "2025-03-23T00:37:42.855093", "action": "login_success", "user_id": null, "resource": {"username": "test_pull"}, "details": {}, "severity": "info", "ip_address": "Unknown", "success": true}
{"id": "7c5c6632-7367-425b-87fe-cbd4f7d101d2", "timestamp": "2025-03-23T01:04:00.108042", "action": "login_success", "user_id": "test_pull", "resource": null, "details": {"session_id": "c8cc8372-d371-47eb-9752-3123835dc022"}, "severity": "info", "ip_address": "Unknown", "success": true}
{"id": "907e3960-c9b1-498a-accb-49e2ab9e4176", "timestamp": "2025-03-23T01:04:00.115052", "action": "login_success", "user_id": null, "resource": {"username": "test_pull"}, "details": {}, "severity": "info", "ip_address": "Unknown", "success": true}
{"id": "255e9516-057c-45f9-8d21-d603b76418b4", "timestamp": "2025-03-23T01:18:09.011461", "action": "login_failed", "user_id": "tes_pull", "resource": null, "details": {"reason": "user_not_found"}, "severity": "info", "ip_address": "Unknown", "success": true}
{"id": "bd158ee1-6463-4202-86b5-4cc709b22541", "timestamp": "2025-03-23T01:18:09.026062", "action": "login_failed", "user_id": null, "resource": {"username": "tes_pull", "reason": "Invalid username or password"}, "details": {}, "severity": "info", "ip_address": "Unknown", "success": true}
{"id": "2beb0b6d-33d7-4778-8105-09e98a00e493", "timestamp": "2025-03-23T01:18:21.177927", "action": "login_failed", "user_id": "tes_pull", "resource": null, "details": {"reason": "user_not_found"}, "severity": "info", "ip_address": "Unknown", "success": true}
{"id": "bd218679-1384-4e1b-a350-ceebb8ae9699", "timestamp": "2025-03-23T01:18:21.197955", "action": "login_failed", "user_id": null, "resource": {"username": "tes_pull", "reason": "Invalid username or password"}, "details": {}, "severity": "info", "ip_address": "Unknown", "success": true}
{"id": "62877b71-86e5-4f85-8e3f-1bee590b747f", "timestamp": "2025-03-23T01:18:24.178473", "action": "login_failed", "user_id": "tes_pull", "resource": null, "details": {"reason": "user_not_found"}, "severity": "info", "ip_address": "Unknown", "success": true}
{"id": "bccc608b-7734-4b5c-a747-53d9de24deeb", "timestamp": "2025-03-23T01:18:24.197929", "action": "login_failed", "user_id": null, "resource": {"username": "tes_pull", "reason": "Invalid username or password"}, "details": {}, "severity": "info", "ip_address": "Unknown", "success": true}
{"id": "ccd74c38-1671-491e-95e5-64ab99c730bc", "timestamp": "2025-03-23T01:18:30.319354", "action": "login_success", "user_id": "test_pull", "resource": null, "details": {"session_id": "d5645b31-eab5-4d9f-af0b-a8c117d20f41"}, "severity": "info", "ip_address": "Unknown", "success": true}
{"id": "6dfe1c12-dc90-4162-ad05-58fb5653bf34", "timestamp": "2025-03-23T01:18:30.332866", "action": "login_success", "user_id": null, "resource": {"username": "test_pull"}, "details": {}, "severity": "info", "ip_address": "Unknown", "success": true}
{"id": "1da39112-e582-4842-b45a-43c488982f40", "timestamp": "2025-03-23T01:18:33.023414", "action": "login_success", "user_id": "test_pull", "resource": null, "details": {"session_id": "30ae5ba7-b817-4ef2-9974-ccfd386115f6"}, "severity": "info", "ip_address": "Unknown", "success": true}
{"id": "1386ccf0-d3f2-4961-a2c1-132a74109f5e", "timestamp": "2025-03-23T01:18:33.037916", "action": "login_success", "user_id": null, "resource": {"username": "test_pull"}, "details": {}, "severity": "info", "ip_address": "Unknown", "success": true}
{"id": "821cdd42-eaee-4daf-a7a6-f60f752bb5d4", "timestamp": "2025-03-23T01:18:34.446519", "action": "login_success", "user_id": "test_pull", "resource": null, "details": {"session_id": "fb847500-2fe4-4784-92a5-d8fc1edb2150"}, "severity": "info", "ip_address": "Unknown", "success": true}
{"id": "aedc1013-b869-48fc-823b-e12899293574", "timestamp": "2025-03-23T01:18:34.473056", "action": "login_success", "user_id": null, "resource": {"username": "test_pull"}, "details": {}, "severity": "info", "ip_address": "Unknown", "success": true}
{"id": "8bac6d01-a2a7-4acc-a3dd-0cc699dfd61c", "timestamp": "2025-03-23T01:18:35.214737", "action": "login_success", "user_id": "test_pull", "resource": null, "details": {"session_id": "54503fa8-6be3-48a6-a83a-93eb52f92184"}, "severity": "info", "ip_address": "Unknown", "success": true}
{"id": "1fead530-a33c-49bd-882b-8f0f086cf55d", "timestamp": "2025-03-23T01:18:35.228950", "action": "login_success", "user_id": null, "resource": {"username": "test_pull"}, "details": {}, "severity": "info", "ip_address": "Unknown", "success": true}
{"id": "0935f42a-3183-4dd7-8e4d-cbb36a10a64b", "timestamp": "2025-03-23T01:19:55.548793", "action": "login_success", "user_id": "test_pull", "resource": null, "details": {"session_id": "a1caf467-7463-4f5e-a217-8b52ba98c44a"}, "severity": "info", "ip_address": "Unknown", "success": true}
{"id": "8776f65d-2ce5-4d2b-b3e6-616611ddf91e", "timestamp": "2025-03-23T01:19:55.568307", "action": "login_success", "user_id": null, "resource": {"username": "test_pull"}, "details": {}, "severity": "info", "ip_address": "Unknown", "success": true}
{"id": "5e69fe94-6c14-43bd-bd01-a385110cc084", "timestamp": "2025-03-23T01:21:01.262899", "action": "login_success", "user_id": "test_pull", "resource": null, "details": {"session_id": "884e7245-2244-4f5d-82ed-b6d350b05072"}, "severity": "info", "ip_address": "Unknown", "success": true}
{"id": "921cc0c3-2c03-4a09-8556-9a60090f9850", "timestamp": "2025-03-23T01:21:01.268899", "action": "login_success", "user_id": null, "resource": {"username": "test_pull"}, "details": {}, "severity": "info", "ip_address": "Unknown", "success": true}
{"id": "657f2942-fae4-4542-a24f-2654b6bf9747", "timestamp": "2025-03-23T01:33:10.369430", "action": "login_success", "user_id": "soham", "resource": null, "details": {"session_id": "ff989d10-06b4-45fc-94b5-34dc75ef5b79"}, "severity": "info", "ip_address": "Unknown", "success": true}
{"id": "7e023e40-cbbb-4794-8725-2a976d590626", "timestamp": "2025-03-23T01:33:10.376434", "action": "login_success", "user_id": null, "resource": {"username": "soham"}, "details": {}, "severity": "info", "ip_address": "Unknown", "success": true}
{"id": "9a6017b1-11f8-4b10-b79a-8af20cb020c8", "timestamp": "2025-03-23T01:40:33.926039", "action": "user_created", "user_id": "john", "resource": null, "details": {"email": "john@example.com", "role": "user", "access_level": "both"}, "severity": "info", "ip_address": "Unknown", "success": true}
{"id": "a2901b63-05e8-45a8-8acc-d646a13a80e4", "timestamp": "2025-03-23T01:40:33.930076", "action": "user_created", "user_id": "416b3d43-897e-4a51-9647-42b141045a86", "resource": {"username": "john"}, "details": {}, "severity": "info", "ip_address": "Unknown", "success": true}
{"id": "5e46e80c-f630-4b54-8773-b0a9a4b77eb9", "timestamp": "2025-03-23T01:40:34.303393", "action": "folder_created", "user_id": "416b3d43-897e-4a51-9647-42b141045a86", "resource": {"folder": "users/john/"}, "details": {}, "severity": "info", "ip_address": "Unknown", "success": true}
{"id": "e87ff5b2-8569-4d4a-891d-c2d1b4d56c77", "timestamp": "2025-03-23T01:40:46.836995", "action": "login_success", "user_id": "admin@admin.com", "resource": null, "details": {"session_id": "5d86e8be-7b05-494d-9e7e-9c5304955a78"}, "severity": "info", "ip_address": "Unknown", "success": true}
{"id": "581347e4-2829-49fa-851e-875645944559", "timestamp": "2025-03-23T01:40:46.844207", "action": "login_success", "user_id": null, "resource": {"username": "admin@admin.com"}, "details": {}, "severity": "info", "ip_address": "Unknown", "success": true}
{"id": "66e48471-01f4-4b5a-877d-dddebe471474", "timestamp": "2025-03-23T01:40:57.021284", "action": "logout", "user_id": "admin@admin.com", "resource": null, "details": {"method": "manual"}, "severity": "info", "ip_address": "Unknown", "success": true}
{"id": "dec7b69f-80db-44b1-9e5d-3725c8b1adcb", "timestamp": "2025-03-23T01:40:57.090174", "action": "login_success", "user_id": "admin@admin.com", "resource": null, "details": {"session_id": "07d539e1-26b8-483b-912c-af579988caa7"}, "severity": "info", "ip_address": "Unknown", "success": true}
{"id": "1664c7d2-4b4b-4d25-889b-b3f63536ef16", "timestamp": "2025-03-23T01:40:57.094176", "action": "login_success", "user_id": null, "resource": {"username": "admin@admin.com"}, "details": {}, "severity": "info", "ip_address": "Unknown", "success": true}
{"id": "ed8c93a2-c362-40b1-94f9-f3851b1c3667", "timestamp": "2025-03-23T01:41:23.968153", "action": "logout", "user_id": "admin@admin.com", "resource": null, "details": {"method": "manual"}, "severity": "info", "ip_address": "Unknown", "success": true}
{"id": "720b5f65-2c3e-462c-88b9-9b637981db28", "timestamp": "2025-03-23T01:41:24.006293", "action": "login_success", "user_id": "admin@admin.com", "resource": null, "details": {"session_id": "0b5a427b-5799-42b1-bdcd-786c85099415"}, "severity": "info", "ip_address": "Unknown", "success": true}
{"id": "61fd1cf7-c5fd-4b59-bdcf-5976f878bf24", "timestamp": "2025-03-23T01:41:24.013294", "action": "login_success", "user_id": null, "resource": {"username": "admin@admin.com"}, "details": {}, "severity": "info", "ip_address": "Unknown", "success": true}
{"id": "702ff4d7-a8a9-4d77-a102-4a83829b3e1f", "timestamp": "2025-03-23T01:41:27.853958", "action": "logout", "user_id": "admin@admin.com", "resource": null, "details": {"method": "manual"}, "severity": "info", "ip_address": "Unknown", "success": true}
{"id": "b830a8f5-6857-4099-ba58-d389750ae70a", "timestamp": "2025-03-23T01:41:27.903328", "action": "login_success", "user_id": "admin@admin.com", "resource": null, "details": {"session_id": "544d135d-0ea9-473f-94e1-e9664750a886"}, "severity": "info", "ip_address": "Unknown", "success": true}
{"id": "66cfb57b-a93f-4448-a56c-44d393969cd9", "timestamp": "2025-03-23T01:41:27.910220", "action": "login_success", "user_id": null, "resource": {"username": "admin@admin.com"}, "details": {}, "severity": "info", "ip_address": "Unknown", "success": true}
